2024-11-26 12:09:51,502   INFO   Training starts!
2024-11-26 12:09:52,287   INFO   
Epoch:[1]	 Train loss=1.066206693649.
Epoch:[1]	 Valid loss=1.080133914948.

2024-11-26 12:09:53,132   INFO   
Epoch:[2]	 Train loss=1.013393163681.
Epoch:[2]	 Valid loss=1.061580777168.

2024-11-26 12:09:54,086   INFO   
Epoch:[3]	 Train loss=0.968916505575.
Epoch:[3]	 Valid loss=0.951270520687.

2024-11-26 12:09:55,217   INFO   
Epoch:[4]	 Train loss=0.877352356911.
Epoch:[4]	 Valid loss=0.893983423710.

2024-11-26 12:09:56,137   INFO   
Epoch:[5]	 Train loss=0.915357112885.
Epoch:[5]	 Valid loss=0.965656399727.

2024-11-26 12:09:57,003   INFO   
Epoch:[6]	 Train loss=0.878497600555.
Epoch:[6]	 Valid loss=0.842658102512.

2024-11-26 12:09:57,790   INFO   
Epoch:[7]	 Train loss=0.829901516438.
Epoch:[7]	 Valid loss=0.964703857899.

2024-11-26 12:09:58,587   INFO   
Epoch:[8]	 Train loss=0.849115967751.
Epoch:[8]	 Valid loss=0.844438612461.

2024-11-26 12:09:59,593   INFO   
Epoch:[9]	 Train loss=0.777112275362.
Epoch:[9]	 Valid loss=0.814061164856.

2024-11-26 12:10:00,388   INFO   
Epoch:[10]	 Train loss=0.746228307486.
Epoch:[10]	 Valid loss=0.800108790398.

2024-11-26 12:10:01,166   INFO   
Epoch:[11]	 Train loss=0.751619488001.
Epoch:[11]	 Valid loss=0.823800504208.

2024-11-26 12:10:01,973   INFO   
Epoch:[12]	 Train loss=0.739430516958.
Epoch:[12]	 Valid loss=0.791704177856.

2024-11-26 12:10:02,769   INFO   
Epoch:[13]	 Train loss=0.734869450331.
Epoch:[13]	 Valid loss=0.798013687134.

2024-11-26 12:10:03,571   INFO   
Epoch:[14]	 Train loss=0.715058743954.
Epoch:[14]	 Valid loss=0.905425250530.

2024-11-26 12:10:04,524   INFO   
Epoch:[15]	 Train loss=0.818959236145.
Epoch:[15]	 Valid loss=0.805700957775.

2024-11-26 12:10:05,407   INFO   
Epoch:[16]	 Train loss=0.710242778063.
Epoch:[16]	 Valid loss=0.779225349426.

2024-11-26 12:10:06,286   INFO   
Epoch:[17]	 Train loss=0.687589794397.
Epoch:[17]	 Valid loss=0.773024618626.

2024-11-26 12:10:07,152   INFO   
Epoch:[18]	 Train loss=0.684423923492.
Epoch:[18]	 Valid loss=0.782221972942.

2024-11-26 12:10:08,035   INFO   
Epoch:[19]	 Train loss=0.698556810617.
Epoch:[19]	 Valid loss=0.799690544605.

2024-11-26 12:10:08,977   INFO   
Epoch:[20]	 Train loss=0.693747401237.
Epoch:[20]	 Valid loss=0.775585174561.

2024-11-26 12:10:10,010   INFO   
Epoch:[21]	 Train loss=0.666210025549.
Epoch:[21]	 Valid loss=0.769942343235.

2024-11-26 12:10:10,984   INFO   
Epoch:[22]	 Train loss=0.671213299036.
Epoch:[22]	 Valid loss=0.764458894730.

2024-11-26 12:10:12,060   INFO   
Epoch:[23]	 Train loss=0.662781029940.
Epoch:[23]	 Valid loss=0.820701897144.

2024-11-26 12:10:12,988   INFO   
Epoch:[24]	 Train loss=0.734488815069.
Epoch:[24]	 Valid loss=0.801261067390.

2024-11-26 12:10:13,876   INFO   
Epoch:[25]	 Train loss=0.668601185083.
Epoch:[25]	 Valid loss=0.764694869518.

2024-11-26 12:10:14,789   INFO   
Epoch:[26]	 Train loss=0.641736119986.
Epoch:[26]	 Valid loss=0.765520274639.

2024-11-26 12:10:15,819   INFO   
Epoch:[27]	 Train loss=0.651383221149.
Epoch:[27]	 Valid loss=0.758076131344.

2024-11-26 12:10:16,924   INFO   
Epoch:[28]	 Train loss=0.634608417749.
Epoch:[28]	 Valid loss=0.765867531300.

2024-11-26 12:10:18,104   INFO   
Epoch:[29]	 Train loss=0.695494890213.
Epoch:[29]	 Valid loss=0.912280738354.

2024-11-26 12:10:19,108   INFO   
Epoch:[30]	 Train loss=0.743108183146.
Epoch:[30]	 Valid loss=0.762939631939.

2024-11-26 12:10:20,084   INFO   
Epoch:[31]	 Train loss=0.639968365431.
Epoch:[31]	 Valid loss=0.755326032639.

2024-11-26 12:10:21,132   INFO   
Epoch:[32]	 Train loss=0.626533001661.
Epoch:[32]	 Valid loss=0.753139436245.

2024-11-26 12:10:22,050   INFO   
Epoch:[33]	 Train loss=0.624760955572.
Epoch:[33]	 Valid loss=0.753889203072.

2024-11-26 12:10:22,963   INFO   
Epoch:[34]	 Train loss=0.619309157133.
Epoch:[34]	 Valid loss=0.756971895695.

2024-11-26 12:10:23,922   INFO   
Epoch:[35]	 Train loss=0.635793089867.
Epoch:[35]	 Valid loss=0.816666901112.

2024-11-26 12:10:24,913   INFO   
Epoch:[36]	 Train loss=0.705871790648.
Epoch:[36]	 Valid loss=0.810223937035.

2024-11-26 12:10:26,183   INFO   
Epoch:[37]	 Train loss=0.650733649731.
Epoch:[37]	 Valid loss=0.744990527630.

2024-11-26 12:10:27,294   INFO   
Epoch:[38]	 Train loss=0.612533658743.
Epoch:[38]	 Valid loss=0.741438746452.

2024-11-26 12:10:28,317   INFO   
Epoch:[39]	 Train loss=0.604578465223.
Epoch:[39]	 Valid loss=0.745496392250.

2024-11-26 12:10:29,323   INFO   
Epoch:[40]	 Train loss=0.608195543289.
Epoch:[40]	 Valid loss=0.758973121643.

2024-11-26 12:10:30,566   INFO   
Epoch:[41]	 Train loss=0.631094783545.
Epoch:[41]	 Valid loss=0.795819222927.

2024-11-26 12:10:31,721   INFO   
Epoch:[42]	 Train loss=0.660305708647.
Epoch:[42]	 Valid loss=0.771216332912.

2024-11-26 12:10:32,742   INFO   
Epoch:[43]	 Train loss=0.614250332117.
Epoch:[43]	 Valid loss=0.743086040020.

2024-11-26 12:10:33,755   INFO   
Epoch:[44]	 Train loss=0.594459205866.
Epoch:[44]	 Valid loss=0.741028964520.

2024-11-26 12:10:34,737   INFO   
Epoch:[45]	 Train loss=0.592116117477.
Epoch:[45]	 Valid loss=0.745114624500.

2024-11-26 12:10:35,825   INFO   
Epoch:[46]	 Train loss=0.600639343262.
Epoch:[46]	 Valid loss=0.765798568726.

2024-11-26 12:10:36,809   INFO   
Epoch:[47]	 Train loss=0.638875871897.
Epoch:[47]	 Valid loss=0.848319590092.

2024-11-26 12:10:37,705   INFO   
Epoch:[48]	 Train loss=0.676916986704.
Epoch:[48]	 Valid loss=0.736352801323.

2024-11-26 12:10:38,604   INFO   
Epoch:[49]	 Train loss=0.591541677713.
Epoch:[49]	 Valid loss=0.730452120304.

2024-11-26 12:10:39,496   INFO   
Epoch:[50]	 Train loss=0.578667193651.
Epoch:[50]	 Valid loss=0.729271531105.

2024-11-26 12:10:40,417   INFO   
Epoch:[51]	 Train loss=0.575252771378.
Epoch:[51]	 Valid loss=0.731155514717.

2024-11-26 12:10:41,347   INFO   
Epoch:[52]	 Train loss=0.582574456930.
Epoch:[52]	 Valid loss=0.735779404640.

2024-11-26 12:10:42,304   INFO   
Epoch:[53]	 Train loss=0.598328590393.
Epoch:[53]	 Valid loss=0.839536428452.

2024-11-26 12:10:43,206   INFO   
Epoch:[54]	 Train loss=0.726327240467.
Epoch:[54]	 Valid loss=0.765131771564.

2024-11-26 12:10:44,123   INFO   
Epoch:[55]	 Train loss=0.600818246603.
Epoch:[55]	 Valid loss=0.729812264442.

2024-11-26 12:10:45,043   INFO   
Epoch:[56]	 Train loss=0.576093226671.
Epoch:[56]	 Valid loss=0.726663947105.

2024-11-26 12:10:46,007   INFO   
Epoch:[57]	 Train loss=0.566997706890.
Epoch:[57]	 Valid loss=0.724635720253.

2024-11-26 12:10:46,999   INFO   
Epoch:[58]	 Train loss=0.561965107918.
Epoch:[58]	 Valid loss=0.723180949688.

2024-11-26 12:10:47,969   INFO   
Epoch:[59]	 Train loss=0.561559230089.
Epoch:[59]	 Valid loss=0.732070744038.

2024-11-26 12:10:49,025   INFO   
Epoch:[60]	 Train loss=0.592037856579.
Epoch:[60]	 Valid loss=0.850315153599.

2024-11-26 12:10:50,056   INFO   
Epoch:[61]	 Train loss=0.707529604435.
Epoch:[61]	 Valid loss=0.736430823803.

2024-11-26 12:10:51,045   INFO   
Epoch:[62]	 Train loss=0.577198088169.
Epoch:[62]	 Valid loss=0.720925271511.

2024-11-26 12:10:52,133   INFO   
Epoch:[63]	 Train loss=0.558992296457.
Epoch:[63]	 Valid loss=0.718061387539.

2024-11-26 12:10:53,207   INFO   
Epoch:[64]	 Train loss=0.551655799150.
Epoch:[64]	 Valid loss=0.718852221966.

2024-11-26 12:10:54,359   INFO   
Epoch:[65]	 Train loss=0.550377249718.
Epoch:[65]	 Valid loss=0.722212910652.

2024-11-26 12:10:55,536   INFO   
Epoch:[66]	 Train loss=0.562543481588.
Epoch:[66]	 Valid loss=0.787016510963.

2024-11-26 12:10:56,522   INFO   
Epoch:[67]	 Train loss=0.671748608351.
Epoch:[67]	 Valid loss=0.792194306850.

2024-11-26 12:10:57,469   INFO   
Epoch:[68]	 Train loss=0.605725824833.
Epoch:[68]	 Valid loss=0.717403173447.

2024-11-26 12:10:58,406   INFO   
Epoch:[69]	 Train loss=0.552188694477.
Epoch:[69]	 Valid loss=0.712716639042.

2024-11-26 12:10:59,373   INFO   
Epoch:[70]	 Train loss=0.542020142078.
Epoch:[70]	 Valid loss=0.712619125843.

2024-11-26 12:11:00,334   INFO   
Epoch:[71]	 Train loss=0.541045397520.
Epoch:[71]	 Valid loss=0.720115423203.

2024-11-26 12:11:01,397   INFO   
Epoch:[72]	 Train loss=0.558674156666.
Epoch:[72]	 Valid loss=0.780860662460.

2024-11-26 12:11:02,409   INFO   
Epoch:[73]	 Train loss=0.648609429598.
Epoch:[73]	 Valid loss=0.757885873318.

2024-11-26 12:11:03,356   INFO   
Epoch:[74]	 Train loss=0.574480831623.
Epoch:[74]	 Valid loss=0.716123998165.

2024-11-26 12:11:04,298   INFO   
Epoch:[75]	 Train loss=0.539589494467.
Epoch:[75]	 Valid loss=0.711465537548.

2024-11-26 12:11:05,252   INFO   
Epoch:[76]	 Train loss=0.534407660365.
Epoch:[76]	 Valid loss=0.714955449104.

2024-11-26 12:11:06,316   INFO   
Epoch:[77]	 Train loss=0.541553080082.
Epoch:[77]	 Valid loss=0.744543731213.

2024-11-26 12:11:07,302   INFO   
Epoch:[78]	 Train loss=0.594699293375.
Epoch:[78]	 Valid loss=0.787158191204.

2024-11-26 12:11:08,306   INFO   
Epoch:[79]	 Train loss=0.608608335257.
Epoch:[79]	 Valid loss=0.716305077076.

2024-11-26 12:11:09,298   INFO   
Epoch:[80]	 Train loss=0.536726564169.
Epoch:[80]	 Valid loss=0.707631349564.

2024-11-26 12:11:10,286   INFO   
Epoch:[81]	 Train loss=0.525420412421.
Epoch:[81]	 Valid loss=0.709305346012.

2024-11-26 12:11:11,414   INFO   
Epoch:[82]	 Train loss=0.530980497599.
Epoch:[82]	 Valid loss=0.723066508770.

2024-11-26 12:11:12,534   INFO   
Epoch:[83]	 Train loss=0.559184581041.
Epoch:[83]	 Valid loss=0.786047518253.

2024-11-26 12:11:13,589   INFO   
Epoch:[84]	 Train loss=0.617902278900.
Epoch:[84]	 Valid loss=0.720459043980.

2024-11-26 12:11:15,288   INFO   
Epoch:[85]	 Train loss=0.536191016436.
Epoch:[85]	 Valid loss=0.704169213772.

2024-11-26 12:11:16,498   INFO   
Epoch:[86]	 Train loss=0.516711860895.
Epoch:[86]	 Valid loss=0.701812744141.

2024-11-26 12:11:17,618   INFO   
Epoch:[87]	 Train loss=0.517564907670.
Epoch:[87]	 Valid loss=0.702346503735.

2024-11-26 12:11:18,715   INFO   
Epoch:[88]	 Train loss=0.523974448442.
Epoch:[88]	 Valid loss=0.730023324490.

2024-11-26 12:11:19,762   INFO   
Epoch:[89]	 Train loss=0.576122701168.
Epoch:[89]	 Valid loss=0.813677608967.

2024-11-26 12:11:20,806   INFO   
Epoch:[90]	 Train loss=0.624453574419.
Epoch:[90]	 Valid loss=0.698764979839.

2024-11-26 12:11:21,849   INFO   
Epoch:[91]	 Train loss=0.519783526659.
Epoch:[91]	 Valid loss=0.696043133736.

2024-11-26 12:11:23,047   INFO   
Epoch:[92]	 Train loss=0.506957769394.
Epoch:[92]	 Valid loss=0.696912705898.

2024-11-26 12:11:24,147   INFO   
Epoch:[93]	 Train loss=0.510352730751.
Epoch:[93]	 Valid loss=0.718732237816.

2024-11-26 12:11:25,290   INFO   
Epoch:[94]	 Train loss=0.544372841716.
Epoch:[94]	 Valid loss=0.828097641468.

2024-11-26 12:11:26,395   INFO   
Epoch:[95]	 Train loss=0.597137808800.
Epoch:[95]	 Valid loss=0.714840710163.

2024-11-26 12:11:27,473   INFO   
Epoch:[96]	 Train loss=0.519081562757.
Epoch:[96]	 Valid loss=0.688810169697.

2024-11-26 12:11:28,583   INFO   
Epoch:[97]	 Train loss=0.493296012282.
Epoch:[97]	 Valid loss=0.685316026211.

2024-11-26 12:11:29,768   INFO   
Epoch:[98]	 Train loss=0.490355849266.
Epoch:[98]	 Valid loss=0.706755280495.

2024-11-26 12:11:30,890   INFO   
Epoch:[99]	 Train loss=0.567805022001.
Epoch:[99]	 Valid loss=0.864831864834.

2024-11-26 12:11:31,940   INFO   
Epoch:[100]	 Train loss=0.648639589548.
Epoch:[100]	 Valid loss=0.692314445972.

2024-11-26 12:11:31,940   INFO   Training is done!
