2024-11-26 16:50:06,529   INFO   Training starts!
2024-11-26 16:50:09,970   INFO   
Epoch:[1]	 Train loss=0.676805612288.
Epoch:[1]	 Valid loss=0.642540168762.

2024-11-26 16:50:10,228   INFO   
Epoch:[2]	 Train loss=0.648530734213.
Epoch:[2]	 Valid loss=0.613674187660.

2024-11-26 16:50:10,474   INFO   
Epoch:[3]	 Train loss=0.629508507879.
Epoch:[3]	 Valid loss=0.595280134678.

2024-11-26 16:50:10,721   INFO   
Epoch:[4]	 Train loss=0.608811714147.
Epoch:[4]	 Valid loss=0.580553436279.

2024-11-26 16:50:10,967   INFO   
Epoch:[5]	 Train loss=0.600838215728.
Epoch:[5]	 Valid loss=0.578247189522.

2024-11-26 16:50:11,221   INFO   
Epoch:[6]	 Train loss=0.597803310344.
Epoch:[6]	 Valid loss=0.573462927341.

2024-11-26 16:50:11,475   INFO   
Epoch:[7]	 Train loss=0.593281987466.
Epoch:[7]	 Valid loss=0.565523338318.

2024-11-26 16:50:11,721   INFO   
Epoch:[8]	 Train loss=0.577049230274.
Epoch:[8]	 Valid loss=0.553583765030.

2024-11-26 16:50:11,965   INFO   
Epoch:[9]	 Train loss=0.575244571033.
Epoch:[9]	 Valid loss=0.546767020226.

2024-11-26 16:50:12,262   INFO   
Epoch:[10]	 Train loss=0.574930454555.
Epoch:[10]	 Valid loss=0.549147188663.

2024-11-26 16:50:12,508   INFO   
Epoch:[11]	 Train loss=0.565770808019.
Epoch:[11]	 Valid loss=0.540916335583.

2024-11-26 16:50:12,754   INFO   
Epoch:[12]	 Train loss=0.562160517040.
Epoch:[12]	 Valid loss=0.534326279163.

2024-11-26 16:50:13,000   INFO   
Epoch:[13]	 Train loss=0.558793616922.
Epoch:[13]	 Valid loss=0.529521727562.

2024-11-26 16:50:13,259   INFO   
Epoch:[14]	 Train loss=0.548117248636.
Epoch:[14]	 Valid loss=0.521901547909.

2024-11-26 16:50:13,499   INFO   
Epoch:[15]	 Train loss=0.545563035890.
Epoch:[15]	 Valid loss=0.530568075180.

2024-11-26 16:50:13,749   INFO   
Epoch:[16]	 Train loss=0.544627227281.
Epoch:[16]	 Valid loss=0.517611074448.

2024-11-26 16:50:13,987   INFO   
Epoch:[17]	 Train loss=0.536308727766.
Epoch:[17]	 Valid loss=0.522882449627.

2024-11-26 16:50:14,228   INFO   
Epoch:[18]	 Train loss=0.537813537999.
Epoch:[18]	 Valid loss=0.528749275208.

2024-11-26 16:50:14,529   INFO   
Epoch:[19]	 Train loss=0.535610067217.
Epoch:[19]	 Valid loss=0.531287193298.

2024-11-26 16:50:14,767   INFO   
Epoch:[20]	 Train loss=0.535977137716.
Epoch:[20]	 Valid loss=0.533421909809.

2024-11-26 16:50:15,006   INFO   
Epoch:[21]	 Train loss=0.531288915559.
Epoch:[21]	 Valid loss=0.522558212280.

2024-11-26 16:50:15,264   INFO   
Epoch:[22]	 Train loss=0.530970851057.
Epoch:[22]	 Valid loss=0.512977290154.

2024-11-26 16:50:15,512   INFO   
Epoch:[23]	 Train loss=0.523897942744.
Epoch:[23]	 Valid loss=0.510113251209.

2024-11-26 16:50:15,756   INFO   
Epoch:[24]	 Train loss=0.522945187594.
Epoch:[24]	 Valid loss=0.505610597134.

2024-11-26 16:50:15,995   INFO   
Epoch:[25]	 Train loss=0.518832733757.
Epoch:[25]	 Valid loss=0.516238570213.

2024-11-26 16:50:16,235   INFO   
Epoch:[26]	 Train loss=0.512340112736.
Epoch:[26]	 Valid loss=0.533020305634.

2024-11-26 16:50:16,475   INFO   
Epoch:[27]	 Train loss=0.509389949472.
Epoch:[27]	 Valid loss=0.513200592995.

2024-11-26 16:50:16,714   INFO   
Epoch:[28]	 Train loss=0.502199627851.
Epoch:[28]	 Valid loss=0.518398094177.

2024-11-26 16:50:16,953   INFO   
Epoch:[29]	 Train loss=0.502327442169.
Epoch:[29]	 Valid loss=0.515903341770.

2024-11-26 16:50:17,190   INFO   
Epoch:[30]	 Train loss=0.500180663247.
Epoch:[30]	 Valid loss=0.544420266151.

2024-11-26 16:50:17,428   INFO   
Epoch:[31]	 Train loss=0.491405444710.
Epoch:[31]	 Valid loss=0.514035022259.

2024-11-26 16:50:17,667   INFO   
Epoch:[32]	 Train loss=0.502503878192.
Epoch:[32]	 Valid loss=0.548171746731.

2024-11-26 16:50:17,965   INFO   
Epoch:[33]	 Train loss=0.509044951514.
Epoch:[33]	 Valid loss=0.515118312836.

2024-11-26 16:50:18,219   INFO   
Epoch:[34]	 Train loss=0.502927908772.
Epoch:[34]	 Valid loss=0.499854862690.

2024-11-26 16:50:18,465   INFO   
Epoch:[35]	 Train loss=0.498290178023.
Epoch:[35]	 Valid loss=0.497746676207.

2024-11-26 16:50:18,704   INFO   
Epoch:[36]	 Train loss=0.495574050828.
Epoch:[36]	 Valid loss=0.504981958866.

2024-11-26 16:50:18,950   INFO   
Epoch:[37]	 Train loss=0.497490136247.
Epoch:[37]	 Valid loss=0.488851326704.

2024-11-26 16:50:19,206   INFO   
Epoch:[38]	 Train loss=0.491337669523.
Epoch:[38]	 Valid loss=0.486604470015.

2024-11-26 16:50:19,447   INFO   
Epoch:[39]	 Train loss=0.489029835714.
Epoch:[39]	 Valid loss=0.495906662941.

2024-11-26 16:50:19,684   INFO   
Epoch:[40]	 Train loss=0.480007102615.
Epoch:[40]	 Valid loss=0.538110673428.

2024-11-26 16:50:19,924   INFO   
Epoch:[41]	 Train loss=0.481301160235.
Epoch:[41]	 Valid loss=0.510269761086.

2024-11-26 16:50:20,162   INFO   
Epoch:[42]	 Train loss=0.475076570323.
Epoch:[42]	 Valid loss=0.517639708519.

2024-11-26 16:50:20,400   INFO   
Epoch:[43]	 Train loss=0.474446324926.
Epoch:[43]	 Valid loss=0.538548290730.

2024-11-26 16:50:20,640   INFO   
Epoch:[44]	 Train loss=0.475878332791.
Epoch:[44]	 Valid loss=0.508606261015.

2024-11-26 16:50:20,879   INFO   
Epoch:[45]	 Train loss=0.473314434290.
Epoch:[45]	 Valid loss=0.498364502192.

2024-11-26 16:50:21,119   INFO   
Epoch:[46]	 Train loss=0.466009935266.
Epoch:[46]	 Valid loss=0.501492613554.

2024-11-26 16:50:21,358   INFO   
Epoch:[47]	 Train loss=0.469586507270.
Epoch:[47]	 Valid loss=0.518006515503.

2024-11-26 16:50:21,665   INFO   
Epoch:[48]	 Train loss=0.472974861923.
Epoch:[48]	 Valid loss=0.526481974125.

2024-11-26 16:50:21,909   INFO   
Epoch:[49]	 Train loss=0.472099870443.
Epoch:[49]	 Valid loss=0.520696830750.

2024-11-26 16:50:22,157   INFO   
Epoch:[50]	 Train loss=0.468618854096.
Epoch:[50]	 Valid loss=0.482063132524.

2024-11-26 16:50:22,396   INFO   
Epoch:[51]	 Train loss=0.476526050191.
Epoch:[51]	 Valid loss=0.546991729736.

2024-11-26 16:50:22,635   INFO   
Epoch:[52]	 Train loss=0.473987924425.
Epoch:[52]	 Valid loss=0.528668534756.

2024-11-26 16:50:22,875   INFO   
Epoch:[53]	 Train loss=0.465256091795.
Epoch:[53]	 Valid loss=0.509543621540.

2024-11-26 16:50:23,115   INFO   
Epoch:[54]	 Train loss=0.466435863783.
Epoch:[54]	 Valid loss=0.533074748516.

2024-11-26 16:50:23,355   INFO   
Epoch:[55]	 Train loss=0.465800548855.
Epoch:[55]	 Valid loss=0.541850566864.

2024-11-26 16:50:23,594   INFO   
Epoch:[56]	 Train loss=0.468317573008.
Epoch:[56]	 Valid loss=0.526331317425.

2024-11-26 16:50:23,832   INFO   
Epoch:[57]	 Train loss=0.464316827686.
Epoch:[57]	 Valid loss=0.515893769264.

2024-11-26 16:50:24,071   INFO   
Epoch:[58]	 Train loss=0.460023625901.
Epoch:[58]	 Valid loss=0.553317904472.

2024-11-26 16:50:24,310   INFO   
Epoch:[59]	 Train loss=0.459481109130.
Epoch:[59]	 Valid loss=0.541674959660.

2024-11-26 16:50:24,549   INFO   
Epoch:[60]	 Train loss=0.459227226282.
Epoch:[60]	 Valid loss=0.510331606865.

2024-11-26 16:50:24,790   INFO   
Epoch:[61]	 Train loss=0.454834249459.
Epoch:[61]	 Valid loss=0.525339353085.

2024-11-26 16:50:25,029   INFO   
Epoch:[62]	 Train loss=0.451733250367.
Epoch:[62]	 Valid loss=0.540852952003.

2024-11-26 16:50:25,328   INFO   
Epoch:[63]	 Train loss=0.454071052765.
Epoch:[63]	 Valid loss=0.521082198620.

2024-11-26 16:50:25,567   INFO   
Epoch:[64]	 Train loss=0.453258230498.
Epoch:[64]	 Valid loss=0.557712376118.

2024-11-26 16:50:25,806   INFO   
Epoch:[65]	 Train loss=0.459071750704.
Epoch:[65]	 Valid loss=0.511379992962.

2024-11-26 16:50:26,045   INFO   
Epoch:[66]	 Train loss=0.457136925898.
Epoch:[66]	 Valid loss=0.508165353537.

2024-11-26 16:50:26,295   INFO   
Epoch:[67]	 Train loss=0.459723002032.
Epoch:[67]	 Valid loss=0.479350721836.

2024-11-26 16:50:26,541   INFO   
Epoch:[68]	 Train loss=0.456218084222.
Epoch:[68]	 Valid loss=0.477947592735.

2024-11-26 16:50:26,787   INFO   
Epoch:[69]	 Train loss=0.454469682355.
Epoch:[69]	 Valid loss=0.470035541058.

2024-11-26 16:50:27,026   INFO   
Epoch:[70]	 Train loss=0.447874710748.
Epoch:[70]	 Valid loss=0.480749708414.

2024-11-26 16:50:27,267   INFO   
Epoch:[71]	 Train loss=0.447557257979.
Epoch:[71]	 Valid loss=0.486904335022.

2024-11-26 16:50:27,506   INFO   
Epoch:[72]	 Train loss=0.452622617546.
Epoch:[72]	 Valid loss=0.479725235701.

2024-11-26 16:50:27,745   INFO   
Epoch:[73]	 Train loss=0.452023739878.
Epoch:[73]	 Valid loss=0.481463974714.

2024-11-26 16:50:27,984   INFO   
Epoch:[74]	 Train loss=0.448604417475.
Epoch:[74]	 Valid loss=0.478573977947.

2024-11-26 16:50:28,284   INFO   
Epoch:[75]	 Train loss=0.442397825028.
Epoch:[75]	 Valid loss=0.482897883654.

2024-11-26 16:50:28,523   INFO   
Epoch:[76]	 Train loss=0.442197333825.
Epoch:[76]	 Valid loss=0.496312588453.

2024-11-26 16:50:28,763   INFO   
Epoch:[77]	 Train loss=0.441737025976.
Epoch:[77]	 Valid loss=0.486410516500.

2024-11-26 16:50:29,001   INFO   
Epoch:[78]	 Train loss=0.445126044123.
Epoch:[78]	 Valid loss=0.472812539339.

2024-11-26 16:50:29,240   INFO   
Epoch:[79]	 Train loss=0.444176181367.
Epoch:[79]	 Valid loss=0.475168830156.

2024-11-26 16:50:29,480   INFO   
Epoch:[80]	 Train loss=0.440017155911.
Epoch:[80]	 Valid loss=0.471861439943.

2024-11-26 16:50:29,720   INFO   
Epoch:[81]	 Train loss=0.433799704439.
Epoch:[81]	 Valid loss=0.479890680313.

2024-11-26 16:50:29,959   INFO   
Epoch:[82]	 Train loss=0.441991785639.
Epoch:[82]	 Valid loss=0.476089507341.

2024-11-26 16:50:30,275   INFO   
Epoch:[83]	 Train loss=0.439682646802.
Epoch:[83]	 Valid loss=0.477233147621.

2024-11-26 16:50:30,513   INFO   
Epoch:[84]	 Train loss=0.429353726538.
Epoch:[84]	 Valid loss=0.499999147654.

2024-11-26 16:50:30,752   INFO   
Epoch:[85]	 Train loss=0.429950028658.
Epoch:[85]	 Valid loss=0.488459265232.

2024-11-26 16:50:30,992   INFO   
Epoch:[86]	 Train loss=0.439432393563.
Epoch:[86]	 Valid loss=0.478132104874.

2024-11-26 16:50:31,255   INFO   
Epoch:[87]	 Train loss=0.437017307470.
Epoch:[87]	 Valid loss=0.469945710897.

2024-11-26 16:50:31,493   INFO   
Epoch:[88]	 Train loss=0.439136867460.
Epoch:[88]	 Valid loss=0.488064545393.

2024-11-26 16:50:31,731   INFO   
Epoch:[89]	 Train loss=0.424346276020.
Epoch:[89]	 Valid loss=0.484928220510.

2024-11-26 16:50:31,970   INFO   
Epoch:[90]	 Train loss=0.425544087824.
Epoch:[90]	 Valid loss=0.475522971153.

2024-11-26 16:50:32,210   INFO   
Epoch:[91]	 Train loss=0.427296354582.
Epoch:[91]	 Valid loss=0.475567692518.

2024-11-26 16:50:32,450   INFO   
Epoch:[92]	 Train loss=0.419721043424.
Epoch:[92]	 Valid loss=0.489627707005.

2024-11-26 16:50:32,689   INFO   
Epoch:[93]	 Train loss=0.415729014497.
Epoch:[93]	 Valid loss=0.486257624626.

2024-11-26 16:50:32,928   INFO   
Epoch:[94]	 Train loss=0.412124694962.
Epoch:[94]	 Valid loss=0.481310957670.

2024-11-26 16:50:33,168   INFO   
Epoch:[95]	 Train loss=0.419844120741.
Epoch:[95]	 Valid loss=0.473010700941.

2024-11-26 16:50:33,465   INFO   
Epoch:[96]	 Train loss=0.418383080708.
Epoch:[96]	 Valid loss=0.475099641085.

2024-11-26 16:50:33,706   INFO   
Epoch:[97]	 Train loss=0.414967882006.
Epoch:[97]	 Valid loss=0.474579489231.

2024-11-26 16:50:33,946   INFO   
Epoch:[98]	 Train loss=0.417054290834.
Epoch:[98]	 Valid loss=0.474091851711.

2024-11-26 16:50:34,187   INFO   
Epoch:[99]	 Train loss=0.413209524594.
Epoch:[99]	 Valid loss=0.476148599386.

2024-11-26 16:50:34,426   INFO   
Epoch:[100]	 Train loss=0.413182857789.
Epoch:[100]	 Valid loss=0.475322788954.

2024-11-26 16:50:34,665   INFO   
Epoch:[101]	 Train loss=0.404881397360.
Epoch:[101]	 Valid loss=0.486261069775.

2024-11-26 16:50:34,904   INFO   
Epoch:[102]	 Train loss=0.407026505784.
Epoch:[102]	 Valid loss=0.476155740023.

2024-11-26 16:50:35,143   INFO   
Epoch:[103]	 Train loss=0.406761600783.
Epoch:[103]	 Valid loss=0.482856309414.

2024-11-26 16:50:35,384   INFO   
Epoch:[104]	 Train loss=0.402564941268.
Epoch:[104]	 Valid loss=0.496413081884.

2024-11-26 16:50:35,622   INFO   
Epoch:[105]	 Train loss=0.406410494917.
Epoch:[105]	 Valid loss=0.496248722076.

2024-11-26 16:50:35,861   INFO   
Epoch:[106]	 Train loss=0.408161207249.
Epoch:[106]	 Valid loss=0.493146556616.

2024-11-26 16:50:36,101   INFO   
Epoch:[107]	 Train loss=0.410162772003.
Epoch:[107]	 Valid loss=0.489142912626.

2024-11-26 16:50:36,341   INFO   
Epoch:[108]	 Train loss=0.411790832093.
Epoch:[108]	 Valid loss=0.472906935215.

2024-11-26 16:50:36,581   INFO   
Epoch:[109]	 Train loss=0.412954631605.
Epoch:[109]	 Valid loss=0.478681951761.

2024-11-26 16:50:36,821   INFO   
Epoch:[110]	 Train loss=0.394285956496.
Epoch:[110]	 Valid loss=0.488490909338.

2024-11-26 16:50:37,060   INFO   
Epoch:[111]	 Train loss=0.399628744314.
Epoch:[111]	 Valid loss=0.484946626425.

2024-11-26 16:50:37,300   INFO   
Epoch:[112]	 Train loss=0.396403475812.
Epoch:[112]	 Valid loss=0.481052994728.

2024-11-26 16:50:37,607   INFO   
Epoch:[113]	 Train loss=0.398183632838.
Epoch:[113]	 Valid loss=0.467792528868.

2024-11-26 16:50:37,846   INFO   
Epoch:[114]	 Train loss=0.397037648841.
Epoch:[114]	 Valid loss=0.471120160818.

2024-11-26 16:50:38,088   INFO   
Epoch:[115]	 Train loss=0.394130204853.
Epoch:[115]	 Valid loss=0.479400295019.

2024-11-26 16:50:38,328   INFO   
Epoch:[116]	 Train loss=0.396021275144.
Epoch:[116]	 Valid loss=0.475172650814.

2024-11-26 16:50:38,566   INFO   
Epoch:[117]	 Train loss=0.390063914813.
Epoch:[117]	 Valid loss=0.482737731934.

2024-11-26 16:50:38,805   INFO   
Epoch:[118]	 Train loss=0.387735994239.
Epoch:[118]	 Valid loss=0.491792345047.

2024-11-26 16:50:39,046   INFO   
Epoch:[119]	 Train loss=0.386573733468.
Epoch:[119]	 Valid loss=0.491920042038.

2024-11-26 16:50:39,284   INFO   
Epoch:[120]	 Train loss=0.386332068004.
Epoch:[120]	 Valid loss=0.486713325977.

2024-11-26 16:50:39,524   INFO   
Epoch:[121]	 Train loss=0.383067245546.
Epoch:[121]	 Valid loss=0.487489390373.

2024-11-26 16:50:39,823   INFO   
Epoch:[122]	 Train loss=0.379814733016.
Epoch:[122]	 Valid loss=0.487820863724.

2024-11-26 16:50:40,063   INFO   
Epoch:[123]	 Train loss=0.379740031142.
Epoch:[123]	 Valid loss=0.488334339857.

2024-11-26 16:50:40,303   INFO   
Epoch:[124]	 Train loss=0.382793161430.
Epoch:[124]	 Valid loss=0.501696980000.

2024-11-26 16:50:40,542   INFO   
Epoch:[125]	 Train loss=0.383856163213.
Epoch:[125]	 Valid loss=0.509277844429.

2024-11-26 16:50:40,785   INFO   
Epoch:[126]	 Train loss=0.380243927240.
Epoch:[126]	 Valid loss=0.484466958046.

2024-11-26 16:50:41,038   INFO   
Epoch:[127]	 Train loss=0.377713620663.
Epoch:[127]	 Valid loss=0.484797817469.

2024-11-26 16:50:41,277   INFO   
Epoch:[128]	 Train loss=0.378098354528.
Epoch:[128]	 Valid loss=0.485441195965.

2024-11-26 16:50:41,524   INFO   
Epoch:[129]	 Train loss=0.373421505878.
Epoch:[129]	 Valid loss=0.496084481478.

2024-11-26 16:50:41,766   INFO   
Epoch:[130]	 Train loss=0.369671057714.
Epoch:[130]	 Valid loss=0.493587708473.

2024-11-26 16:50:42,004   INFO   
Epoch:[131]	 Train loss=0.379766403060.
Epoch:[131]	 Valid loss=0.497096848488.

2024-11-26 16:50:42,242   INFO   
Epoch:[132]	 Train loss=0.370283162908.
Epoch:[132]	 Valid loss=0.494616794586.

2024-11-26 16:50:42,492   INFO   
Epoch:[133]	 Train loss=0.372416121395.
Epoch:[133]	 Valid loss=0.504580378532.

2024-11-26 16:50:42,736   INFO   
Epoch:[134]	 Train loss=0.369582386393.
Epoch:[134]	 Valid loss=0.506856513023.

2024-11-26 16:50:42,973   INFO   
Epoch:[135]	 Train loss=0.371709790669.
Epoch:[135]	 Valid loss=0.506571054459.

2024-11-26 16:50:43,211   INFO   
Epoch:[136]	 Train loss=0.366416789983.
Epoch:[136]	 Valid loss=0.507274699211.

2024-11-26 16:50:43,451   INFO   
Epoch:[137]	 Train loss=0.364668504188.
Epoch:[137]	 Valid loss=0.495440417528.

2024-11-26 16:50:43,689   INFO   
Epoch:[138]	 Train loss=0.368802175710.
Epoch:[138]	 Valid loss=0.522309994698.

2024-11-26 16:50:43,992   INFO   
Epoch:[139]	 Train loss=0.369442658989.
Epoch:[139]	 Valid loss=0.500104546547.

2024-11-26 16:50:44,232   INFO   
Epoch:[140]	 Train loss=0.371781639363.
Epoch:[140]	 Valid loss=0.521816581488.

2024-11-26 16:50:44,471   INFO   
Epoch:[141]	 Train loss=0.366593889500.
Epoch:[141]	 Valid loss=0.512596201897.

2024-11-26 16:50:44,710   INFO   
Epoch:[142]	 Train loss=0.362854320752.
Epoch:[142]	 Valid loss=0.491973447800.

2024-11-26 16:50:44,948   INFO   
Epoch:[143]	 Train loss=0.362413684004.
Epoch:[143]	 Valid loss=0.509116429090.

2024-11-26 16:50:45,187   INFO   
Epoch:[144]	 Train loss=0.364641352704.
Epoch:[144]	 Valid loss=0.502538031340.

2024-11-26 16:50:45,428   INFO   
Epoch:[145]	 Train loss=0.357984158554.
Epoch:[145]	 Valid loss=0.523948228359.

2024-11-26 16:50:45,667   INFO   
Epoch:[146]	 Train loss=0.355407197224.
Epoch:[146]	 Valid loss=0.503655338287.

2024-11-26 16:50:45,966   INFO   
Epoch:[147]	 Train loss=0.350932773791.
Epoch:[147]	 Valid loss=0.508939260244.

2024-11-26 16:50:46,206   INFO   
Epoch:[148]	 Train loss=0.351229093577.
Epoch:[148]	 Valid loss=0.520169079304.

2024-11-26 16:50:46,444   INFO   
Epoch:[149]	 Train loss=0.357125385811.
Epoch:[149]	 Valid loss=0.502274322510.

2024-11-26 16:50:46,684   INFO   
Epoch:[150]	 Train loss=0.354604471671.
Epoch:[150]	 Valid loss=0.494963788986.

2024-11-26 16:50:46,923   INFO   
Epoch:[151]	 Train loss=0.355455627567.
Epoch:[151]	 Valid loss=0.514712315798.

2024-11-26 16:50:47,164   INFO   
Epoch:[152]	 Train loss=0.344139873981.
Epoch:[152]	 Valid loss=0.500935828686.

2024-11-26 16:50:47,404   INFO   
Epoch:[153]	 Train loss=0.349125526453.
Epoch:[153]	 Valid loss=0.512008911371.

2024-11-26 16:50:47,645   INFO   
Epoch:[154]	 Train loss=0.343122179571.
Epoch:[154]	 Valid loss=0.518679916859.

2024-11-26 16:50:47,886   INFO   
Epoch:[155]	 Train loss=0.341923674470.
Epoch:[155]	 Valid loss=0.502444803715.

2024-11-26 16:50:48,184   INFO   
Epoch:[156]	 Train loss=0.347206649027.
Epoch:[156]	 Valid loss=0.505586981773.

2024-11-26 16:50:48,426   INFO   
Epoch:[157]	 Train loss=0.340579522283.
Epoch:[157]	 Valid loss=0.525383931398.

2024-11-26 16:50:48,665   INFO   
Epoch:[158]	 Train loss=0.340052891719.
Epoch:[158]	 Valid loss=0.516528844833.

2024-11-26 16:50:48,903   INFO   
Epoch:[159]	 Train loss=0.342004179955.
Epoch:[159]	 Valid loss=0.516421389580.

2024-11-26 16:50:49,141   INFO   
Epoch:[160]	 Train loss=0.345618422094.
Epoch:[160]	 Valid loss=0.515491521358.

2024-11-26 16:50:49,381   INFO   
Epoch:[161]	 Train loss=0.344237051512.
Epoch:[161]	 Valid loss=0.517507201433.

2024-11-26 16:50:49,620   INFO   
Epoch:[162]	 Train loss=0.337553400742.
Epoch:[162]	 Valid loss=0.509726941586.

2024-11-26 16:50:49,620   INFO   Early stopping at epoch 162
