2024-11-26 12:14:53,262   INFO   Training starts!
2024-11-26 12:14:53,924   INFO   
Epoch:[1]	 Train loss=1.036516904831.
Epoch:[1]	 Valid loss=1.062461733818.

2024-11-26 12:14:54,678   INFO   
Epoch:[2]	 Train loss=0.989064633846.
Epoch:[2]	 Valid loss=0.963846862316.

2024-11-26 12:14:55,446   INFO   
Epoch:[3]	 Train loss=0.892940968275.
Epoch:[3]	 Valid loss=0.918001472950.

2024-11-26 12:14:56,263   INFO   
Epoch:[4]	 Train loss=0.884864211082.
Epoch:[4]	 Valid loss=0.942076086998.

2024-11-26 12:14:57,040   INFO   
Epoch:[5]	 Train loss=0.839501231909.
Epoch:[5]	 Valid loss=0.887436926365.

2024-11-26 12:14:57,808   INFO   
Epoch:[6]	 Train loss=0.832636684179.
Epoch:[6]	 Valid loss=0.903294026852.

2024-11-26 12:14:58,565   INFO   
Epoch:[7]	 Train loss=0.847656875849.
Epoch:[7]	 Valid loss=0.897162854671.

2024-11-26 12:14:59,349   INFO   
Epoch:[8]	 Train loss=0.835761547089.
Epoch:[8]	 Valid loss=0.880045711994.

2024-11-26 12:15:00,224   INFO   
Epoch:[9]	 Train loss=0.816035538912.
Epoch:[9]	 Valid loss=0.890451490879.

2024-11-26 12:15:01,002   INFO   
Epoch:[10]	 Train loss=0.816588848829.
Epoch:[10]	 Valid loss=0.901848793030.

2024-11-26 12:15:01,810   INFO   
Epoch:[11]	 Train loss=0.809276819229.
Epoch:[11]	 Valid loss=0.877311825752.

2024-11-26 12:15:02,573   INFO   
Epoch:[12]	 Train loss=0.793578565121.
Epoch:[12]	 Valid loss=0.870278060436.

2024-11-26 12:15:03,414   INFO   
Epoch:[13]	 Train loss=0.792938023806.
Epoch:[13]	 Valid loss=0.867811381817.

2024-11-26 12:15:04,263   INFO   
Epoch:[14]	 Train loss=0.786381125450.
Epoch:[14]	 Valid loss=0.861107647419.

2024-11-26 12:15:05,119   INFO   
Epoch:[15]	 Train loss=0.774740666151.
Epoch:[15]	 Valid loss=0.860253274441.

2024-11-26 12:15:06,168   INFO   
Epoch:[16]	 Train loss=0.765642315149.
Epoch:[16]	 Valid loss=0.854965507984.

2024-11-26 12:15:07,206   INFO   
Epoch:[17]	 Train loss=0.752197533846.
Epoch:[17]	 Valid loss=0.849760711193.

2024-11-26 12:15:08,120   INFO   
Epoch:[18]	 Train loss=0.740006417036.
Epoch:[18]	 Valid loss=0.839192986488.

2024-11-26 12:15:08,996   INFO   
Epoch:[19]	 Train loss=0.721964448690.
Epoch:[19]	 Valid loss=0.828746259212.

2024-11-26 12:15:09,777   INFO   
Epoch:[20]	 Train loss=0.706988453865.
Epoch:[20]	 Valid loss=0.812945008278.

2024-11-26 12:15:10,552   INFO   
Epoch:[21]	 Train loss=0.689551740885.
Epoch:[21]	 Valid loss=0.796577095985.

2024-11-26 12:15:11,345   INFO   
Epoch:[22]	 Train loss=0.668478846550.
Epoch:[22]	 Valid loss=0.788850605488.

2024-11-26 12:15:12,165   INFO   
Epoch:[23]	 Train loss=0.659657388926.
Epoch:[23]	 Valid loss=0.779479324818.

2024-11-26 12:15:12,932   INFO   
Epoch:[24]	 Train loss=0.641504228115.
Epoch:[24]	 Valid loss=0.776952981949.

2024-11-26 12:15:13,696   INFO   
Epoch:[25]	 Train loss=0.643428623676.
Epoch:[25]	 Valid loss=0.767897605896.

2024-11-26 12:15:14,479   INFO   
Epoch:[26]	 Train loss=0.625698029995.
Epoch:[26]	 Valid loss=0.760549247265.

2024-11-26 12:15:15,249   INFO   
Epoch:[27]	 Train loss=0.626381009817.
Epoch:[27]	 Valid loss=0.756227254868.

2024-11-26 12:15:16,024   INFO   
Epoch:[28]	 Train loss=0.608046352863.
Epoch:[28]	 Valid loss=0.757991552353.

2024-11-26 12:15:16,802   INFO   
Epoch:[29]	 Train loss=0.601085156202.
Epoch:[29]	 Valid loss=0.760201156139.

2024-11-26 12:15:17,639   INFO   
Epoch:[30]	 Train loss=0.599919795990.
Epoch:[30]	 Valid loss=0.753380596638.

2024-11-26 12:15:18,434   INFO   
Epoch:[31]	 Train loss=0.581240266562.
Epoch:[31]	 Valid loss=0.751021802425.

2024-11-26 12:15:19,205   INFO   
Epoch:[32]	 Train loss=0.582033842802.
Epoch:[32]	 Valid loss=0.764363110065.

2024-11-26 12:15:19,977   INFO   
Epoch:[33]	 Train loss=0.583543896675.
Epoch:[33]	 Valid loss=0.747753977776.

2024-11-26 12:15:20,918   INFO   
Epoch:[34]	 Train loss=0.563329845667.
Epoch:[34]	 Valid loss=0.737814903259.

2024-11-26 12:15:21,812   INFO   
Epoch:[35]	 Train loss=0.566267818213.
Epoch:[35]	 Valid loss=0.742353558540.

2024-11-26 12:15:22,715   INFO   
Epoch:[36]	 Train loss=0.559894949198.
Epoch:[36]	 Valid loss=0.737515687943.

2024-11-26 12:15:23,516   INFO   
Epoch:[37]	 Train loss=0.547875314951.
Epoch:[37]	 Valid loss=0.725373148918.

2024-11-26 12:15:24,297   INFO   
Epoch:[38]	 Train loss=0.556248486042.
Epoch:[38]	 Valid loss=0.722513020039.

2024-11-26 12:15:25,071   INFO   
Epoch:[39]	 Train loss=0.539555579424.
Epoch:[39]	 Valid loss=0.725891232491.

2024-11-26 12:15:25,867   INFO   
Epoch:[40]	 Train loss=0.533093750477.
Epoch:[40]	 Valid loss=0.718530893326.

2024-11-26 12:15:26,652   INFO   
Epoch:[41]	 Train loss=0.542559430003.
Epoch:[41]	 Valid loss=0.710945069790.

2024-11-26 12:15:27,464   INFO   
Epoch:[42]	 Train loss=0.524038404226.
Epoch:[42]	 Valid loss=0.713992476463.

2024-11-26 12:15:28,297   INFO   
Epoch:[43]	 Train loss=0.518924921751.
Epoch:[43]	 Valid loss=0.703008711338.

2024-11-26 12:15:29,081   INFO   
Epoch:[44]	 Train loss=0.524023383856.
Epoch:[44]	 Valid loss=0.702893614769.

2024-11-26 12:15:29,873   INFO   
Epoch:[45]	 Train loss=0.517755210400.
Epoch:[45]	 Valid loss=0.696811795235.

2024-11-26 12:15:30,774   INFO   
Epoch:[46]	 Train loss=0.504632651806.
Epoch:[46]	 Valid loss=0.687645733356.

2024-11-26 12:15:31,569   INFO   
Epoch:[47]	 Train loss=0.505018502474.
Epoch:[47]	 Valid loss=0.706574797630.

2024-11-26 12:15:32,348   INFO   
Epoch:[48]	 Train loss=0.523700311780.
Epoch:[48]	 Valid loss=0.684790372849.

2024-11-26 12:15:33,198   INFO   
Epoch:[49]	 Train loss=0.492141544819.
Epoch:[49]	 Valid loss=0.696590840816.

2024-11-26 12:15:33,976   INFO   
Epoch:[50]	 Train loss=0.486078679562.
Epoch:[50]	 Valid loss=0.683420717716.

2024-11-26 12:15:34,771   INFO   
Epoch:[51]	 Train loss=0.499310880899.
Epoch:[51]	 Valid loss=0.694207787514.

2024-11-26 12:15:35,535   INFO   
Epoch:[52]	 Train loss=0.492230966687.
Epoch:[52]	 Valid loss=0.685747504234.

2024-11-26 12:15:36,302   INFO   
Epoch:[53]	 Train loss=0.477222532034.
Epoch:[53]	 Valid loss=0.688732385635.

2024-11-26 12:15:37,078   INFO   
Epoch:[54]	 Train loss=0.472310721874.
Epoch:[54]	 Valid loss=0.674908816814.

2024-11-26 12:15:37,884   INFO   
Epoch:[55]	 Train loss=0.481176137924.
Epoch:[55]	 Valid loss=0.681018948555.

2024-11-26 12:15:38,721   INFO   
Epoch:[56]	 Train loss=0.476889014244.
Epoch:[56]	 Valid loss=0.672117650509.

2024-11-26 12:15:39,510   INFO   
Epoch:[57]	 Train loss=0.460485965014.
Epoch:[57]	 Valid loss=0.690729320049.

2024-11-26 12:15:40,333   INFO   
Epoch:[58]	 Train loss=0.460867390037.
Epoch:[58]	 Valid loss=0.670885086060.

2024-11-26 12:15:41,268   INFO   
Epoch:[59]	 Train loss=0.451613306999.
Epoch:[59]	 Valid loss=0.669522702694.

2024-11-26 12:15:42,077   INFO   
Epoch:[60]	 Train loss=0.468739971519.
Epoch:[60]	 Valid loss=0.689106643200.

2024-11-26 12:15:42,861   INFO   
Epoch:[61]	 Train loss=0.474606618285.
Epoch:[61]	 Valid loss=0.660828649998.

2024-11-26 12:15:43,703   INFO   
Epoch:[62]	 Train loss=0.444778218865.
Epoch:[62]	 Valid loss=0.698224008083.

2024-11-26 12:15:44,513   INFO   
Epoch:[63]	 Train loss=0.449950069189.
Epoch:[63]	 Valid loss=0.659058272839.

2024-11-26 12:15:45,325   INFO   
Epoch:[64]	 Train loss=0.441047370434.
Epoch:[64]	 Valid loss=0.662637472153.

2024-11-26 12:15:46,114   INFO   
Epoch:[65]	 Train loss=0.434955596924.
Epoch:[65]	 Valid loss=0.675738096237.

2024-11-26 12:15:46,921   INFO   
Epoch:[66]	 Train loss=0.437095671892.
Epoch:[66]	 Valid loss=0.708113968372.

2024-11-26 12:15:47,725   INFO   
Epoch:[67]	 Train loss=0.441257372499.
Epoch:[67]	 Valid loss=0.665273308754.

2024-11-26 12:15:48,570   INFO   
Epoch:[68]	 Train loss=0.421137094498.
Epoch:[68]	 Valid loss=0.663277208805.

2024-11-26 12:15:49,384   INFO   
Epoch:[69]	 Train loss=0.435287326574.
Epoch:[69]	 Valid loss=0.654854774475.

2024-11-26 12:15:50,203   INFO   
Epoch:[70]	 Train loss=0.414131730795.
Epoch:[70]	 Valid loss=0.677243649960.

2024-11-26 12:15:51,008   INFO   
Epoch:[71]	 Train loss=0.425128519535.
Epoch:[71]	 Valid loss=0.700248360634.

2024-11-26 12:15:51,801   INFO   
Epoch:[72]	 Train loss=0.422992095351.
Epoch:[72]	 Valid loss=0.658108294010.

2024-11-26 12:15:52,596   INFO   
Epoch:[73]	 Train loss=0.402997463942.
Epoch:[73]	 Valid loss=0.659278213978.

2024-11-26 12:15:53,401   INFO   
Epoch:[74]	 Train loss=0.422283619642.
Epoch:[74]	 Valid loss=0.662696659565.

2024-11-26 12:15:54,271   INFO   
Epoch:[75]	 Train loss=0.407274514437.
Epoch:[75]	 Valid loss=0.661670684814.

2024-11-26 12:15:55,074   INFO   
Epoch:[76]	 Train loss=0.403077378869.
Epoch:[76]	 Valid loss=0.699946701527.

2024-11-26 12:15:55,910   INFO   
Epoch:[77]	 Train loss=0.409688457847.
Epoch:[77]	 Valid loss=0.658151507378.

2024-11-26 12:15:56,723   INFO   
Epoch:[78]	 Train loss=0.385314866900.
Epoch:[78]	 Valid loss=0.656891465187.

2024-11-26 12:15:57,530   INFO   
Epoch:[79]	 Train loss=0.401896342635.
Epoch:[79]	 Valid loss=0.656697869301.

2024-11-26 12:15:58,337   INFO   
Epoch:[80]	 Train loss=0.384913846850.
Epoch:[80]	 Valid loss=0.658277571201.

2024-11-26 12:15:59,161   INFO   
Epoch:[81]	 Train loss=0.384745791554.
Epoch:[81]	 Valid loss=0.700105607510.

2024-11-26 12:15:59,978   INFO   
Epoch:[82]	 Train loss=0.401567816734.
Epoch:[82]	 Valid loss=0.667591333389.

2024-11-26 12:16:00,808   INFO   
Epoch:[83]	 Train loss=0.369850173593.
Epoch:[83]	 Valid loss=0.653407752514.

2024-11-26 12:16:01,633   INFO   
Epoch:[84]	 Train loss=0.386016026139.
Epoch:[84]	 Valid loss=0.659951746464.

2024-11-26 12:16:02,536   INFO   
Epoch:[85]	 Train loss=0.371219202876.
Epoch:[85]	 Valid loss=0.658248245716.

2024-11-26 12:16:03,393   INFO   
Epoch:[86]	 Train loss=0.366896569729.
Epoch:[86]	 Valid loss=0.699621200562.

2024-11-26 12:16:04,221   INFO   
Epoch:[87]	 Train loss=0.388500094414.
Epoch:[87]	 Valid loss=0.670872747898.

2024-11-26 12:16:05,043   INFO   
Epoch:[88]	 Train loss=0.354909375310.
Epoch:[88]	 Valid loss=0.656116545200.

2024-11-26 12:16:05,844   INFO   
Epoch:[89]	 Train loss=0.372753098607.
Epoch:[89]	 Valid loss=0.650960564613.

2024-11-26 12:16:06,673   INFO   
Epoch:[90]	 Train loss=0.348714217544.
Epoch:[90]	 Valid loss=0.671364009380.

2024-11-26 12:16:07,536   INFO   
Epoch:[91]	 Train loss=0.353156208992.
Epoch:[91]	 Valid loss=0.686930894852.

2024-11-26 12:16:08,388   INFO   
Epoch:[92]	 Train loss=0.357287123799.
Epoch:[92]	 Valid loss=0.670838356018.

2024-11-26 12:16:09,228   INFO   
Epoch:[93]	 Train loss=0.334484979510.
Epoch:[93]	 Valid loss=0.649598062038.

2024-11-26 12:16:10,058   INFO   
Epoch:[94]	 Train loss=0.345040425658.
Epoch:[94]	 Valid loss=0.668387055397.

2024-11-26 12:16:10,892   INFO   
Epoch:[95]	 Train loss=0.351103946567.
Epoch:[95]	 Valid loss=0.646486639977.

2024-11-26 12:16:11,747   INFO   
Epoch:[96]	 Train loss=0.323064669967.
Epoch:[96]	 Valid loss=0.673745334148.

2024-11-26 12:16:12,602   INFO   
Epoch:[97]	 Train loss=0.354221105576.
Epoch:[97]	 Valid loss=0.742784738541.

2024-11-26 12:16:13,434   INFO   
Epoch:[98]	 Train loss=0.368367224932.
Epoch:[98]	 Valid loss=0.652234137058.

2024-11-26 12:16:14,260   INFO   
Epoch:[99]	 Train loss=0.326739013195.
Epoch:[99]	 Valid loss=0.674221158028.

2024-11-26 12:16:15,104   INFO   
Epoch:[100]	 Train loss=0.337589249015.
Epoch:[100]	 Valid loss=0.663702666759.

2024-11-26 12:16:15,944   INFO   
Epoch:[101]	 Train loss=0.324502527714.
Epoch:[101]	 Valid loss=0.683076560497.

2024-11-26 12:16:16,783   INFO   
Epoch:[102]	 Train loss=0.319111362100.
Epoch:[102]	 Valid loss=0.657251298428.

2024-11-26 12:16:17,618   INFO   
Epoch:[103]	 Train loss=0.306995093822.
Epoch:[103]	 Valid loss=0.668113827705.

2024-11-26 12:16:18,451   INFO   
Epoch:[104]	 Train loss=0.319713979959.
Epoch:[104]	 Valid loss=0.653008103371.

2024-11-26 12:16:19,266   INFO   
Epoch:[105]	 Train loss=0.296858146787.
Epoch:[105]	 Valid loss=0.668067097664.

2024-11-26 12:16:20,091   INFO   
Epoch:[106]	 Train loss=0.309687167406.
Epoch:[106]	 Valid loss=0.725957155228.

2024-11-26 12:16:21,029   INFO   
Epoch:[107]	 Train loss=0.360258698463.
Epoch:[107]	 Valid loss=0.708937644958.

2024-11-26 12:16:21,889   INFO   
Epoch:[108]	 Train loss=0.306757196784.
Epoch:[108]	 Valid loss=0.673335015774.

2024-11-26 12:16:22,704   INFO   
Epoch:[109]	 Train loss=0.322584584355.
Epoch:[109]	 Valid loss=0.651652932167.

2024-11-26 12:16:23,541   INFO   
Epoch:[110]	 Train loss=0.293833583593.
Epoch:[110]	 Valid loss=0.678411245346.

2024-11-26 12:16:24,367   INFO   
Epoch:[111]	 Train loss=0.285133391619.
Epoch:[111]	 Valid loss=0.665287971497.

2024-11-26 12:16:25,204   INFO   
Epoch:[112]	 Train loss=0.299413681030.
Epoch:[112]	 Valid loss=0.692058026791.

2024-11-26 12:16:26,039   INFO   
Epoch:[113]	 Train loss=0.299061551690.
Epoch:[113]	 Valid loss=0.655021011829.

2024-11-26 12:16:26,863   INFO   
Epoch:[114]	 Train loss=0.276516854763.
Epoch:[114]	 Valid loss=0.708782255650.

2024-11-26 12:16:27,692   INFO   
Epoch:[115]	 Train loss=0.312227591872.
Epoch:[115]	 Valid loss=0.669252336025.

2024-11-26 12:16:28,550   INFO   
Epoch:[116]	 Train loss=0.271892994642.
Epoch:[116]	 Valid loss=0.667165040970.

2024-11-26 12:16:29,396   INFO   
Epoch:[117]	 Train loss=0.278301060200.
Epoch:[117]	 Valid loss=0.666333019733.

2024-11-26 12:16:30,227   INFO   
Epoch:[118]	 Train loss=0.267260476947.
Epoch:[118]	 Valid loss=0.724870026112.

2024-11-26 12:16:31,085   INFO   
Epoch:[119]	 Train loss=0.327785149217.
Epoch:[119]	 Valid loss=0.746277689934.

2024-11-26 12:16:31,916   INFO   
Epoch:[120]	 Train loss=0.289932966232.
Epoch:[120]	 Valid loss=0.673726737499.

2024-11-26 12:16:32,758   INFO   
Epoch:[121]	 Train loss=0.286949738860.
Epoch:[121]	 Valid loss=0.655314862728.

2024-11-26 12:16:33,579   INFO   
Epoch:[122]	 Train loss=0.266181096435.
Epoch:[122]	 Valid loss=0.684770226479.

2024-11-26 12:16:34,415   INFO   
Epoch:[123]	 Train loss=0.257186770439.
Epoch:[123]	 Valid loss=0.687760233879.

2024-11-26 12:16:35,262   INFO   
Epoch:[124]	 Train loss=0.273267716169.
Epoch:[124]	 Valid loss=0.684985280037.

2024-11-26 12:16:35,262   INFO   Early stopping at epoch 124
