2024-11-26 12:43:01,145   INFO   Training starts!
2024-11-26 12:43:01,881   INFO   
Epoch:[1]	 Train loss=0.972070634365.
Epoch:[1]	 Valid loss=0.948971807957.

2024-11-26 12:43:02,490   INFO   
Epoch:[2]	 Train loss=0.902516424656.
Epoch:[2]	 Valid loss=0.913635194302.

2024-11-26 12:43:03,163   INFO   
Epoch:[3]	 Train loss=0.885937124491.
Epoch:[3]	 Valid loss=0.905995309353.

2024-11-26 12:43:03,788   INFO   
Epoch:[4]	 Train loss=0.872726231813.
Epoch:[4]	 Valid loss=0.911324858665.

2024-11-26 12:43:04,447   INFO   
Epoch:[5]	 Train loss=0.858457773924.
Epoch:[5]	 Valid loss=0.893862545490.

2024-11-26 12:43:05,110   INFO   
Epoch:[6]	 Train loss=0.844081223011.
Epoch:[6]	 Valid loss=0.883094668388.

2024-11-26 12:43:05,723   INFO   
Epoch:[7]	 Train loss=0.816108703613.
Epoch:[7]	 Valid loss=0.872080028057.

2024-11-26 12:43:06,358   INFO   
Epoch:[8]	 Train loss=0.819202601910.
Epoch:[8]	 Valid loss=0.861892819405.

2024-11-26 12:43:06,962   INFO   
Epoch:[9]	 Train loss=0.809610188007.
Epoch:[9]	 Valid loss=0.839308440685.

2024-11-26 12:43:07,599   INFO   
Epoch:[10]	 Train loss=0.781722724438.
Epoch:[10]	 Valid loss=0.820154726505.

2024-11-26 12:43:08,216   INFO   
Epoch:[11]	 Train loss=0.758247584105.
Epoch:[11]	 Valid loss=0.808446288109.

2024-11-26 12:43:08,826   INFO   
Epoch:[12]	 Train loss=0.764255762100.
Epoch:[12]	 Valid loss=0.815581321716.

2024-11-26 12:43:09,473   INFO   
Epoch:[13]	 Train loss=0.746560037136.
Epoch:[13]	 Valid loss=0.801758825779.

2024-11-26 12:43:10,105   INFO   
Epoch:[14]	 Train loss=0.726486355066.
Epoch:[14]	 Valid loss=0.788409650326.

2024-11-26 12:43:10,834   INFO   
Epoch:[15]	 Train loss=0.744184255600.
Epoch:[15]	 Valid loss=0.782393753529.

2024-11-26 12:43:11,564   INFO   
Epoch:[16]	 Train loss=0.697708398104.
Epoch:[16]	 Valid loss=0.784790039062.

2024-11-26 12:43:12,296   INFO   
Epoch:[17]	 Train loss=0.705640703440.
Epoch:[17]	 Valid loss=0.769377708435.

2024-11-26 12:43:13,002   INFO   
Epoch:[18]	 Train loss=0.703005224466.
Epoch:[18]	 Valid loss=0.763299167156.

2024-11-26 12:43:13,716   INFO   
Epoch:[19]	 Train loss=0.684910565615.
Epoch:[19]	 Valid loss=0.761506259441.

2024-11-26 12:43:14,438   INFO   
Epoch:[20]	 Train loss=0.693218618631.
Epoch:[20]	 Valid loss=0.776241540909.

2024-11-26 12:43:15,188   INFO   
Epoch:[21]	 Train loss=0.694678127766.
Epoch:[21]	 Valid loss=0.782978117466.

2024-11-26 12:43:15,904   INFO   
Epoch:[22]	 Train loss=0.644940644503.
Epoch:[22]	 Valid loss=0.801441967487.

2024-11-26 12:43:16,696   INFO   
Epoch:[23]	 Train loss=0.661427468061.
Epoch:[23]	 Valid loss=0.776339113712.

2024-11-26 12:43:17,429   INFO   
Epoch:[24]	 Train loss=0.653903990984.
Epoch:[24]	 Valid loss=0.754749536514.

2024-11-26 12:43:18,138   INFO   
Epoch:[25]	 Train loss=0.647748649120.
Epoch:[25]	 Valid loss=0.742479026318.

2024-11-26 12:43:18,865   INFO   
Epoch:[26]	 Train loss=0.645593434572.
Epoch:[26]	 Valid loss=0.737032532692.

2024-11-26 12:43:19,618   INFO   
Epoch:[27]	 Train loss=0.621924310923.
Epoch:[27]	 Valid loss=0.733411848545.

2024-11-26 12:43:20,553   INFO   
Epoch:[28]	 Train loss=0.607288181782.
Epoch:[28]	 Valid loss=0.735198676586.

2024-11-26 12:43:21,420   INFO   
Epoch:[29]	 Train loss=0.631087243557.
Epoch:[29]	 Valid loss=0.724243223667.

2024-11-26 12:43:22,211   INFO   
Epoch:[30]	 Train loss=0.614101648331.
Epoch:[30]	 Valid loss=0.722523093224.

2024-11-26 12:43:23,012   INFO   
Epoch:[31]	 Train loss=0.611980110407.
Epoch:[31]	 Valid loss=0.713430643082.

2024-11-26 12:43:23,780   INFO   
Epoch:[32]	 Train loss=0.607005238533.
Epoch:[32]	 Valid loss=0.705276906490.

2024-11-26 12:43:24,619   INFO   
Epoch:[33]	 Train loss=0.588960379362.
Epoch:[33]	 Valid loss=0.702598631382.

2024-11-26 12:43:25,411   INFO   
Epoch:[34]	 Train loss=0.611217468977.
Epoch:[34]	 Valid loss=0.706268906593.

2024-11-26 12:43:26,309   INFO   
Epoch:[35]	 Train loss=0.606994837523.
Epoch:[35]	 Valid loss=0.700308203697.

2024-11-26 12:43:27,070   INFO   
Epoch:[36]	 Train loss=0.593503266573.
Epoch:[36]	 Valid loss=0.692584395409.

2024-11-26 12:43:27,916   INFO   
Epoch:[37]	 Train loss=0.582685589790.
Epoch:[37]	 Valid loss=0.702988862991.

2024-11-26 12:43:28,797   INFO   
Epoch:[38]	 Train loss=0.566465258598.
Epoch:[38]	 Valid loss=0.688603579998.

2024-11-26 12:43:29,597   INFO   
Epoch:[39]	 Train loss=0.551752626896.
Epoch:[39]	 Valid loss=0.685298740864.

2024-11-26 12:43:30,430   INFO   
Epoch:[40]	 Train loss=0.551546901464.
Epoch:[40]	 Valid loss=0.686923265457.

2024-11-26 12:43:31,270   INFO   
Epoch:[41]	 Train loss=0.571045070887.
Epoch:[41]	 Valid loss=0.683446228504.

2024-11-26 12:43:32,115   INFO   
Epoch:[42]	 Train loss=0.555508971214.
Epoch:[42]	 Valid loss=0.677982270718.

2024-11-26 12:43:32,886   INFO   
Epoch:[43]	 Train loss=0.558099597692.
Epoch:[43]	 Valid loss=0.681159198284.

2024-11-26 12:43:33,692   INFO   
Epoch:[44]	 Train loss=0.540219634771.
Epoch:[44]	 Valid loss=0.675043106079.

2024-11-26 12:43:34,480   INFO   
Epoch:[45]	 Train loss=0.546910315752.
Epoch:[45]	 Valid loss=0.704055905342.

2024-11-26 12:43:35,500   INFO   
Epoch:[46]	 Train loss=0.578321158886.
Epoch:[46]	 Valid loss=0.688412785530.

2024-11-26 12:43:36,308   INFO   
Epoch:[47]	 Train loss=0.550225466490.
Epoch:[47]	 Valid loss=0.668587982655.

2024-11-26 12:43:37,105   INFO   
Epoch:[48]	 Train loss=0.544222593307.
Epoch:[48]	 Valid loss=0.667870461941.

2024-11-26 12:43:37,900   INFO   
Epoch:[49]	 Train loss=0.546464562416.
Epoch:[49]	 Valid loss=0.686113238335.

2024-11-26 12:43:38,676   INFO   
Epoch:[50]	 Train loss=0.546747773886.
Epoch:[50]	 Valid loss=0.663071453571.

2024-11-26 12:43:39,479   INFO   
Epoch:[51]	 Train loss=0.539956122637.
Epoch:[51]	 Valid loss=0.658006310463.

2024-11-26 12:43:40,279   INFO   
Epoch:[52]	 Train loss=0.517379164696.
Epoch:[52]	 Valid loss=0.662980616093.

2024-11-26 12:43:41,076   INFO   
Epoch:[53]	 Train loss=0.519912943244.
Epoch:[53]	 Valid loss=0.652870476246.

2024-11-26 12:43:41,856   INFO   
Epoch:[54]	 Train loss=0.519335567951.
Epoch:[54]	 Valid loss=0.652614474297.

2024-11-26 12:43:42,642   INFO   
Epoch:[55]	 Train loss=0.502853870392.
Epoch:[55]	 Valid loss=0.651155650616.

2024-11-26 12:43:43,436   INFO   
Epoch:[56]	 Train loss=0.501254215837.
Epoch:[56]	 Valid loss=0.648960471153.

2024-11-26 12:43:44,221   INFO   
Epoch:[57]	 Train loss=0.510112226009.
Epoch:[57]	 Valid loss=0.651697695255.

2024-11-26 12:43:45,028   INFO   
Epoch:[58]	 Train loss=0.496101632714.
Epoch:[58]	 Valid loss=0.645790755749.

2024-11-26 12:43:45,809   INFO   
Epoch:[59]	 Train loss=0.500976622105.
Epoch:[59]	 Valid loss=0.676671087742.

2024-11-26 12:43:46,598   INFO   
Epoch:[60]	 Train loss=0.484468758106.
Epoch:[60]	 Valid loss=0.664464056492.

2024-11-26 12:43:47,380   INFO   
Epoch:[61]	 Train loss=0.519861876965.
Epoch:[61]	 Valid loss=0.641300737858.

2024-11-26 12:43:48,168   INFO   
Epoch:[62]	 Train loss=0.506100356579.
Epoch:[62]	 Valid loss=0.680211484432.

2024-11-26 12:43:48,945   INFO   
Epoch:[63]	 Train loss=0.493616789579.
Epoch:[63]	 Valid loss=0.681202828884.

2024-11-26 12:43:49,732   INFO   
Epoch:[64]	 Train loss=0.521210759878.
Epoch:[64]	 Valid loss=0.669850647449.

2024-11-26 12:43:50,466   INFO   
Epoch:[65]	 Train loss=0.490978449583.
Epoch:[65]	 Valid loss=0.658883750439.

2024-11-26 12:43:51,264   INFO   
Epoch:[66]	 Train loss=0.506571933627.
Epoch:[66]	 Valid loss=0.638619601727.

2024-11-26 12:43:52,068   INFO   
Epoch:[67]	 Train loss=0.460760056973.
Epoch:[67]	 Valid loss=0.650360345840.

2024-11-26 12:43:52,814   INFO   
Epoch:[68]	 Train loss=0.483329638839.
Epoch:[68]	 Valid loss=0.696926474571.

2024-11-26 12:43:53,539   INFO   
Epoch:[69]	 Train loss=0.487504631281.
Epoch:[69]	 Valid loss=0.686753571033.

2024-11-26 12:43:54,500   INFO   
Epoch:[70]	 Train loss=0.520463913679.
Epoch:[70]	 Valid loss=0.680249810219.

2024-11-26 12:43:55,244   INFO   
Epoch:[71]	 Train loss=0.489502638578.
Epoch:[71]	 Valid loss=0.653091788292.

2024-11-26 12:43:56,011   INFO   
Epoch:[72]	 Train loss=0.462216660380.
Epoch:[72]	 Valid loss=0.651982545853.

2024-11-26 12:43:56,795   INFO   
Epoch:[73]	 Train loss=0.443114683032.
Epoch:[73]	 Valid loss=0.646636426449.

2024-11-26 12:43:57,576   INFO   
Epoch:[74]	 Train loss=0.456050559878.
Epoch:[74]	 Valid loss=0.654843032360.

2024-11-26 12:43:58,363   INFO   
Epoch:[75]	 Train loss=0.451883777976.
Epoch:[75]	 Valid loss=0.633181631565.

2024-11-26 12:43:59,162   INFO   
Epoch:[76]	 Train loss=0.453773424029.
Epoch:[76]	 Valid loss=0.634184777737.

2024-11-26 12:43:59,947   INFO   
Epoch:[77]	 Train loss=0.446250751615.
Epoch:[77]	 Valid loss=0.644602537155.

2024-11-26 12:44:00,751   INFO   
Epoch:[78]	 Train loss=0.457790479064.
Epoch:[78]	 Valid loss=0.641443312168.

2024-11-26 12:44:01,536   INFO   
Epoch:[79]	 Train loss=0.461187154055.
Epoch:[79]	 Valid loss=0.642291009426.

2024-11-26 12:44:02,313   INFO   
Epoch:[80]	 Train loss=0.441905543208.
Epoch:[80]	 Valid loss=0.635205388069.

2024-11-26 12:44:03,107   INFO   
Epoch:[81]	 Train loss=0.420496910810.
Epoch:[81]	 Valid loss=0.635672330856.

2024-11-26 12:44:03,892   INFO   
Epoch:[82]	 Train loss=0.433634862304.
Epoch:[82]	 Valid loss=0.634690582752.

2024-11-26 12:44:04,685   INFO   
Epoch:[83]	 Train loss=0.416732221842.
Epoch:[83]	 Valid loss=0.646887481213.

2024-11-26 12:44:05,460   INFO   
Epoch:[84]	 Train loss=0.430035859346.
Epoch:[84]	 Valid loss=0.673363983631.

2024-11-26 12:44:06,244   INFO   
Epoch:[85]	 Train loss=0.426328405738.
Epoch:[85]	 Valid loss=0.648890793324.

2024-11-26 12:44:07,005   INFO   
Epoch:[86]	 Train loss=0.439326792955.
Epoch:[86]	 Valid loss=0.648863911629.

2024-11-26 12:44:07,720   INFO   
Epoch:[87]	 Train loss=0.417476668954.
Epoch:[87]	 Valid loss=0.639548003674.

2024-11-26 12:44:08,556   INFO   
Epoch:[88]	 Train loss=0.415009006858.
Epoch:[88]	 Valid loss=0.632482707500.

2024-11-26 12:44:09,340   INFO   
Epoch:[89]	 Train loss=0.406606063247.
Epoch:[89]	 Valid loss=0.637449026108.

2024-11-26 12:44:10,235   INFO   
Epoch:[90]	 Train loss=0.420539170504.
Epoch:[90]	 Valid loss=0.646414101124.

2024-11-26 12:44:11,512   INFO   
Epoch:[91]	 Train loss=0.402611359954.
Epoch:[91]	 Valid loss=0.644904017448.

2024-11-26 12:44:12,962   INFO   
Epoch:[92]	 Train loss=0.421446204185.
Epoch:[92]	 Valid loss=0.631884038448.

2024-11-26 12:44:14,739   INFO   
Epoch:[93]	 Train loss=0.398010522127.
Epoch:[93]	 Valid loss=0.647762596607.

2024-11-26 12:44:16,262   INFO   
Epoch:[94]	 Train loss=0.397094085813.
Epoch:[94]	 Valid loss=0.658000826836.

2024-11-26 12:44:17,369   INFO   
Epoch:[95]	 Train loss=0.396016150713.
Epoch:[95]	 Valid loss=0.624397993088.

2024-11-26 12:44:18,322   INFO   
Epoch:[96]	 Train loss=0.392469778657.
Epoch:[96]	 Valid loss=0.635477840900.

2024-11-26 12:44:19,155   INFO   
Epoch:[97]	 Train loss=0.399093985558.
Epoch:[97]	 Valid loss=0.655078172684.

2024-11-26 12:44:20,029   INFO   
Epoch:[98]	 Train loss=0.417199358344.
Epoch:[98]	 Valid loss=0.636660814285.

2024-11-26 12:44:20,855   INFO   
Epoch:[99]	 Train loss=0.391031190753.
Epoch:[99]	 Valid loss=0.647044241428.

2024-11-26 12:44:21,862   INFO   
Epoch:[100]	 Train loss=0.386074855924.
Epoch:[100]	 Valid loss=0.635566771030.

2024-11-26 12:44:22,663   INFO   
Epoch:[101]	 Train loss=0.360484927893.
Epoch:[101]	 Valid loss=0.630751192570.

2024-11-26 12:44:23,468   INFO   
Epoch:[102]	 Train loss=0.380107775331.
Epoch:[102]	 Valid loss=0.657524526119.

2024-11-26 12:44:24,281   INFO   
Epoch:[103]	 Train loss=0.383703142405.
Epoch:[103]	 Valid loss=0.646137416363.

2024-11-26 12:44:25,839   INFO   
Epoch:[104]	 Train loss=0.367939218879.
Epoch:[104]	 Valid loss=0.658540844917.

2024-11-26 12:44:26,892   INFO   
Epoch:[105]	 Train loss=0.370298266411.
Epoch:[105]	 Valid loss=0.642453491688.

2024-11-26 12:44:27,709   INFO   
Epoch:[106]	 Train loss=0.377802342176.
Epoch:[106]	 Valid loss=0.643626034260.

2024-11-26 12:44:28,522   INFO   
Epoch:[107]	 Train loss=0.355986490846.
Epoch:[107]	 Valid loss=0.667376279831.

2024-11-26 12:44:29,656   INFO   
Epoch:[108]	 Train loss=0.373427271843.
Epoch:[108]	 Valid loss=0.664710938931.

2024-11-26 12:44:30,798   INFO   
Epoch:[109]	 Train loss=0.357860341668.
Epoch:[109]	 Valid loss=0.659835875034.

2024-11-26 12:44:32,138   INFO   
Epoch:[110]	 Train loss=0.392369344831.
Epoch:[110]	 Valid loss=0.650493800640.

2024-11-26 12:44:33,211   INFO   
Epoch:[111]	 Train loss=0.367083534598.
Epoch:[111]	 Valid loss=0.654971718788.

2024-11-26 12:44:34,209   INFO   
Epoch:[112]	 Train loss=0.369047954679.
Epoch:[112]	 Valid loss=0.654226601124.

2024-11-26 12:44:35,298   INFO   
Epoch:[113]	 Train loss=0.360211446881.
Epoch:[113]	 Valid loss=0.689405202866.

2024-11-26 12:44:36,358   INFO   
Epoch:[114]	 Train loss=0.368947267532.
Epoch:[114]	 Valid loss=0.651509463787.

2024-11-26 12:44:37,953   INFO   
Epoch:[115]	 Train loss=0.344281539321.
Epoch:[115]	 Valid loss=0.729485452175.

2024-11-26 12:44:39,150   INFO   
Epoch:[116]	 Train loss=0.384601756930.
Epoch:[116]	 Valid loss=0.689942479134.

2024-11-26 12:44:40,037   INFO   
Epoch:[117]	 Train loss=0.377451851964.
Epoch:[117]	 Valid loss=0.657577514648.

2024-11-26 12:44:40,881   INFO   
Epoch:[118]	 Train loss=0.346651464701.
Epoch:[118]	 Valid loss=0.720557093620.

2024-11-26 12:44:41,718   INFO   
Epoch:[119]	 Train loss=0.378246530890.
Epoch:[119]	 Valid loss=0.751356899738.

2024-11-26 12:44:42,644   INFO   
Epoch:[120]	 Train loss=0.394289299846.
Epoch:[120]	 Valid loss=0.749150156975.

2024-11-26 12:44:43,468   INFO   
Epoch:[121]	 Train loss=0.391826510429.
Epoch:[121]	 Valid loss=0.724217355251.

2024-11-26 12:44:44,249   INFO   
Epoch:[122]	 Train loss=0.370646700263.
Epoch:[122]	 Valid loss=0.680120170116.

2024-11-26 12:44:45,025   INFO   
Epoch:[123]	 Train loss=0.352582558990.
Epoch:[123]	 Valid loss=0.664473176003.

2024-11-26 12:44:45,863   INFO   
Epoch:[124]	 Train loss=0.348821997643.
Epoch:[124]	 Valid loss=0.648954451084.

2024-11-26 12:44:46,663   INFO   
Epoch:[125]	 Train loss=0.348869219422.
Epoch:[125]	 Valid loss=0.641965508461.

2024-11-26 12:44:47,593   INFO   
Epoch:[126]	 Train loss=0.342778369784.
Epoch:[126]	 Valid loss=0.646503210068.

2024-11-26 12:44:48,417   INFO   
Epoch:[127]	 Train loss=0.320885181427.
Epoch:[127]	 Valid loss=0.648190617561.

2024-11-26 12:44:49,235   INFO   
Epoch:[128]	 Train loss=0.345575422049.
Epoch:[128]	 Valid loss=0.659023106098.

2024-11-26 12:44:50,057   INFO   
Epoch:[129]	 Train loss=0.347420915961.
Epoch:[129]	 Valid loss=0.659206092358.

2024-11-26 12:44:50,855   INFO   
Epoch:[130]	 Train loss=0.331879332662.
Epoch:[130]	 Valid loss=0.654247224331.

2024-11-26 12:44:51,647   INFO   
Epoch:[131]	 Train loss=0.331087723374.
Epoch:[131]	 Valid loss=0.694916427135.

2024-11-26 12:44:52,430   INFO   
Epoch:[132]	 Train loss=0.341210216284.
Epoch:[132]	 Valid loss=0.705497741699.

2024-11-26 12:44:53,234   INFO   
Epoch:[133]	 Train loss=0.347798928618.
Epoch:[133]	 Valid loss=0.713539361954.

2024-11-26 12:44:54,020   INFO   
Epoch:[134]	 Train loss=0.332833513618.
Epoch:[134]	 Valid loss=0.671181440353.

2024-11-26 12:44:54,859   INFO   
Epoch:[135]	 Train loss=0.329510182142.
Epoch:[135]	 Valid loss=0.663018465042.

2024-11-26 12:44:55,671   INFO   
Epoch:[136]	 Train loss=0.336282119155.
Epoch:[136]	 Valid loss=0.661147475243.

2024-11-26 12:44:56,571   INFO   
Epoch:[137]	 Train loss=0.327057301998.
Epoch:[137]	 Valid loss=0.646614909172.

2024-11-26 12:44:57,369   INFO   
Epoch:[138]	 Train loss=0.319579616189.
Epoch:[138]	 Valid loss=0.651023447514.

2024-11-26 12:44:58,163   INFO   
Epoch:[139]	 Train loss=0.328171670437.
Epoch:[139]	 Valid loss=0.655937314034.

2024-11-26 12:44:58,970   INFO   
Epoch:[140]	 Train loss=0.301299408078.
Epoch:[140]	 Valid loss=0.660024821758.

2024-11-26 12:44:59,750   INFO   
Epoch:[141]	 Train loss=0.300694957376.
Epoch:[141]	 Valid loss=0.669754683971.

2024-11-26 12:45:00,541   INFO   
Epoch:[142]	 Train loss=0.313656747341.
Epoch:[142]	 Valid loss=0.667131960392.

2024-11-26 12:45:01,379   INFO   
Epoch:[143]	 Train loss=0.298701196909.
Epoch:[143]	 Valid loss=0.656649410725.

2024-11-26 12:45:02,200   INFO   
Epoch:[144]	 Train loss=0.291023358703.
Epoch:[144]	 Valid loss=0.649759531021.

2024-11-26 12:45:02,200   INFO   Early stopping at epoch 144
