2024-11-26 12:56:30,646   INFO   Training starts!
2024-11-26 12:56:31,576   INFO   
Epoch:[1]	 Train loss=1.068205535412.
Epoch:[1]	 Valid loss=1.136068582535.

2024-11-26 12:56:32,396   INFO   
Epoch:[2]	 Train loss=1.033043980598.
Epoch:[2]	 Valid loss=1.074756383896.

2024-11-26 12:56:33,282   INFO   
Epoch:[3]	 Train loss=0.978413343430.
Epoch:[3]	 Valid loss=0.982319235802.

2024-11-26 12:56:34,140   INFO   
Epoch:[4]	 Train loss=0.906790316105.
Epoch:[4]	 Valid loss=0.885164618492.

2024-11-26 12:56:34,974   INFO   
Epoch:[5]	 Train loss=0.882043600082.
Epoch:[5]	 Valid loss=0.849394619465.

2024-11-26 12:56:35,812   INFO   
Epoch:[6]	 Train loss=0.854235470295.
Epoch:[6]	 Valid loss=0.859481871128.

2024-11-26 12:56:36,643   INFO   
Epoch:[7]	 Train loss=0.875390917063.
Epoch:[7]	 Valid loss=0.841072201729.

2024-11-26 12:56:37,466   INFO   
Epoch:[8]	 Train loss=0.816429495811.
Epoch:[8]	 Valid loss=0.854627013206.

2024-11-26 12:56:38,444   INFO   
Epoch:[9]	 Train loss=0.830897897482.
Epoch:[9]	 Valid loss=0.860534369946.

2024-11-26 12:56:39,512   INFO   
Epoch:[10]	 Train loss=0.823834657669.
Epoch:[10]	 Valid loss=0.842453062534.

2024-11-26 12:56:40,460   INFO   
Epoch:[11]	 Train loss=0.809917002916.
Epoch:[11]	 Valid loss=0.818608283997.

2024-11-26 12:56:41,294   INFO   
Epoch:[12]	 Train loss=0.794189840555.
Epoch:[12]	 Valid loss=0.807928860188.

2024-11-26 12:56:42,129   INFO   
Epoch:[13]	 Train loss=0.778569757938.
Epoch:[13]	 Valid loss=0.801214516163.

2024-11-26 12:56:42,980   INFO   
Epoch:[14]	 Train loss=0.795508176088.
Epoch:[14]	 Valid loss=0.814425170422.

2024-11-26 12:56:43,885   INFO   
Epoch:[15]	 Train loss=0.761945337057.
Epoch:[15]	 Valid loss=0.798445701599.

2024-11-26 12:56:44,834   INFO   
Epoch:[16]	 Train loss=0.759686589241.
Epoch:[16]	 Valid loss=0.794642150402.

2024-11-26 12:56:45,701   INFO   
Epoch:[17]	 Train loss=0.760081619024.
Epoch:[17]	 Valid loss=0.796675860882.

2024-11-26 12:56:46,562   INFO   
Epoch:[18]	 Train loss=0.748485326767.
Epoch:[18]	 Valid loss=0.771603882313.

2024-11-26 12:56:47,407   INFO   
Epoch:[19]	 Train loss=0.746615022421.
Epoch:[19]	 Valid loss=0.796029925346.

2024-11-26 12:56:48,266   INFO   
Epoch:[20]	 Train loss=0.727159857750.
Epoch:[20]	 Valid loss=0.772810518742.

2024-11-26 12:56:49,169   INFO   
Epoch:[21]	 Train loss=0.715011954308.
Epoch:[21]	 Valid loss=0.779317259789.

2024-11-26 12:56:50,026   INFO   
Epoch:[22]	 Train loss=0.738551408052.
Epoch:[22]	 Valid loss=0.778485953808.

2024-11-26 12:56:50,900   INFO   
Epoch:[23]	 Train loss=0.716310441494.
Epoch:[23]	 Valid loss=0.757747709751.

2024-11-26 12:56:51,734   INFO   
Epoch:[24]	 Train loss=0.749081939459.
Epoch:[24]	 Valid loss=0.780034124851.

2024-11-26 12:56:52,577   INFO   
Epoch:[25]	 Train loss=0.725432097912.
Epoch:[25]	 Valid loss=0.757269084454.

2024-11-26 12:56:53,426   INFO   
Epoch:[26]	 Train loss=0.734652698040.
Epoch:[26]	 Valid loss=0.769116163254.

2024-11-26 12:56:54,294   INFO   
Epoch:[27]	 Train loss=0.730202347040.
Epoch:[27]	 Valid loss=0.768762946129.

2024-11-26 12:56:55,190   INFO   
Epoch:[28]	 Train loss=0.706020027399.
Epoch:[28]	 Valid loss=0.753485918045.

2024-11-26 12:56:56,024   INFO   
Epoch:[29]	 Train loss=0.712577760220.
Epoch:[29]	 Valid loss=0.763405740261.

2024-11-26 12:56:56,863   INFO   
Epoch:[30]	 Train loss=0.714119702578.
Epoch:[30]	 Valid loss=0.744704246521.

2024-11-26 12:56:57,705   INFO   
Epoch:[31]	 Train loss=0.685679197311.
Epoch:[31]	 Valid loss=0.756977498531.

2024-11-26 12:56:58,559   INFO   
Epoch:[32]	 Train loss=0.687713086605.
Epoch:[32]	 Valid loss=0.749392867088.

2024-11-26 12:56:59,422   INFO   
Epoch:[33]	 Train loss=0.691531181335.
Epoch:[33]	 Valid loss=0.742346048355.

2024-11-26 12:57:00,327   INFO   
Epoch:[34]	 Train loss=0.664971977472.
Epoch:[34]	 Valid loss=0.742231726646.

2024-11-26 12:57:01,170   INFO   
Epoch:[35]	 Train loss=0.678583890200.
Epoch:[35]	 Valid loss=0.736914038658.

2024-11-26 12:57:01,992   INFO   
Epoch:[36]	 Train loss=0.658828049898.
Epoch:[36]	 Valid loss=0.740045011044.

2024-11-26 12:57:02,859   INFO   
Epoch:[37]	 Train loss=0.678405821323.
Epoch:[37]	 Valid loss=0.750010550022.

2024-11-26 12:57:03,697   INFO   
Epoch:[38]	 Train loss=0.668528050184.
Epoch:[38]	 Valid loss=0.726879715919.

2024-11-26 12:57:04,693   INFO   
Epoch:[39]	 Train loss=0.652879536152.
Epoch:[39]	 Valid loss=0.738840937614.

2024-11-26 12:57:05,660   INFO   
Epoch:[40]	 Train loss=0.678482204676.
Epoch:[40]	 Valid loss=0.739405095577.

2024-11-26 12:57:06,509   INFO   
Epoch:[41]	 Train loss=0.667605847120.
Epoch:[41]	 Valid loss=0.717913389206.

2024-11-26 12:57:07,350   INFO   
Epoch:[42]	 Train loss=0.633888304234.
Epoch:[42]	 Valid loss=0.704867064953.

2024-11-26 12:57:08,354   INFO   
Epoch:[43]	 Train loss=0.622681796551.
Epoch:[43]	 Valid loss=0.709357082844.

2024-11-26 12:57:09,210   INFO   
Epoch:[44]	 Train loss=0.628183037043.
Epoch:[44]	 Valid loss=0.719263315201.

2024-11-26 12:57:10,102   INFO   
Epoch:[45]	 Train loss=0.650943219662.
Epoch:[45]	 Valid loss=0.726138174534.

2024-11-26 12:57:11,002   INFO   
Epoch:[46]	 Train loss=0.654037058353.
Epoch:[46]	 Valid loss=0.709436833858.

2024-11-26 12:57:11,856   INFO   
Epoch:[47]	 Train loss=0.630186617374.
Epoch:[47]	 Valid loss=0.700235188007.

2024-11-26 12:57:12,712   INFO   
Epoch:[48]	 Train loss=0.637522161007.
Epoch:[48]	 Valid loss=0.713224530220.

2024-11-26 12:57:13,546   INFO   
Epoch:[49]	 Train loss=0.624563038349.
Epoch:[49]	 Valid loss=0.710845172405.

2024-11-26 12:57:14,388   INFO   
Epoch:[50]	 Train loss=0.620545089245.
Epoch:[50]	 Valid loss=0.715909361839.

2024-11-26 12:57:15,247   INFO   
Epoch:[51]	 Train loss=0.610762029886.
Epoch:[51]	 Valid loss=0.695803999901.

2024-11-26 12:57:16,164   INFO   
Epoch:[52]	 Train loss=0.606508105993.
Epoch:[52]	 Valid loss=0.703207373619.

2024-11-26 12:57:17,018   INFO   
Epoch:[53]	 Train loss=0.609379410744.
Epoch:[53]	 Valid loss=0.694219827652.

2024-11-26 12:57:17,861   INFO   
Epoch:[54]	 Train loss=0.594670474529.
Epoch:[54]	 Valid loss=0.685953795910.

2024-11-26 12:57:18,694   INFO   
Epoch:[55]	 Train loss=0.593690991402.
Epoch:[55]	 Valid loss=0.720214545727.

2024-11-26 12:57:19,519   INFO   
Epoch:[56]	 Train loss=0.620465517044.
Epoch:[56]	 Valid loss=0.697136819363.

2024-11-26 12:57:20,378   INFO   
Epoch:[57]	 Train loss=0.601223707199.
Epoch:[57]	 Valid loss=0.684666037560.

2024-11-26 12:57:21,326   INFO   
Epoch:[58]	 Train loss=0.581919819117.
Epoch:[58]	 Valid loss=0.683447599411.

2024-11-26 12:57:22,185   INFO   
Epoch:[59]	 Train loss=0.580790549517.
Epoch:[59]	 Valid loss=0.695637166500.

2024-11-26 12:57:23,021   INFO   
Epoch:[60]	 Train loss=0.602953761816.
Epoch:[60]	 Valid loss=0.693086981773.

2024-11-26 12:57:23,863   INFO   
Epoch:[61]	 Train loss=0.607573986053.
Epoch:[61]	 Valid loss=0.685524880886.

2024-11-26 12:57:24,712   INFO   
Epoch:[62]	 Train loss=0.592241972685.
Epoch:[62]	 Valid loss=0.686225533485.

2024-11-26 12:57:25,575   INFO   
Epoch:[63]	 Train loss=0.593818694353.
Epoch:[63]	 Valid loss=0.681318521500.

2024-11-26 12:57:26,465   INFO   
Epoch:[64]	 Train loss=0.611429989338.
Epoch:[64]	 Valid loss=0.674839973450.

2024-11-26 12:57:27,296   INFO   
Epoch:[65]	 Train loss=0.581403315067.
Epoch:[65]	 Valid loss=0.690765380859.

2024-11-26 12:57:28,140   INFO   
Epoch:[66]	 Train loss=0.568671941757.
Epoch:[66]	 Valid loss=0.681154131889.

2024-11-26 12:57:28,977   INFO   
Epoch:[67]	 Train loss=0.576019346714.
Epoch:[67]	 Valid loss=0.668959021568.

2024-11-26 12:57:29,810   INFO   
Epoch:[68]	 Train loss=0.565273344517.
Epoch:[68]	 Valid loss=0.676033020020.

2024-11-26 12:57:30,650   INFO   
Epoch:[69]	 Train loss=0.570197641850.
Epoch:[69]	 Valid loss=0.677492439747.

2024-11-26 12:57:31,544   INFO   
Epoch:[70]	 Train loss=0.571603953838.
Epoch:[70]	 Valid loss=0.664134204388.

2024-11-26 12:57:32,398   INFO   
Epoch:[71]	 Train loss=0.559389710426.
Epoch:[71]	 Valid loss=0.667201459408.

2024-11-26 12:57:33,250   INFO   
Epoch:[72]	 Train loss=0.534427881241.
Epoch:[72]	 Valid loss=0.656722664833.

2024-11-26 12:57:34,082   INFO   
Epoch:[73]	 Train loss=0.547978878021.
Epoch:[73]	 Valid loss=0.709290206432.

2024-11-26 12:57:34,921   INFO   
Epoch:[74]	 Train loss=0.613875538111.
Epoch:[74]	 Valid loss=0.682936072350.

2024-11-26 12:57:35,763   INFO   
Epoch:[75]	 Train loss=0.550295799971.
Epoch:[75]	 Valid loss=0.699195981026.

2024-11-26 12:57:36,660   INFO   
Epoch:[76]	 Train loss=0.574276328087.
Epoch:[76]	 Valid loss=0.679562807083.

2024-11-26 12:57:37,529   INFO   
Epoch:[77]	 Train loss=0.580235332251.
Epoch:[77]	 Valid loss=0.674511253834.

2024-11-26 12:57:38,365   INFO   
Epoch:[78]	 Train loss=0.552202552557.
Epoch:[78]	 Valid loss=0.664309620857.

2024-11-26 12:57:39,199   INFO   
Epoch:[79]	 Train loss=0.540872842073.
Epoch:[79]	 Valid loss=0.660034060478.

2024-11-26 12:57:40,080   INFO   
Epoch:[80]	 Train loss=0.556780129671.
Epoch:[80]	 Valid loss=0.658915162086.

2024-11-26 12:57:40,932   INFO   
Epoch:[81]	 Train loss=0.545192331076.
Epoch:[81]	 Valid loss=0.677924573421.

2024-11-26 12:57:41,792   INFO   
Epoch:[82]	 Train loss=0.558125495911.
Epoch:[82]	 Valid loss=0.654616415501.

2024-11-26 12:57:42,637   INFO   
Epoch:[83]	 Train loss=0.538736522198.
Epoch:[83]	 Valid loss=0.660233616829.

2024-11-26 12:57:43,676   INFO   
Epoch:[84]	 Train loss=0.531561642885.
Epoch:[84]	 Valid loss=0.656323611736.

2024-11-26 12:57:44,527   INFO   
Epoch:[85]	 Train loss=0.530195340514.
Epoch:[85]	 Valid loss=0.674384534359.

2024-11-26 12:57:45,360   INFO   
Epoch:[86]	 Train loss=0.548342496157.
Epoch:[86]	 Valid loss=0.656225800514.

2024-11-26 12:57:46,234   INFO   
Epoch:[87]	 Train loss=0.521113708615.
Epoch:[87]	 Valid loss=0.646676898003.

2024-11-26 12:57:47,084   INFO   
Epoch:[88]	 Train loss=0.527082338929.
Epoch:[88]	 Valid loss=0.652302861214.

2024-11-26 12:57:47,902   INFO   
Epoch:[89]	 Train loss=0.509541243315.
Epoch:[89]	 Valid loss=0.652189910412.

2024-11-26 12:57:48,824   INFO   
Epoch:[90]	 Train loss=0.510312020779.
Epoch:[90]	 Valid loss=0.671162903309.

2024-11-26 12:57:49,692   INFO   
Epoch:[91]	 Train loss=0.526987165213.
Epoch:[91]	 Valid loss=0.660729646683.

2024-11-26 12:57:50,528   INFO   
Epoch:[92]	 Train loss=0.542970180511.
Epoch:[92]	 Valid loss=0.658077239990.

2024-11-26 12:57:51,369   INFO   
Epoch:[93]	 Train loss=0.521988868713.
Epoch:[93]	 Valid loss=0.685011684895.

2024-11-26 12:57:52,207   INFO   
Epoch:[94]	 Train loss=0.554111689329.
Epoch:[94]	 Valid loss=0.640247106552.

2024-11-26 12:57:53,052   INFO   
Epoch:[95]	 Train loss=0.521929979324.
Epoch:[95]	 Valid loss=0.653967201710.

2024-11-26 12:57:53,962   INFO   
Epoch:[96]	 Train loss=0.497328400612.
Epoch:[96]	 Valid loss=0.663594365120.

2024-11-26 12:57:54,822   INFO   
Epoch:[97]	 Train loss=0.507813021541.
Epoch:[97]	 Valid loss=0.666109323502.

2024-11-26 12:57:55,692   INFO   
Epoch:[98]	 Train loss=0.502186536789.
Epoch:[98]	 Valid loss=0.636447846889.

2024-11-26 12:57:56,537   INFO   
Epoch:[99]	 Train loss=0.501687034965.
Epoch:[99]	 Valid loss=0.655973672867.

2024-11-26 12:57:57,383   INFO   
Epoch:[100]	 Train loss=0.514896482229.
Epoch:[100]	 Valid loss=0.662323772907.

2024-11-26 12:57:58,220   INFO   
Epoch:[101]	 Train loss=0.502996608615.
Epoch:[101]	 Valid loss=0.646730363369.

2024-11-26 12:57:59,138   INFO   
Epoch:[102]	 Train loss=0.481352657080.
Epoch:[102]	 Valid loss=0.639180898666.

2024-11-26 12:58:00,021   INFO   
Epoch:[103]	 Train loss=0.497516661882.
Epoch:[103]	 Valid loss=0.642745554447.

2024-11-26 12:58:00,918   INFO   
Epoch:[104]	 Train loss=0.489206478000.
Epoch:[104]	 Valid loss=0.659702181816.

2024-11-26 12:58:01,777   INFO   
Epoch:[105]	 Train loss=0.481414929032.
Epoch:[105]	 Valid loss=0.633411467075.

2024-11-26 12:58:02,630   INFO   
Epoch:[106]	 Train loss=0.481977939606.
Epoch:[106]	 Valid loss=0.638266623020.

2024-11-26 12:58:03,454   INFO   
Epoch:[107]	 Train loss=0.469102948904.
Epoch:[107]	 Valid loss=0.640601456165.

2024-11-26 12:58:04,359   INFO   
Epoch:[108]	 Train loss=0.490049108863.
Epoch:[108]	 Valid loss=0.700142920017.

2024-11-26 12:58:05,219   INFO   
Epoch:[109]	 Train loss=0.496267318726.
Epoch:[109]	 Valid loss=0.653248369694.

2024-11-26 12:58:06,078   INFO   
Epoch:[110]	 Train loss=0.490356013179.
Epoch:[110]	 Valid loss=0.642165958881.

2024-11-26 12:58:06,926   INFO   
Epoch:[111]	 Train loss=0.467522948980.
Epoch:[111]	 Valid loss=0.644469797611.

2024-11-26 12:58:07,766   INFO   
Epoch:[112]	 Train loss=0.470986574888.
Epoch:[112]	 Valid loss=0.643446624279.

2024-11-26 12:58:08,603   INFO   
Epoch:[113]	 Train loss=0.457861289382.
Epoch:[113]	 Valid loss=0.637263357639.

2024-11-26 12:58:09,469   INFO   
Epoch:[114]	 Train loss=0.464908763766.
Epoch:[114]	 Valid loss=0.647297859192.

2024-11-26 12:58:10,290   INFO   
Epoch:[115]	 Train loss=0.471799299121.
Epoch:[115]	 Valid loss=0.640484213829.

2024-11-26 12:58:11,137   INFO   
Epoch:[116]	 Train loss=0.463392123580.
Epoch:[116]	 Valid loss=0.638794183731.

2024-11-26 12:58:11,961   INFO   
Epoch:[117]	 Train loss=0.446601942182.
Epoch:[117]	 Valid loss=0.666309356689.

2024-11-26 12:58:12,815   INFO   
Epoch:[118]	 Train loss=0.487913474441.
Epoch:[118]	 Valid loss=0.652356386185.

2024-11-26 12:58:13,662   INFO   
Epoch:[119]	 Train loss=0.452063083649.
Epoch:[119]	 Valid loss=0.633257269859.

2024-11-26 12:58:14,505   INFO   
Epoch:[120]	 Train loss=0.453669175506.
Epoch:[120]	 Valid loss=0.639273643494.

2024-11-26 12:58:15,403   INFO   
Epoch:[121]	 Train loss=0.458234310150.
Epoch:[121]	 Valid loss=0.645034670830.

2024-11-26 12:58:16,273   INFO   
Epoch:[122]	 Train loss=0.429198116064.
Epoch:[122]	 Valid loss=0.626406252384.

2024-11-26 12:58:17,128   INFO   
Epoch:[123]	 Train loss=0.465454414487.
Epoch:[123]	 Valid loss=0.652252376080.

2024-11-26 12:58:17,965   INFO   
Epoch:[124]	 Train loss=0.457100495696.
Epoch:[124]	 Valid loss=0.631544351578.

2024-11-26 12:58:18,827   INFO   
Epoch:[125]	 Train loss=0.471357509494.
Epoch:[125]	 Valid loss=0.646095037460.

2024-11-26 12:58:19,658   INFO   
Epoch:[126]	 Train loss=0.453240647912.
Epoch:[126]	 Valid loss=0.634810864925.

2024-11-26 12:58:20,575   INFO   
Epoch:[127]	 Train loss=0.440894275904.
Epoch:[127]	 Valid loss=0.624519705772.

2024-11-26 12:58:21,421   INFO   
Epoch:[128]	 Train loss=0.424080640078.
Epoch:[128]	 Valid loss=0.630381345749.

2024-11-26 12:58:22,351   INFO   
Epoch:[129]	 Train loss=0.432928293943.
Epoch:[129]	 Valid loss=0.652554452419.

2024-11-26 12:58:23,202   INFO   
Epoch:[130]	 Train loss=0.487669110298.
Epoch:[130]	 Valid loss=0.689912617207.

2024-11-26 12:58:24,033   INFO   
Epoch:[131]	 Train loss=0.474178448319.
Epoch:[131]	 Valid loss=0.685366213322.

2024-11-26 12:58:24,888   INFO   
Epoch:[132]	 Train loss=0.455835536122.
Epoch:[132]	 Valid loss=0.675335705280.

2024-11-26 12:58:25,782   INFO   
Epoch:[133]	 Train loss=0.473403483629.
Epoch:[133]	 Valid loss=0.637971699238.

2024-11-26 12:58:26,652   INFO   
Epoch:[134]	 Train loss=0.436141133308.
Epoch:[134]	 Valid loss=0.688750803471.

2024-11-26 12:58:27,509   INFO   
Epoch:[135]	 Train loss=0.451672151685.
Epoch:[135]	 Valid loss=0.713262677193.

2024-11-26 12:58:28,332   INFO   
Epoch:[136]	 Train loss=0.491706386209.
Epoch:[136]	 Valid loss=0.661343693733.

2024-11-26 12:58:29,171   INFO   
Epoch:[137]	 Train loss=0.457874417305.
Epoch:[137]	 Valid loss=0.643697142601.

2024-11-26 12:58:30,038   INFO   
Epoch:[138]	 Train loss=0.454943776131.
Epoch:[138]	 Valid loss=0.646204948425.

2024-11-26 12:58:30,885   INFO   
Epoch:[139]	 Train loss=0.450613915920.
Epoch:[139]	 Valid loss=0.642715215683.

2024-11-26 12:58:31,719   INFO   
Epoch:[140]	 Train loss=0.418920934200.
Epoch:[140]	 Valid loss=0.654055416584.

2024-11-26 12:58:32,568   INFO   
Epoch:[141]	 Train loss=0.422830671072.
Epoch:[141]	 Valid loss=0.663739621639.

2024-11-26 12:58:33,398   INFO   
Epoch:[142]	 Train loss=0.425839811563.
Epoch:[142]	 Valid loss=0.651880621910.

2024-11-26 12:58:34,226   INFO   
Epoch:[143]	 Train loss=0.430432870984.
Epoch:[143]	 Valid loss=0.646998822689.

2024-11-26 12:58:35,073   INFO   
Epoch:[144]	 Train loss=0.392997622490.
Epoch:[144]	 Valid loss=0.635181963444.

2024-11-26 12:58:35,928   INFO   
Epoch:[145]	 Train loss=0.402996867895.
Epoch:[145]	 Valid loss=0.640082180500.

2024-11-26 12:58:36,782   INFO   
Epoch:[146]	 Train loss=0.409922525287.
Epoch:[146]	 Valid loss=0.643116056919.

2024-11-26 12:58:37,637   INFO   
Epoch:[147]	 Train loss=0.401626259089.
Epoch:[147]	 Valid loss=0.652380883694.

2024-11-26 12:58:38,463   INFO   
Epoch:[148]	 Train loss=0.420584067702.
Epoch:[148]	 Valid loss=0.638973534107.

2024-11-26 12:58:39,316   INFO   
Epoch:[149]	 Train loss=0.423150733113.
Epoch:[149]	 Valid loss=0.639777779579.

2024-11-26 12:58:40,152   INFO   
Epoch:[150]	 Train loss=0.418605387211.
Epoch:[150]	 Valid loss=0.647100031376.

2024-11-26 12:58:40,991   INFO   
Epoch:[151]	 Train loss=0.409551277757.
Epoch:[151]	 Valid loss=0.677687942982.

2024-11-26 12:58:41,842   INFO   
Epoch:[152]	 Train loss=0.394305303693.
Epoch:[152]	 Valid loss=0.657355487347.

2024-11-26 12:58:42,678   INFO   
Epoch:[153]	 Train loss=0.417415499687.
Epoch:[153]	 Valid loss=0.640303492546.

2024-11-26 12:58:43,557   INFO   
Epoch:[154]	 Train loss=0.397900059819.
Epoch:[154]	 Valid loss=0.647780179977.

2024-11-26 12:58:44,398   INFO   
Epoch:[155]	 Train loss=0.386450886726.
Epoch:[155]	 Valid loss=0.644370019436.

2024-11-26 12:58:45,257   INFO   
Epoch:[156]	 Train loss=0.387764722109.
Epoch:[156]	 Valid loss=0.655134379864.

2024-11-26 12:58:46,113   INFO   
Epoch:[157]	 Train loss=0.390961810946.
Epoch:[157]	 Valid loss=0.655391514301.

2024-11-26 12:58:46,953   INFO   
Epoch:[158]	 Train loss=0.392889901996.
Epoch:[158]	 Valid loss=0.652052521706.

2024-11-26 12:58:47,798   INFO   
Epoch:[159]	 Train loss=0.386856541038.
Epoch:[159]	 Valid loss=0.646859705448.

2024-11-26 12:58:48,651   INFO   
Epoch:[160]	 Train loss=0.380187928677.
Epoch:[160]	 Valid loss=0.671085357666.

2024-11-26 12:58:49,521   INFO   
Epoch:[161]	 Train loss=0.359758853912.
Epoch:[161]	 Valid loss=0.643545091152.

2024-11-26 12:58:50,372   INFO   
Epoch:[162]	 Train loss=0.374486938119.
Epoch:[162]	 Valid loss=0.645779490471.

2024-11-26 12:58:51,212   INFO   
Epoch:[163]	 Train loss=0.369335383177.
Epoch:[163]	 Valid loss=0.682515799999.

2024-11-26 12:58:52,064   INFO   
Epoch:[164]	 Train loss=0.375014409423.
Epoch:[164]	 Valid loss=0.645416915417.

2024-11-26 12:58:52,918   INFO   
Epoch:[165]	 Train loss=0.389118328691.
Epoch:[165]	 Valid loss=0.632364630699.

2024-11-26 12:58:53,756   INFO   
Epoch:[166]	 Train loss=0.355866178870.
Epoch:[166]	 Valid loss=0.654958486557.

2024-11-26 12:58:54,598   INFO   
Epoch:[167]	 Train loss=0.375757709146.
Epoch:[167]	 Valid loss=0.644510865211.

2024-11-26 12:58:55,418   INFO   
Epoch:[168]	 Train loss=0.346481278539.
Epoch:[168]	 Valid loss=0.640680074692.

2024-11-26 12:58:56,268   INFO   
Epoch:[169]	 Train loss=0.373239353299.
Epoch:[169]	 Valid loss=0.655623435974.

2024-11-26 12:58:57,108   INFO   
Epoch:[170]	 Train loss=0.367917314172.
Epoch:[170]	 Valid loss=0.646915793419.

2024-11-26 12:58:57,948   INFO   
Epoch:[171]	 Train loss=0.385839641094.
Epoch:[171]	 Valid loss=0.630530416965.

2024-11-26 12:58:58,787   INFO   
Epoch:[172]	 Train loss=0.346019133925.
Epoch:[172]	 Valid loss=0.639737129211.

2024-11-26 12:58:59,628   INFO   
Epoch:[173]	 Train loss=0.360732689500.
Epoch:[173]	 Valid loss=0.676739335060.

2024-11-26 12:59:00,472   INFO   
Epoch:[174]	 Train loss=0.477235972881.
Epoch:[174]	 Valid loss=0.698383986950.

2024-11-26 12:59:01,317   INFO   
Epoch:[175]	 Train loss=0.424926221371.
Epoch:[175]	 Valid loss=0.699185490608.

2024-11-26 12:59:02,160   INFO   
Epoch:[176]	 Train loss=0.397885218263.
Epoch:[176]	 Valid loss=0.666752994061.

2024-11-26 12:59:02,160   INFO   Early stopping at epoch 176
