2024-11-26 13:15:19,679   INFO   Training starts!
2024-11-26 13:15:20,446   INFO   
Epoch:[1]	 Train loss=1.167287826538.
Epoch:[1]	 Valid loss=1.062980055809.

2024-11-26 13:15:21,301   INFO   
Epoch:[2]	 Train loss=0.959168583155.
Epoch:[2]	 Valid loss=0.891204118729.

2024-11-26 13:15:22,230   INFO   
Epoch:[3]	 Train loss=0.960692644119.
Epoch:[3]	 Valid loss=0.902978122234.

2024-11-26 13:15:23,141   INFO   
Epoch:[4]	 Train loss=0.898392707109.
Epoch:[4]	 Valid loss=0.963609158993.

2024-11-26 13:15:24,038   INFO   
Epoch:[5]	 Train loss=0.907277137041.
Epoch:[5]	 Valid loss=0.964988052845.

2024-11-26 13:15:24,943   INFO   
Epoch:[6]	 Train loss=0.885091483593.
Epoch:[6]	 Valid loss=0.917782723904.

2024-11-26 13:15:25,837   INFO   
Epoch:[7]	 Train loss=0.878226220608.
Epoch:[7]	 Valid loss=0.878621280193.

2024-11-26 13:15:26,725   INFO   
Epoch:[8]	 Train loss=0.846507072449.
Epoch:[8]	 Valid loss=0.867013216019.

2024-11-26 13:15:27,661   INFO   
Epoch:[9]	 Train loss=0.861858010292.
Epoch:[9]	 Valid loss=0.874579071999.

2024-11-26 13:15:28,565   INFO   
Epoch:[10]	 Train loss=0.842955678701.
Epoch:[10]	 Valid loss=0.899972021580.

2024-11-26 13:15:29,474   INFO   
Epoch:[11]	 Train loss=0.820239901543.
Epoch:[11]	 Valid loss=0.899532139301.

2024-11-26 13:15:30,378   INFO   
Epoch:[12]	 Train loss=0.831088066101.
Epoch:[12]	 Valid loss=0.868801116943.

2024-11-26 13:15:31,257   INFO   
Epoch:[13]	 Train loss=0.797556012869.
Epoch:[13]	 Valid loss=0.843878209591.

2024-11-26 13:15:32,115   INFO   
Epoch:[14]	 Train loss=0.800822257996.
Epoch:[14]	 Valid loss=0.844074606895.

2024-11-26 13:15:33,068   INFO   
Epoch:[15]	 Train loss=0.800561040640.
Epoch:[15]	 Valid loss=0.869521558285.

2024-11-26 13:15:33,968   INFO   
Epoch:[16]	 Train loss=0.777131706476.
Epoch:[16]	 Valid loss=0.871990561485.

2024-11-26 13:15:34,847   INFO   
Epoch:[17]	 Train loss=0.774232685566.
Epoch:[17]	 Valid loss=0.847287893295.

2024-11-26 13:15:35,760   INFO   
Epoch:[18]	 Train loss=0.786402314901.
Epoch:[18]	 Valid loss=0.840111374855.

2024-11-26 13:15:36,648   INFO   
Epoch:[19]	 Train loss=0.774186730385.
Epoch:[19]	 Valid loss=0.853541910648.

2024-11-26 13:15:37,553   INFO   
Epoch:[20]	 Train loss=0.772646129131.
Epoch:[20]	 Valid loss=0.868074774742.

2024-11-26 13:15:38,636   INFO   
Epoch:[21]	 Train loss=0.760099172592.
Epoch:[21]	 Valid loss=0.848884761333.

2024-11-26 13:15:39,536   INFO   
Epoch:[22]	 Train loss=0.783701092005.
Epoch:[22]	 Valid loss=0.829140961170.

2024-11-26 13:15:40,424   INFO   
Epoch:[23]	 Train loss=0.756050199270.
Epoch:[23]	 Valid loss=0.830655097961.

2024-11-26 13:15:41,294   INFO   
Epoch:[24]	 Train loss=0.758652806282.
Epoch:[24]	 Valid loss=0.833674371243.

2024-11-26 13:15:42,173   INFO   
Epoch:[25]	 Train loss=0.763153970242.
Epoch:[25]	 Valid loss=0.823012948036.

2024-11-26 13:15:43,084   INFO   
Epoch:[26]	 Train loss=0.752367407084.
Epoch:[26]	 Valid loss=0.817085444927.

2024-11-26 13:15:44,018   INFO   
Epoch:[27]	 Train loss=0.731166481972.
Epoch:[27]	 Valid loss=0.812626600266.

2024-11-26 13:15:44,916   INFO   
Epoch:[28]	 Train loss=0.710615783930.
Epoch:[28]	 Valid loss=0.793387472630.

2024-11-26 13:15:45,823   INFO   
Epoch:[29]	 Train loss=0.719725340605.
Epoch:[29]	 Valid loss=0.794201672077.

2024-11-26 13:15:46,699   INFO   
Epoch:[30]	 Train loss=0.726330161095.
Epoch:[30]	 Valid loss=0.782617628574.

2024-11-26 13:15:47,578   INFO   
Epoch:[31]	 Train loss=0.698159247637.
Epoch:[31]	 Valid loss=0.769597232342.

2024-11-26 13:15:48,503   INFO   
Epoch:[32]	 Train loss=0.705697655678.
Epoch:[32]	 Valid loss=0.792641043663.

2024-11-26 13:15:49,417   INFO   
Epoch:[33]	 Train loss=0.664820671082.
Epoch:[33]	 Valid loss=0.753242611885.

2024-11-26 13:15:50,314   INFO   
Epoch:[34]	 Train loss=0.684080362320.
Epoch:[34]	 Valid loss=0.760827243328.

2024-11-26 13:15:51,205   INFO   
Epoch:[35]	 Train loss=0.672315835953.
Epoch:[35]	 Valid loss=0.751385807991.

2024-11-26 13:15:52,147   INFO   
Epoch:[36]	 Train loss=0.668214946985.
Epoch:[36]	 Valid loss=0.739910006523.

2024-11-26 13:15:53,032   INFO   
Epoch:[37]	 Train loss=0.626359343529.
Epoch:[37]	 Valid loss=0.744049310684.

2024-11-26 13:15:53,989   INFO   
Epoch:[38]	 Train loss=0.677044779062.
Epoch:[38]	 Valid loss=0.742169976234.

2024-11-26 13:15:54,903   INFO   
Epoch:[39]	 Train loss=0.643799543381.
Epoch:[39]	 Valid loss=0.728785455227.

2024-11-26 13:15:55,791   INFO   
Epoch:[40]	 Train loss=0.628390878439.
Epoch:[40]	 Valid loss=0.764367759228.

2024-11-26 13:15:56,664   INFO   
Epoch:[41]	 Train loss=0.642375230789.
Epoch:[41]	 Valid loss=0.716235280037.

2024-11-26 13:15:57,543   INFO   
Epoch:[42]	 Train loss=0.638691127300.
Epoch:[42]	 Valid loss=0.738969624043.

2024-11-26 13:15:58,418   INFO   
Epoch:[43]	 Train loss=0.643627375364.
Epoch:[43]	 Valid loss=0.721719026566.

2024-11-26 13:15:59,367   INFO   
Epoch:[44]	 Train loss=0.622605055571.
Epoch:[44]	 Valid loss=0.728247702122.

2024-11-26 13:16:00,279   INFO   
Epoch:[45]	 Train loss=0.641335517168.
Epoch:[45]	 Valid loss=0.726458191872.

2024-11-26 13:16:01,281   INFO   
Epoch:[46]	 Train loss=0.623743504286.
Epoch:[46]	 Valid loss=0.709960758686.

2024-11-26 13:16:02,139   INFO   
Epoch:[47]	 Train loss=0.623252600431.
Epoch:[47]	 Valid loss=0.718922793865.

2024-11-26 13:16:03,033   INFO   
Epoch:[48]	 Train loss=0.609319657087.
Epoch:[48]	 Valid loss=0.707641839981.

2024-11-26 13:16:03,908   INFO   
Epoch:[49]	 Train loss=0.636854320765.
Epoch:[49]	 Valid loss=0.730579257011.

2024-11-26 13:16:04,869   INFO   
Epoch:[50]	 Train loss=0.602416604757.
Epoch:[50]	 Valid loss=0.702297985554.

2024-11-26 13:16:05,786   INFO   
Epoch:[51]	 Train loss=0.625694066286.
Epoch:[51]	 Valid loss=0.728860199451.

2024-11-26 13:16:06,659   INFO   
Epoch:[52]	 Train loss=0.608661055565.
Epoch:[52]	 Valid loss=0.704853177071.

2024-11-26 13:16:07,528   INFO   
Epoch:[53]	 Train loss=0.617501109838.
Epoch:[53]	 Valid loss=0.704539120197.

2024-11-26 13:16:08,426   INFO   
Epoch:[54]	 Train loss=0.625163644552.
Epoch:[54]	 Valid loss=0.697496712208.

2024-11-26 13:16:09,370   INFO   
Epoch:[55]	 Train loss=0.587133705616.
Epoch:[55]	 Valid loss=0.693948864937.

2024-11-26 13:16:10,321   INFO   
Epoch:[56]	 Train loss=0.596399366856.
Epoch:[56]	 Valid loss=0.711264669895.

2024-11-26 13:16:11,220   INFO   
Epoch:[57]	 Train loss=0.618622303009.
Epoch:[57]	 Valid loss=0.688864111900.

2024-11-26 13:16:12,099   INFO   
Epoch:[58]	 Train loss=0.609543591738.
Epoch:[58]	 Valid loss=0.694673240185.

2024-11-26 13:16:12,990   INFO   
Epoch:[59]	 Train loss=0.593955546618.
Epoch:[59]	 Valid loss=0.693670630455.

2024-11-26 13:16:13,862   INFO   
Epoch:[60]	 Train loss=0.598158001900.
Epoch:[60]	 Valid loss=0.690219700336.

2024-11-26 13:16:14,775   INFO   
Epoch:[61]	 Train loss=0.570474684238.
Epoch:[61]	 Valid loss=0.703978180885.

2024-11-26 13:16:15,704   INFO   
Epoch:[62]	 Train loss=0.574464142323.
Epoch:[62]	 Valid loss=0.677226603031.

2024-11-26 13:16:16,603   INFO   
Epoch:[63]	 Train loss=0.586469322443.
Epoch:[63]	 Valid loss=0.704964518547.

2024-11-26 13:16:17,492   INFO   
Epoch:[64]	 Train loss=0.590019077063.
Epoch:[64]	 Valid loss=0.679089665413.

2024-11-26 13:16:18,380   INFO   
Epoch:[65]	 Train loss=0.583882212639.
Epoch:[65]	 Valid loss=0.703990519047.

2024-11-26 13:16:19,273   INFO   
Epoch:[66]	 Train loss=0.599825173616.
Epoch:[66]	 Valid loss=0.678097486496.

2024-11-26 13:16:20,361   INFO   
Epoch:[67]	 Train loss=0.591866046190.
Epoch:[67]	 Valid loss=0.708719432354.

2024-11-26 13:16:21,251   INFO   
Epoch:[68]	 Train loss=0.572592079639.
Epoch:[68]	 Valid loss=0.680117964745.

2024-11-26 13:16:22,140   INFO   
Epoch:[69]	 Train loss=0.579928934574.
Epoch:[69]	 Valid loss=0.708102881908.

2024-11-26 13:16:23,021   INFO   
Epoch:[70]	 Train loss=0.585653513670.
Epoch:[70]	 Valid loss=0.679316103458.

2024-11-26 13:16:23,906   INFO   
Epoch:[71]	 Train loss=0.569174349308.
Epoch:[71]	 Valid loss=0.692316412926.

2024-11-26 13:16:24,806   INFO   
Epoch:[72]	 Train loss=0.571070671082.
Epoch:[72]	 Valid loss=0.677187740803.

2024-11-26 13:16:25,701   INFO   
Epoch:[73]	 Train loss=0.578964740038.
Epoch:[73]	 Valid loss=0.685530960560.

2024-11-26 13:16:26,668   INFO   
Epoch:[74]	 Train loss=0.563322067261.
Epoch:[74]	 Valid loss=0.679482817650.

2024-11-26 13:16:27,563   INFO   
Epoch:[75]	 Train loss=0.574552893639.
Epoch:[75]	 Valid loss=0.670226693153.

2024-11-26 13:16:28,451   INFO   
Epoch:[76]	 Train loss=0.554281324148.
Epoch:[76]	 Valid loss=0.657269179821.

2024-11-26 13:16:29,336   INFO   
Epoch:[77]	 Train loss=0.561803996563.
Epoch:[77]	 Valid loss=0.686197459698.

2024-11-26 13:16:30,213   INFO   
Epoch:[78]	 Train loss=0.564855962992.
Epoch:[78]	 Valid loss=0.670759797096.

2024-11-26 13:16:31,118   INFO   
Epoch:[79]	 Train loss=0.559483647346.
Epoch:[79]	 Valid loss=0.664580345154.

2024-11-26 13:16:32,081   INFO   
Epoch:[80]	 Train loss=0.572999775410.
Epoch:[80]	 Valid loss=0.668879806995.

2024-11-26 13:16:32,979   INFO   
Epoch:[81]	 Train loss=0.536730438471.
Epoch:[81]	 Valid loss=0.671633899212.

2024-11-26 13:16:33,858   INFO   
Epoch:[82]	 Train loss=0.519665718079.
Epoch:[82]	 Valid loss=0.667068421841.

2024-11-26 13:16:34,748   INFO   
Epoch:[83]	 Train loss=0.539476692677.
Epoch:[83]	 Valid loss=0.649655163288.

2024-11-26 13:16:35,641   INFO   
Epoch:[84]	 Train loss=0.540622502565.
Epoch:[84]	 Valid loss=0.658660352230.

2024-11-26 13:16:36,589   INFO   
Epoch:[85]	 Train loss=0.521813780069.
Epoch:[85]	 Valid loss=0.673604965210.

2024-11-26 13:16:37,519   INFO   
Epoch:[86]	 Train loss=0.559392988682.
Epoch:[86]	 Valid loss=0.674870073795.

2024-11-26 13:16:38,403   INFO   
Epoch:[87]	 Train loss=0.557329505682.
Epoch:[87]	 Valid loss=0.650826215744.

2024-11-26 13:16:39,291   INFO   
Epoch:[88]	 Train loss=0.560918033123.
Epoch:[88]	 Valid loss=0.654774248600.

2024-11-26 13:16:40,154   INFO   
Epoch:[89]	 Train loss=0.543852388859.
Epoch:[89]	 Valid loss=0.668745994568.

2024-11-26 13:16:41,055   INFO   
Epoch:[90]	 Train loss=0.530683785677.
Epoch:[90]	 Valid loss=0.661246061325.

2024-11-26 13:16:41,974   INFO   
Epoch:[91]	 Train loss=0.548823028803.
Epoch:[91]	 Valid loss=0.659369349480.

2024-11-26 13:16:42,865   INFO   
Epoch:[92]	 Train loss=0.581625074148.
Epoch:[92]	 Valid loss=0.648878455162.

2024-11-26 13:16:43,726   INFO   
Epoch:[93]	 Train loss=0.543138951063.
Epoch:[93]	 Valid loss=0.668673455715.

2024-11-26 13:16:44,663   INFO   
Epoch:[94]	 Train loss=0.511449381709.
Epoch:[94]	 Valid loss=0.659116506577.

2024-11-26 13:16:45,542   INFO   
Epoch:[95]	 Train loss=0.551199853420.
Epoch:[95]	 Valid loss=0.648400485516.

2024-11-26 13:16:46,475   INFO   
Epoch:[96]	 Train loss=0.518819630146.
Epoch:[96]	 Valid loss=0.647313714027.

2024-11-26 13:16:47,350   INFO   
Epoch:[97]	 Train loss=0.522154927254.
Epoch:[97]	 Valid loss=0.655436575413.

2024-11-26 13:16:48,243   INFO   
Epoch:[98]	 Train loss=0.545106649399.
Epoch:[98]	 Valid loss=0.672493159771.

2024-11-26 13:16:49,125   INFO   
Epoch:[99]	 Train loss=0.527642548084.
Epoch:[99]	 Valid loss=0.641603827477.

2024-11-26 13:16:50,080   INFO   
Epoch:[100]	 Train loss=0.546431839466.
Epoch:[100]	 Valid loss=0.644528210163.

2024-11-26 13:16:50,961   INFO   
Epoch:[101]	 Train loss=0.523172140121.
Epoch:[101]	 Valid loss=0.644119679928.

2024-11-26 13:16:51,855   INFO   
Epoch:[102]	 Train loss=0.520424902439.
Epoch:[102]	 Valid loss=0.650988399982.

2024-11-26 13:16:52,762   INFO   
Epoch:[103]	 Train loss=0.552012830973.
Epoch:[103]	 Valid loss=0.641891598701.

2024-11-26 13:16:53,651   INFO   
Epoch:[104]	 Train loss=0.507687196136.
Epoch:[104]	 Valid loss=0.651624679565.

2024-11-26 13:16:54,549   INFO   
Epoch:[105]	 Train loss=0.535304486752.
Epoch:[105]	 Valid loss=0.634865641594.

2024-11-26 13:16:55,455   INFO   
Epoch:[106]	 Train loss=0.521465256810.
Epoch:[106]	 Valid loss=0.650241851807.

2024-11-26 13:16:56,430   INFO   
Epoch:[107]	 Train loss=0.500267446041.
Epoch:[107]	 Valid loss=0.642791390419.

2024-11-26 13:16:57,316   INFO   
Epoch:[108]	 Train loss=0.529338449240.
Epoch:[108]	 Valid loss=0.637418031693.

2024-11-26 13:16:58,208   INFO   
Epoch:[109]	 Train loss=0.502387195826.
Epoch:[109]	 Valid loss=0.648164451122.

2024-11-26 13:16:59,094   INFO   
Epoch:[110]	 Train loss=0.510522127151.
Epoch:[110]	 Valid loss=0.636771798134.

2024-11-26 13:16:59,970   INFO   
Epoch:[111]	 Train loss=0.506343364716.
Epoch:[111]	 Valid loss=0.636944591999.

2024-11-26 13:17:00,876   INFO   
Epoch:[112]	 Train loss=0.507100418210.
Epoch:[112]	 Valid loss=0.627663969994.

2024-11-26 13:17:01,777   INFO   
Epoch:[113]	 Train loss=0.512047007680.
Epoch:[113]	 Valid loss=0.629393279552.

2024-11-26 13:17:02,713   INFO   
Epoch:[114]	 Train loss=0.501182854176.
Epoch:[114]	 Valid loss=0.637841284275.

2024-11-26 13:17:03,638   INFO   
Epoch:[115]	 Train loss=0.514608055353.
Epoch:[115]	 Valid loss=0.641492068768.

2024-11-26 13:17:04,526   INFO   
Epoch:[116]	 Train loss=0.503717571497.
Epoch:[116]	 Valid loss=0.624478518963.

2024-11-26 13:17:05,583   INFO   
Epoch:[117]	 Train loss=0.510872334242.
Epoch:[117]	 Valid loss=0.639481544495.

2024-11-26 13:17:06,776   INFO   
Epoch:[118]	 Train loss=0.512320816517.
Epoch:[118]	 Valid loss=0.639761388302.

2024-11-26 13:17:07,969   INFO   
Epoch:[119]	 Train loss=0.500999078155.
Epoch:[119]	 Valid loss=0.631212055683.

2024-11-26 13:17:09,031   INFO   
Epoch:[120]	 Train loss=0.504696309566.
Epoch:[120]	 Valid loss=0.627116382122.

2024-11-26 13:17:12,769   INFO   
Epoch:[121]	 Train loss=0.517316579819.
Epoch:[121]	 Valid loss=0.624599158764.

2024-11-26 13:17:19,671   INFO   
Epoch:[122]	 Train loss=0.509713307023.
Epoch:[122]	 Valid loss=0.642557919025.

2024-11-26 13:17:20,574   INFO   
Epoch:[123]	 Train loss=0.503518790007.
Epoch:[123]	 Valid loss=0.626118540764.

2024-11-26 13:17:21,512   INFO   
Epoch:[124]	 Train loss=0.481468006968.
Epoch:[124]	 Valid loss=0.621131956577.

2024-11-26 13:17:22,458   INFO   
Epoch:[125]	 Train loss=0.490375056863.
Epoch:[125]	 Valid loss=0.627028644085.

2024-11-26 13:17:23,397   INFO   
Epoch:[126]	 Train loss=0.486050605774.
Epoch:[126]	 Valid loss=0.633995473385.

2024-11-26 13:17:24,275   INFO   
Epoch:[127]	 Train loss=0.503426820040.
Epoch:[127]	 Valid loss=0.643249392509.

2024-11-26 13:17:25,168   INFO   
Epoch:[128]	 Train loss=0.484570533037.
Epoch:[128]	 Valid loss=0.617149472237.

2024-11-26 13:17:26,090   INFO   
Epoch:[129]	 Train loss=0.497711896896.
Epoch:[129]	 Valid loss=0.631379425526.

2024-11-26 13:17:26,982   INFO   
Epoch:[130]	 Train loss=0.478900253773.
Epoch:[130]	 Valid loss=0.628392100334.

2024-11-26 13:17:27,866   INFO   
Epoch:[131]	 Train loss=0.473841235042.
Epoch:[131]	 Valid loss=0.630896449089.

2024-11-26 13:17:28,812   INFO   
Epoch:[132]	 Train loss=0.499117463827.
Epoch:[132]	 Valid loss=0.622704565525.

2024-11-26 13:17:29,712   INFO   
Epoch:[133]	 Train loss=0.498903632164.
Epoch:[133]	 Valid loss=0.616861462593.

2024-11-26 13:17:30,609   INFO   
Epoch:[134]	 Train loss=0.481995269656.
Epoch:[134]	 Valid loss=0.637592077255.

2024-11-26 13:17:31,487   INFO   
Epoch:[135]	 Train loss=0.503010466695.
Epoch:[135]	 Valid loss=0.627091705799.

2024-11-26 13:17:32,366   INFO   
Epoch:[136]	 Train loss=0.508935824037.
Epoch:[136]	 Valid loss=0.633347332478.

2024-11-26 13:17:33,293   INFO   
Epoch:[137]	 Train loss=0.490640863776.
Epoch:[137]	 Valid loss=0.621744513512.

2024-11-26 13:17:34,198   INFO   
Epoch:[138]	 Train loss=0.478450164199.
Epoch:[138]	 Valid loss=0.623488426208.

2024-11-26 13:17:35,098   INFO   
Epoch:[139]	 Train loss=0.486090734601.
Epoch:[139]	 Valid loss=0.628474891186.

2024-11-26 13:17:36,084   INFO   
Epoch:[140]	 Train loss=0.461808249354.
Epoch:[140]	 Valid loss=0.617675125599.

2024-11-26 13:17:37,043   INFO   
Epoch:[141]	 Train loss=0.458489522338.
Epoch:[141]	 Valid loss=0.625311970711.

2024-11-26 13:17:37,989   INFO   
Epoch:[142]	 Train loss=0.475578010082.
Epoch:[142]	 Valid loss=0.612831830978.

2024-11-26 13:17:38,898   INFO   
Epoch:[143]	 Train loss=0.506563037634.
Epoch:[143]	 Valid loss=0.619980514050.

2024-11-26 13:17:39,849   INFO   
Epoch:[144]	 Train loss=0.463137507439.
Epoch:[144]	 Valid loss=0.622878134251.

2024-11-26 13:17:40,756   INFO   
Epoch:[145]	 Train loss=0.490319162607.
Epoch:[145]	 Valid loss=0.614374935627.

2024-11-26 13:17:41,643   INFO   
Epoch:[146]	 Train loss=0.492701560259.
Epoch:[146]	 Valid loss=0.638732671738.

2024-11-26 13:17:42,529   INFO   
Epoch:[147]	 Train loss=0.475673183799.
Epoch:[147]	 Valid loss=0.611463963985.

2024-11-26 13:17:43,438   INFO   
Epoch:[148]	 Train loss=0.472169682384.
Epoch:[148]	 Valid loss=0.614798486233.

2024-11-26 13:17:44,339   INFO   
Epoch:[149]	 Train loss=0.450040847063.
Epoch:[149]	 Valid loss=0.623830139637.

2024-11-26 13:17:45,280   INFO   
Epoch:[150]	 Train loss=0.466862559319.
Epoch:[150]	 Valid loss=0.616348505020.

2024-11-26 13:17:46,195   INFO   
Epoch:[151]	 Train loss=0.464875131845.
Epoch:[151]	 Valid loss=0.626750230789.

2024-11-26 13:17:47,113   INFO   
Epoch:[152]	 Train loss=0.458646252751.
Epoch:[152]	 Valid loss=0.618851602077.

2024-11-26 13:17:48,008   INFO   
Epoch:[153]	 Train loss=0.458942055702.
Epoch:[153]	 Valid loss=0.609200060368.

2024-11-26 13:17:48,907   INFO   
Epoch:[154]	 Train loss=0.464580699801.
Epoch:[154]	 Valid loss=0.615481555462.

2024-11-26 13:17:49,835   INFO   
Epoch:[155]	 Train loss=0.474005699158.
Epoch:[155]	 Valid loss=0.622270464897.

2024-11-26 13:17:50,757   INFO   
Epoch:[156]	 Train loss=0.476634204388.
Epoch:[156]	 Valid loss=0.613934695721.

2024-11-26 13:17:51,664   INFO   
Epoch:[157]	 Train loss=0.477908343077.
Epoch:[157]	 Valid loss=0.614874064922.

2024-11-26 13:17:52,676   INFO   
Epoch:[158]	 Train loss=0.437724232674.
Epoch:[158]	 Valid loss=0.608466684818.

2024-11-26 13:17:53,577   INFO   
Epoch:[159]	 Train loss=0.460854664445.
Epoch:[159]	 Valid loss=0.608427286148.

2024-11-26 13:17:54,453   INFO   
Epoch:[160]	 Train loss=0.465753763914.
Epoch:[160]	 Valid loss=0.613936007023.

2024-11-26 13:17:55,425   INFO   
Epoch:[161]	 Train loss=0.448873892426.
Epoch:[161]	 Valid loss=0.617223024368.

2024-11-26 13:17:56,324   INFO   
Epoch:[162]	 Train loss=0.447409495711.
Epoch:[162]	 Valid loss=0.613927543163.

2024-11-26 13:17:57,230   INFO   
Epoch:[163]	 Train loss=0.465303450823.
Epoch:[163]	 Valid loss=0.605912864208.

2024-11-26 13:17:58,123   INFO   
Epoch:[164]	 Train loss=0.460582792759.
Epoch:[164]	 Valid loss=0.605618834496.

2024-11-26 13:17:59,010   INFO   
Epoch:[165]	 Train loss=0.457870706916.
Epoch:[165]	 Valid loss=0.617050409317.

2024-11-26 13:17:59,902   INFO   
Epoch:[166]	 Train loss=0.455670431256.
Epoch:[166]	 Valid loss=0.601301133633.

2024-11-26 13:18:00,886   INFO   
Epoch:[167]	 Train loss=0.458399727941.
Epoch:[167]	 Valid loss=0.599094808102.

2024-11-26 13:18:01,794   INFO   
Epoch:[168]	 Train loss=0.426904976368.
Epoch:[168]	 Valid loss=0.615389287472.

2024-11-26 13:18:02,701   INFO   
Epoch:[169]	 Train loss=0.436537876725.
Epoch:[169]	 Valid loss=0.619468450546.

2024-11-26 13:18:03,591   INFO   
Epoch:[170]	 Train loss=0.456111326814.
Epoch:[170]	 Valid loss=0.610750436783.

2024-11-26 13:18:04,483   INFO   
Epoch:[171]	 Train loss=0.466911911964.
Epoch:[171]	 Valid loss=0.603268980980.

2024-11-26 13:18:05,398   INFO   
Epoch:[172]	 Train loss=0.458891004324.
Epoch:[172]	 Valid loss=0.599892318249.

2024-11-26 13:18:06,354   INFO   
Epoch:[173]	 Train loss=0.455342888832.
Epoch:[173]	 Valid loss=0.611107289791.

2024-11-26 13:18:07,307   INFO   
Epoch:[174]	 Train loss=0.428212374449.
Epoch:[174]	 Valid loss=0.608316957951.

2024-11-26 13:18:08,216   INFO   
Epoch:[175]	 Train loss=0.452764287591.
Epoch:[175]	 Valid loss=0.606333911419.

2024-11-26 13:18:09,114   INFO   
Epoch:[176]	 Train loss=0.452844560146.
Epoch:[176]	 Valid loss=0.611931562424.

2024-11-26 13:18:10,018   INFO   
Epoch:[177]	 Train loss=0.436741560698.
Epoch:[177]	 Valid loss=0.613836824894.

2024-11-26 13:18:10,919   INFO   
Epoch:[178]	 Train loss=0.461383759975.
Epoch:[178]	 Valid loss=0.623800516129.

2024-11-26 13:18:11,868   INFO   
Epoch:[179]	 Train loss=0.460840731859.
Epoch:[179]	 Valid loss=0.599365115166.

2024-11-26 13:18:12,907   INFO   
Epoch:[180]	 Train loss=0.450940579176.
Epoch:[180]	 Valid loss=0.594342112541.

2024-11-26 13:18:13,924   INFO   
Epoch:[181]	 Train loss=0.441061019897.
Epoch:[181]	 Valid loss=0.601197659969.

2024-11-26 13:18:14,923   INFO   
Epoch:[182]	 Train loss=0.467658326030.
Epoch:[182]	 Valid loss=0.603541791439.

2024-11-26 13:18:15,877   INFO   
Epoch:[183]	 Train loss=0.453269183636.
Epoch:[183]	 Valid loss=0.603365063667.

2024-11-26 13:18:16,806   INFO   
Epoch:[184]	 Train loss=0.442157760262.
Epoch:[184]	 Valid loss=0.599151432514.

2024-11-26 13:18:17,735   INFO   
Epoch:[185]	 Train loss=0.430672004819.
Epoch:[185]	 Valid loss=0.591328978539.

2024-11-26 13:18:18,623   INFO   
Epoch:[186]	 Train loss=0.451841339469.
Epoch:[186]	 Valid loss=0.596368730068.

2024-11-26 13:18:19,579   INFO   
Epoch:[187]	 Train loss=0.444799795747.
Epoch:[187]	 Valid loss=0.608358025551.

2024-11-26 13:18:20,593   INFO   
Epoch:[188]	 Train loss=0.436038866639.
Epoch:[188]	 Valid loss=0.608753383160.

2024-11-26 13:18:21,496   INFO   
Epoch:[189]	 Train loss=0.435422912240.
Epoch:[189]	 Valid loss=0.595295548439.

2024-11-26 13:18:22,400   INFO   
Epoch:[190]	 Train loss=0.419190898538.
Epoch:[190]	 Valid loss=0.593158662319.

2024-11-26 13:18:23,282   INFO   
Epoch:[191]	 Train loss=0.432982474566.
Epoch:[191]	 Valid loss=0.595987439156.

2024-11-26 13:18:24,181   INFO   
Epoch:[192]	 Train loss=0.429317474365.
Epoch:[192]	 Valid loss=0.607149243355.

2024-11-26 13:18:25,073   INFO   
Epoch:[193]	 Train loss=0.430412739515.
Epoch:[193]	 Valid loss=0.608934938908.

2024-11-26 13:18:25,973   INFO   
Epoch:[194]	 Train loss=0.449684068561.
Epoch:[194]	 Valid loss=0.596029341221.

2024-11-26 13:18:26,864   INFO   
Epoch:[195]	 Train loss=0.450492680073.
Epoch:[195]	 Valid loss=0.594201862812.

2024-11-26 13:18:27,755   INFO   
Epoch:[196]	 Train loss=0.418648213148.
Epoch:[196]	 Valid loss=0.607291817665.

2024-11-26 13:18:28,663   INFO   
Epoch:[197]	 Train loss=0.414486363530.
Epoch:[197]	 Valid loss=0.606791436672.

2024-11-26 13:18:29,552   INFO   
Epoch:[198]	 Train loss=0.440382674336.
Epoch:[198]	 Valid loss=0.616394579411.

2024-11-26 13:18:30,436   INFO   
Epoch:[199]	 Train loss=0.452013432980.
Epoch:[199]	 Valid loss=0.609644591808.

2024-11-26 13:18:31,337   INFO   
Epoch:[200]	 Train loss=0.412715151906.
Epoch:[200]	 Valid loss=0.597712755203.

2024-11-26 13:18:32,223   INFO   
Epoch:[201]	 Train loss=0.431927546859.
Epoch:[201]	 Valid loss=0.598649322987.

2024-11-26 13:18:33,110   INFO   
Epoch:[202]	 Train loss=0.450800836086.
Epoch:[202]	 Valid loss=0.607494473457.

2024-11-26 13:18:34,013   INFO   
Epoch:[203]	 Train loss=0.417963489890.
Epoch:[203]	 Valid loss=0.613362073898.

2024-11-26 13:18:34,906   INFO   
Epoch:[204]	 Train loss=0.427179515362.
Epoch:[204]	 Valid loss=0.610372722149.

2024-11-26 13:18:35,787   INFO   
Epoch:[205]	 Train loss=0.416349217296.
Epoch:[205]	 Valid loss=0.605882287025.

2024-11-26 13:18:36,702   INFO   
Epoch:[206]	 Train loss=0.415614664555.
Epoch:[206]	 Valid loss=0.594796836376.

2024-11-26 13:18:37,589   INFO   
Epoch:[207]	 Train loss=0.430338770151.
Epoch:[207]	 Valid loss=0.596737325191.

2024-11-26 13:18:38,615   INFO   
Epoch:[208]	 Train loss=0.421664685011.
Epoch:[208]	 Valid loss=0.607558846474.

2024-11-26 13:18:39,488   INFO   
Epoch:[209]	 Train loss=0.425894200802.
Epoch:[209]	 Valid loss=0.606245398521.

2024-11-26 13:18:40,371   INFO   
Epoch:[210]	 Train loss=0.410280749202.
Epoch:[210]	 Valid loss=0.601248323917.

2024-11-26 13:18:41,252   INFO   
Epoch:[211]	 Train loss=0.428411394358.
Epoch:[211]	 Valid loss=0.597351968288.

2024-11-26 13:18:42,160   INFO   
Epoch:[212]	 Train loss=0.439534291625.
Epoch:[212]	 Valid loss=0.592263281345.

2024-11-26 13:18:43,033   INFO   
Epoch:[213]	 Train loss=0.413919672370.
Epoch:[213]	 Valid loss=0.594840347767.

2024-11-26 13:18:43,907   INFO   
Epoch:[214]	 Train loss=0.404745429754.
Epoch:[214]	 Valid loss=0.595350801945.

2024-11-26 13:18:44,811   INFO   
Epoch:[215]	 Train loss=0.421172752976.
Epoch:[215]	 Valid loss=0.592011213303.

2024-11-26 13:18:45,702   INFO   
Epoch:[216]	 Train loss=0.413522258401.
Epoch:[216]	 Valid loss=0.589368104935.

2024-11-26 13:18:46,614   INFO   
Epoch:[217]	 Train loss=0.434660553932.
Epoch:[217]	 Valid loss=0.587821662426.

2024-11-26 13:18:47,509   INFO   
Epoch:[218]	 Train loss=0.415876016021.
Epoch:[218]	 Valid loss=0.586122691631.

2024-11-26 13:18:48,394   INFO   
Epoch:[219]	 Train loss=0.437980130315.
Epoch:[219]	 Valid loss=0.589850783348.

2024-11-26 13:18:49,348   INFO   
Epoch:[220]	 Train loss=0.423690259457.
Epoch:[220]	 Valid loss=0.601761221886.

2024-11-26 13:18:50,290   INFO   
Epoch:[221]	 Train loss=0.408254012465.
Epoch:[221]	 Valid loss=0.604605376720.

2024-11-26 13:18:51,178   INFO   
Epoch:[222]	 Train loss=0.412460595369.
Epoch:[222]	 Valid loss=0.601516187191.

2024-11-26 13:18:52,065   INFO   
Epoch:[223]	 Train loss=0.449324324727.
Epoch:[223]	 Valid loss=0.600065886974.

2024-11-26 13:18:52,957   INFO   
Epoch:[224]	 Train loss=0.412189275026.
Epoch:[224]	 Valid loss=0.599519789219.

2024-11-26 13:18:53,833   INFO   
Epoch:[225]	 Train loss=0.403628230095.
Epoch:[225]	 Valid loss=0.596407115459.

2024-11-26 13:18:54,710   INFO   
Epoch:[226]	 Train loss=0.440093919635.
Epoch:[226]	 Valid loss=0.596571505070.

2024-11-26 13:18:55,627   INFO   
Epoch:[227]	 Train loss=0.411287605762.
Epoch:[227]	 Valid loss=0.601115882397.

2024-11-26 13:18:56,520   INFO   
Epoch:[228]	 Train loss=0.403686746955.
Epoch:[228]	 Valid loss=0.604271113873.

2024-11-26 13:18:57,421   INFO   
Epoch:[229]	 Train loss=0.435189381242.
Epoch:[229]	 Valid loss=0.591191649437.

2024-11-26 13:18:58,332   INFO   
Epoch:[230]	 Train loss=0.415614694357.
Epoch:[230]	 Valid loss=0.598305761814.

2024-11-26 13:18:59,200   INFO   
Epoch:[231]	 Train loss=0.394177794456.
Epoch:[231]	 Valid loss=0.591720879078.

2024-11-26 13:19:00,078   INFO   
Epoch:[232]	 Train loss=0.417964279652.
Epoch:[232]	 Valid loss=0.591908335686.

2024-11-26 13:19:00,969   INFO   
Epoch:[233]	 Train loss=0.425946384668.
Epoch:[233]	 Valid loss=0.602479517460.

2024-11-26 13:19:01,868   INFO   
Epoch:[234]	 Train loss=0.405686765909.
Epoch:[234]	 Valid loss=0.595926284790.

2024-11-26 13:19:02,752   INFO   
Epoch:[235]	 Train loss=0.403983280063.
Epoch:[235]	 Valid loss=0.587651908398.

2024-11-26 13:19:03,620   INFO   
Epoch:[236]	 Train loss=0.407845184207.
Epoch:[236]	 Valid loss=0.590229809284.

2024-11-26 13:19:04,508   INFO   
Epoch:[237]	 Train loss=0.411556869745.
Epoch:[237]	 Valid loss=0.586063504219.

2024-11-26 13:19:05,401   INFO   
Epoch:[238]	 Train loss=0.413637056947.
Epoch:[238]	 Valid loss=0.599498510361.

2024-11-26 13:19:06,333   INFO   
Epoch:[239]	 Train loss=0.439839243889.
Epoch:[239]	 Valid loss=0.605365335941.

2024-11-26 13:19:07,239   INFO   
Epoch:[240]	 Train loss=0.412686333060.
Epoch:[240]	 Valid loss=0.605949521065.

2024-11-26 13:19:08,126   INFO   
Epoch:[241]	 Train loss=0.409925490618.
Epoch:[241]	 Valid loss=0.595262885094.

2024-11-26 13:19:09,018   INFO   
Epoch:[242]	 Train loss=0.398082986474.
Epoch:[242]	 Valid loss=0.588913798332.

2024-11-26 13:19:09,891   INFO   
Epoch:[243]	 Train loss=0.414664015174.
Epoch:[243]	 Valid loss=0.590745031834.

2024-11-26 13:19:10,797   INFO   
Epoch:[244]	 Train loss=0.425153329968.
Epoch:[244]	 Valid loss=0.592472255230.

2024-11-26 13:19:11,685   INFO   
Epoch:[245]	 Train loss=0.423458606005.
Epoch:[245]	 Valid loss=0.600949525833.

2024-11-26 13:19:12,580   INFO   
Epoch:[246]	 Train loss=0.398196771741.
Epoch:[246]	 Valid loss=0.605381548405.

2024-11-26 13:19:13,467   INFO   
Epoch:[247]	 Train loss=0.399300947785.
Epoch:[247]	 Valid loss=0.603131473064.

2024-11-26 13:19:14,360   INFO   
Epoch:[248]	 Train loss=0.390067830682.
Epoch:[248]	 Valid loss=0.591924250126.

2024-11-26 13:19:15,261   INFO   
Epoch:[249]	 Train loss=0.406457751989.
Epoch:[249]	 Valid loss=0.584676206112.

2024-11-26 13:19:16,157   INFO   
Epoch:[250]	 Train loss=0.381774947047.
Epoch:[250]	 Valid loss=0.582362949848.

2024-11-26 13:19:17,054   INFO   
Epoch:[251]	 Train loss=0.390421763062.
Epoch:[251]	 Valid loss=0.585911154747.

2024-11-26 13:19:18,000   INFO   
Epoch:[252]	 Train loss=0.397405371070.
Epoch:[252]	 Valid loss=0.589241683483.

2024-11-26 13:19:18,900   INFO   
Epoch:[253]	 Train loss=0.404888376594.
Epoch:[253]	 Valid loss=0.594660162926.

2024-11-26 13:19:19,778   INFO   
Epoch:[254]	 Train loss=0.388630554080.
Epoch:[254]	 Valid loss=0.591097652912.

2024-11-26 13:19:20,669   INFO   
Epoch:[255]	 Train loss=0.390461295843.
Epoch:[255]	 Valid loss=0.594791471958.

2024-11-26 13:19:21,555   INFO   
Epoch:[256]	 Train loss=0.404863253236.
Epoch:[256]	 Valid loss=0.592492699623.

2024-11-26 13:19:22,447   INFO   
Epoch:[257]	 Train loss=0.401819005609.
Epoch:[257]	 Valid loss=0.602711021900.

2024-11-26 13:19:23,351   INFO   
Epoch:[258]	 Train loss=0.418178305030.
Epoch:[258]	 Valid loss=0.600651025772.

2024-11-26 13:19:24,230   INFO   
Epoch:[259]	 Train loss=0.421810463071.
Epoch:[259]	 Valid loss=0.604492962360.

2024-11-26 13:19:25,131   INFO   
Epoch:[260]	 Train loss=0.387266382575.
Epoch:[260]	 Valid loss=0.594802677631.

2024-11-26 13:19:26,033   INFO   
Epoch:[261]	 Train loss=0.390043050051.
Epoch:[261]	 Valid loss=0.594077050686.

2024-11-26 13:19:26,909   INFO   
Epoch:[262]	 Train loss=0.391485705972.
Epoch:[262]	 Valid loss=0.594152569771.

2024-11-26 13:19:27,813   INFO   
Epoch:[263]	 Train loss=0.381398186088.
Epoch:[263]	 Valid loss=0.597457826138.

2024-11-26 13:19:28,704   INFO   
Epoch:[264]	 Train loss=0.391604289412.
Epoch:[264]	 Valid loss=0.597887635231.

2024-11-26 13:19:29,589   INFO   
Epoch:[265]	 Train loss=0.412238776684.
Epoch:[265]	 Valid loss=0.597431123257.

2024-11-26 13:19:30,463   INFO   
Epoch:[266]	 Train loss=0.402363955975.
Epoch:[266]	 Valid loss=0.599542856216.

2024-11-26 13:19:31,357   INFO   
Epoch:[267]	 Train loss=0.407346695662.
Epoch:[267]	 Valid loss=0.593305766582.

2024-11-26 13:19:32,251   INFO   
Epoch:[268]	 Train loss=0.396051347256.
Epoch:[268]	 Valid loss=0.592789947987.

2024-11-26 13:19:33,136   INFO   
Epoch:[269]	 Train loss=0.411853924394.
Epoch:[269]	 Valid loss=0.599782109261.

2024-11-26 13:19:34,028   INFO   
Epoch:[270]	 Train loss=0.383799225092.
Epoch:[270]	 Valid loss=0.597699522972.

2024-11-26 13:19:34,919   INFO   
Epoch:[271]	 Train loss=0.420340806246.
Epoch:[271]	 Valid loss=0.593291878700.

2024-11-26 13:19:35,795   INFO   
Epoch:[272]	 Train loss=0.408483803272.
Epoch:[272]	 Valid loss=0.592169523239.

2024-11-26 13:19:36,812   INFO   
Epoch:[273]	 Train loss=0.410438030958.
Epoch:[273]	 Valid loss=0.592741847038.

2024-11-26 13:19:37,720   INFO   
Epoch:[274]	 Train loss=0.401839599013.
Epoch:[274]	 Valid loss=0.591675817966.

2024-11-26 13:19:38,609   INFO   
Epoch:[275]	 Train loss=0.369536861777.
Epoch:[275]	 Valid loss=0.589706659317.

2024-11-26 13:19:39,495   INFO   
Epoch:[276]	 Train loss=0.394862592220.
Epoch:[276]	 Valid loss=0.591107666492.

2024-11-26 13:19:40,369   INFO   
Epoch:[277]	 Train loss=0.373194441199.
Epoch:[277]	 Valid loss=0.594956099987.

2024-11-26 13:19:41,257   INFO   
Epoch:[278]	 Train loss=0.416941359639.
Epoch:[278]	 Valid loss=0.604291379452.

2024-11-26 13:19:42,140   INFO   
Epoch:[279]	 Train loss=0.387588575482.
Epoch:[279]	 Valid loss=0.605763494968.

2024-11-26 13:19:43,022   INFO   
Epoch:[280]	 Train loss=0.383726000786.
Epoch:[280]	 Valid loss=0.601757228374.

2024-11-26 13:19:43,911   INFO   
Epoch:[281]	 Train loss=0.415924578905.
Epoch:[281]	 Valid loss=0.594961762428.

2024-11-26 13:19:44,786   INFO   
Epoch:[282]	 Train loss=0.397199630737.
Epoch:[282]	 Valid loss=0.595461070538.

2024-11-26 13:19:45,679   INFO   
Epoch:[283]	 Train loss=0.404103800654.
Epoch:[283]	 Valid loss=0.594853639603.

2024-11-26 13:19:46,559   INFO   
Epoch:[284]	 Train loss=0.379416197538.
Epoch:[284]	 Valid loss=0.593710124493.

2024-11-26 13:19:47,438   INFO   
Epoch:[285]	 Train loss=0.369014069438.
Epoch:[285]	 Valid loss=0.595748782158.

2024-11-26 13:19:48,338   INFO   
Epoch:[286]	 Train loss=0.404481500387.
Epoch:[286]	 Valid loss=0.590851902962.

2024-11-26 13:19:49,256   INFO   
Epoch:[287]	 Train loss=0.397636726499.
Epoch:[287]	 Valid loss=0.595388412476.

2024-11-26 13:19:50,143   INFO   
Epoch:[288]	 Train loss=0.379355669022.
Epoch:[288]	 Valid loss=0.589338243008.

2024-11-26 13:19:51,011   INFO   
Epoch:[289]	 Train loss=0.378338769078.
Epoch:[289]	 Valid loss=0.590980112553.

2024-11-26 13:19:51,902   INFO   
Epoch:[290]	 Train loss=0.372005656362.
Epoch:[290]	 Valid loss=0.588710904121.

2024-11-26 13:19:52,790   INFO   
Epoch:[291]	 Train loss=0.376313388348.
Epoch:[291]	 Valid loss=0.590879857540.

2024-11-26 13:19:53,678   INFO   
Epoch:[292]	 Train loss=0.398458525538.
Epoch:[292]	 Valid loss=0.589016318321.

2024-11-26 13:19:54,559   INFO   
Epoch:[293]	 Train loss=0.395181819797.
Epoch:[293]	 Valid loss=0.591774165630.

2024-11-26 13:19:55,463   INFO   
Epoch:[294]	 Train loss=0.362404644489.
Epoch:[294]	 Valid loss=0.593778491020.

2024-11-26 13:19:56,355   INFO   
Epoch:[295]	 Train loss=0.393322810531.
Epoch:[295]	 Valid loss=0.594776213169.

2024-11-26 13:19:57,242   INFO   
Epoch:[296]	 Train loss=0.375368386507.
Epoch:[296]	 Valid loss=0.590684473515.

2024-11-26 13:19:58,147   INFO   
Epoch:[297]	 Train loss=0.377798154950.
Epoch:[297]	 Valid loss=0.588545143604.

2024-11-26 13:19:59,025   INFO   
Epoch:[298]	 Train loss=0.374949082732.
Epoch:[298]	 Valid loss=0.588748753071.

2024-11-26 13:19:59,914   INFO   
Epoch:[299]	 Train loss=0.388892263174.
Epoch:[299]	 Valid loss=0.590833425522.

2024-11-26 13:19:59,914   INFO   Early stopping at epoch 299
