2024-11-26 12:38:27,608   INFO   Training starts!
2024-11-26 12:38:28,201   INFO   
Epoch:[1]	 Train loss=1.070836067200.
Epoch:[1]	 Valid loss=1.093191146851.

2024-11-26 12:38:28,795   INFO   
Epoch:[2]	 Train loss=1.035348981619.
Epoch:[2]	 Valid loss=1.012011170387.

2024-11-26 12:38:29,398   INFO   
Epoch:[3]	 Train loss=0.958742707968.
Epoch:[3]	 Valid loss=0.900939285755.

2024-11-26 12:38:29,988   INFO   
Epoch:[4]	 Train loss=0.937594294548.
Epoch:[4]	 Valid loss=0.880151033401.

2024-11-26 12:38:30,640   INFO   
Epoch:[5]	 Train loss=0.899559080601.
Epoch:[5]	 Valid loss=0.895529925823.

2024-11-26 12:38:31,237   INFO   
Epoch:[6]	 Train loss=0.893671184778.
Epoch:[6]	 Valid loss=0.924723565578.

2024-11-26 12:38:31,836   INFO   
Epoch:[7]	 Train loss=0.882994115353.
Epoch:[7]	 Valid loss=0.909989356995.

2024-11-26 12:38:32,504   INFO   
Epoch:[8]	 Train loss=0.884956210852.
Epoch:[8]	 Valid loss=0.877207219601.

2024-11-26 12:38:33,259   INFO   
Epoch:[9]	 Train loss=0.864877730608.
Epoch:[9]	 Valid loss=0.858243525028.

2024-11-26 12:38:34,036   INFO   
Epoch:[10]	 Train loss=0.870481103659.
Epoch:[10]	 Valid loss=0.853612244129.

2024-11-26 12:38:34,767   INFO   
Epoch:[11]	 Train loss=0.862145870924.
Epoch:[11]	 Valid loss=0.857138633728.

2024-11-26 12:38:35,489   INFO   
Epoch:[12]	 Train loss=0.840538889170.
Epoch:[12]	 Valid loss=0.859296560287.

2024-11-26 12:38:36,281   INFO   
Epoch:[13]	 Train loss=0.838751137257.
Epoch:[13]	 Valid loss=0.840677142143.

2024-11-26 12:38:37,019   INFO   
Epoch:[14]	 Train loss=0.793338537216.
Epoch:[14]	 Valid loss=0.823148071766.

2024-11-26 12:38:37,846   INFO   
Epoch:[15]	 Train loss=0.772227466106.
Epoch:[15]	 Valid loss=0.803955733776.

2024-11-26 12:38:38,680   INFO   
Epoch:[16]	 Train loss=0.786359608173.
Epoch:[16]	 Valid loss=0.808915078640.

2024-11-26 12:38:39,432   INFO   
Epoch:[17]	 Train loss=0.784617125988.
Epoch:[17]	 Valid loss=0.791802525520.

2024-11-26 12:38:40,153   INFO   
Epoch:[18]	 Train loss=0.779384285212.
Epoch:[18]	 Valid loss=0.790433049202.

2024-11-26 12:38:40,901   INFO   
Epoch:[19]	 Train loss=0.761303573847.
Epoch:[19]	 Valid loss=0.787271440029.

2024-11-26 12:38:41,663   INFO   
Epoch:[20]	 Train loss=0.759857505560.
Epoch:[20]	 Valid loss=0.779538094997.

2024-11-26 12:38:42,387   INFO   
Epoch:[21]	 Train loss=0.716203898191.
Epoch:[21]	 Valid loss=0.769763946533.

2024-11-26 12:38:43,119   INFO   
Epoch:[22]	 Train loss=0.724308252335.
Epoch:[22]	 Valid loss=0.763528823853.

2024-11-26 12:38:43,843   INFO   
Epoch:[23]	 Train loss=0.720518350601.
Epoch:[23]	 Valid loss=0.759649574757.

2024-11-26 12:38:44,575   INFO   
Epoch:[24]	 Train loss=0.733914792538.
Epoch:[24]	 Valid loss=0.761085748672.

2024-11-26 12:38:45,310   INFO   
Epoch:[25]	 Train loss=0.710522532463.
Epoch:[25]	 Valid loss=0.755808234215.

2024-11-26 12:38:46,045   INFO   
Epoch:[26]	 Train loss=0.706800371408.
Epoch:[26]	 Valid loss=0.751050531864.

2024-11-26 12:38:46,804   INFO   
Epoch:[27]	 Train loss=0.692263364792.
Epoch:[27]	 Valid loss=0.747383475304.

2024-11-26 12:38:47,535   INFO   
Epoch:[28]	 Train loss=0.688528448343.
Epoch:[28]	 Valid loss=0.753188192844.

2024-11-26 12:38:48,280   INFO   
Epoch:[29]	 Train loss=0.708233952522.
Epoch:[29]	 Valid loss=0.742127597332.

2024-11-26 12:38:49,039   INFO   
Epoch:[30]	 Train loss=0.657867550850.
Epoch:[30]	 Valid loss=0.734012484550.

2024-11-26 12:38:49,779   INFO   
Epoch:[31]	 Train loss=0.660556256771.
Epoch:[31]	 Valid loss=0.732383370399.

2024-11-26 12:38:50,498   INFO   
Epoch:[32]	 Train loss=0.638607829809.
Epoch:[32]	 Valid loss=0.753969252110.

2024-11-26 12:38:51,216   INFO   
Epoch:[33]	 Train loss=0.665499091148.
Epoch:[33]	 Valid loss=0.732883810997.

2024-11-26 12:38:52,109   INFO   
Epoch:[34]	 Train loss=0.650135397911.
Epoch:[34]	 Valid loss=0.720694303513.

2024-11-26 12:38:52,868   INFO   
Epoch:[35]	 Train loss=0.659839421511.
Epoch:[35]	 Valid loss=0.727652490139.

2024-11-26 12:38:53,631   INFO   
Epoch:[36]	 Train loss=0.610153079033.
Epoch:[36]	 Valid loss=0.741500675678.

2024-11-26 12:38:54,383   INFO   
Epoch:[37]	 Train loss=0.640107840300.
Epoch:[37]	 Valid loss=0.755019962788.

2024-11-26 12:38:55,121   INFO   
Epoch:[38]	 Train loss=0.652492702007.
Epoch:[38]	 Valid loss=0.726370513439.

2024-11-26 12:38:55,870   INFO   
Epoch:[39]	 Train loss=0.657325357199.
Epoch:[39]	 Valid loss=0.756280541420.

2024-11-26 12:38:56,652   INFO   
Epoch:[40]	 Train loss=0.662994652987.
Epoch:[40]	 Valid loss=0.739212691784.

2024-11-26 12:38:57,411   INFO   
Epoch:[41]	 Train loss=0.662376612425.
Epoch:[41]	 Valid loss=0.718632519245.

2024-11-26 12:38:58,161   INFO   
Epoch:[42]	 Train loss=0.631625175476.
Epoch:[42]	 Valid loss=0.696846663952.

2024-11-26 12:38:58,897   INFO   
Epoch:[43]	 Train loss=0.626043736935.
Epoch:[43]	 Valid loss=0.692886114120.

2024-11-26 12:38:59,645   INFO   
Epoch:[44]	 Train loss=0.602704226971.
Epoch:[44]	 Valid loss=0.713091254234.

2024-11-26 12:39:00,391   INFO   
Epoch:[45]	 Train loss=0.602703511715.
Epoch:[45]	 Valid loss=0.696280062199.

2024-11-26 12:39:01,250   INFO   
Epoch:[46]	 Train loss=0.597723692656.
Epoch:[46]	 Valid loss=0.691346287727.

2024-11-26 12:39:02,060   INFO   
Epoch:[47]	 Train loss=0.599102050066.
Epoch:[47]	 Valid loss=0.682679176331.

2024-11-26 12:39:02,819   INFO   
Epoch:[48]	 Train loss=0.587935954332.
Epoch:[48]	 Valid loss=0.685029745102.

2024-11-26 12:39:03,569   INFO   
Epoch:[49]	 Train loss=0.597174644470.
Epoch:[49]	 Valid loss=0.697562336922.

2024-11-26 12:39:04,326   INFO   
Epoch:[50]	 Train loss=0.580911427736.
Epoch:[50]	 Valid loss=0.676461517811.

2024-11-26 12:39:05,062   INFO   
Epoch:[51]	 Train loss=0.606204450130.
Epoch:[51]	 Valid loss=0.684881567955.

2024-11-26 12:39:05,821   INFO   
Epoch:[52]	 Train loss=0.582550644875.
Epoch:[52]	 Valid loss=0.679493069649.

2024-11-26 12:39:06,568   INFO   
Epoch:[53]	 Train loss=0.570147097111.
Epoch:[53]	 Valid loss=0.682884216309.

2024-11-26 12:39:07,370   INFO   
Epoch:[54]	 Train loss=0.572870671749.
Epoch:[54]	 Valid loss=0.671067237854.

2024-11-26 12:39:08,147   INFO   
Epoch:[55]	 Train loss=0.569043368101.
Epoch:[55]	 Valid loss=0.666459798813.

2024-11-26 12:39:08,909   INFO   
Epoch:[56]	 Train loss=0.571575164795.
Epoch:[56]	 Valid loss=0.664497196674.

2024-11-26 12:39:09,680   INFO   
Epoch:[57]	 Train loss=0.573663473129.
Epoch:[57]	 Valid loss=0.666227042675.

2024-11-26 12:39:10,455   INFO   
Epoch:[58]	 Train loss=0.535525381565.
Epoch:[58]	 Valid loss=0.657647550106.

2024-11-26 12:39:11,209   INFO   
Epoch:[59]	 Train loss=0.540006279945.
Epoch:[59]	 Valid loss=0.655614793301.

2024-11-26 12:39:11,970   INFO   
Epoch:[60]	 Train loss=0.535653725266.
Epoch:[60]	 Valid loss=0.688086450100.

2024-11-26 12:39:12,785   INFO   
Epoch:[61]	 Train loss=0.536928623915.
Epoch:[61]	 Valid loss=0.658831715584.

2024-11-26 12:39:13,543   INFO   
Epoch:[62]	 Train loss=0.543148189783.
Epoch:[62]	 Valid loss=0.672378480434.

2024-11-26 12:39:14,317   INFO   
Epoch:[63]	 Train loss=0.563768327236.
Epoch:[63]	 Valid loss=0.663381695747.

2024-11-26 12:39:15,078   INFO   
Epoch:[64]	 Train loss=0.527934253216.
Epoch:[64]	 Valid loss=0.687382996082.

2024-11-26 12:39:15,843   INFO   
Epoch:[65]	 Train loss=0.538661688566.
Epoch:[65]	 Valid loss=0.647415697575.

2024-11-26 12:39:16,584   INFO   
Epoch:[66]	 Train loss=0.552828729153.
Epoch:[66]	 Valid loss=0.659652769566.

2024-11-26 12:39:17,348   INFO   
Epoch:[67]	 Train loss=0.546983957291.
Epoch:[67]	 Valid loss=0.679917871952.

2024-11-26 12:39:18,158   INFO   
Epoch:[68]	 Train loss=0.535732179880.
Epoch:[68]	 Valid loss=0.637101829052.

2024-11-26 12:39:18,929   INFO   
Epoch:[69]	 Train loss=0.531821817160.
Epoch:[69]	 Valid loss=0.634205222130.

2024-11-26 12:39:19,702   INFO   
Epoch:[70]	 Train loss=0.521232873201.
Epoch:[70]	 Valid loss=0.649727523327.

2024-11-26 12:39:20,453   INFO   
Epoch:[71]	 Train loss=0.513406932354.
Epoch:[71]	 Valid loss=0.641165971756.

2024-11-26 12:39:21,217   INFO   
Epoch:[72]	 Train loss=0.517406925559.
Epoch:[72]	 Valid loss=0.659076452255.

2024-11-26 12:39:21,994   INFO   
Epoch:[73]	 Train loss=0.525766372681.
Epoch:[73]	 Valid loss=0.654068231583.

2024-11-26 12:39:22,815   INFO   
Epoch:[74]	 Train loss=0.504220485687.
Epoch:[74]	 Valid loss=0.634628176689.

2024-11-26 12:39:23,582   INFO   
Epoch:[75]	 Train loss=0.520335048437.
Epoch:[75]	 Valid loss=0.633823752403.

2024-11-26 12:39:24,352   INFO   
Epoch:[76]	 Train loss=0.489322081208.
Epoch:[76]	 Valid loss=0.636138319969.

2024-11-26 12:39:25,118   INFO   
Epoch:[77]	 Train loss=0.481044828892.
Epoch:[77]	 Valid loss=0.631430208683.

2024-11-26 12:39:25,889   INFO   
Epoch:[78]	 Train loss=0.486104145646.
Epoch:[78]	 Valid loss=0.634688794613.

2024-11-26 12:39:26,667   INFO   
Epoch:[79]	 Train loss=0.486140638590.
Epoch:[79]	 Valid loss=0.632741153240.

2024-11-26 12:39:27,444   INFO   
Epoch:[80]	 Train loss=0.485944241285.
Epoch:[80]	 Valid loss=0.681434392929.

2024-11-26 12:39:28,391   INFO   
Epoch:[81]	 Train loss=0.556995868683.
Epoch:[81]	 Valid loss=0.635403215885.

2024-11-26 12:39:29,171   INFO   
Epoch:[82]	 Train loss=0.515179291368.
Epoch:[82]	 Valid loss=0.654133021832.

2024-11-26 12:39:29,960   INFO   
Epoch:[83]	 Train loss=0.512187123299.
Epoch:[83]	 Valid loss=0.642129540443.

2024-11-26 12:39:30,729   INFO   
Epoch:[84]	 Train loss=0.519819140434.
Epoch:[84]	 Valid loss=0.732250392437.

2024-11-26 12:39:31,504   INFO   
Epoch:[85]	 Train loss=0.515966266394.
Epoch:[85]	 Valid loss=0.628118515015.

2024-11-26 12:39:32,262   INFO   
Epoch:[86]	 Train loss=0.493555203080.
Epoch:[86]	 Valid loss=0.628529429436.

2024-11-26 12:39:33,087   INFO   
Epoch:[87]	 Train loss=0.490450069308.
Epoch:[87]	 Valid loss=0.626163065434.

2024-11-26 12:39:33,903   INFO   
Epoch:[88]	 Train loss=0.468794986606.
Epoch:[88]	 Valid loss=0.622585952282.

2024-11-26 12:39:34,687   INFO   
Epoch:[89]	 Train loss=0.473069503903.
Epoch:[89]	 Valid loss=0.650661766529.

2024-11-26 12:39:35,451   INFO   
Epoch:[90]	 Train loss=0.457143679261.
Epoch:[90]	 Valid loss=0.619774162769.

2024-11-26 12:39:36,225   INFO   
Epoch:[91]	 Train loss=0.500511616468.
Epoch:[91]	 Valid loss=0.616179227829.

2024-11-26 12:39:37,008   INFO   
Epoch:[92]	 Train loss=0.461757540703.
Epoch:[92]	 Valid loss=0.626216053963.

2024-11-26 12:39:37,789   INFO   
Epoch:[93]	 Train loss=0.459808528423.
Epoch:[93]	 Valid loss=0.613639712334.

2024-11-26 12:39:38,639   INFO   
Epoch:[94]	 Train loss=0.482926666737.
Epoch:[94]	 Valid loss=0.614355623722.

2024-11-26 12:39:39,462   INFO   
Epoch:[95]	 Train loss=0.454931929708.
Epoch:[95]	 Valid loss=0.643815755844.

2024-11-26 12:39:40,332   INFO   
Epoch:[96]	 Train loss=0.489472478628.
Epoch:[96]	 Valid loss=0.610540032387.

2024-11-26 12:39:41,250   INFO   
Epoch:[97]	 Train loss=0.453876093030.
Epoch:[97]	 Valid loss=0.616318523884.

2024-11-26 12:39:42,108   INFO   
Epoch:[98]	 Train loss=0.451389193535.
Epoch:[98]	 Valid loss=0.619982659817.

2024-11-26 12:39:42,951   INFO   
Epoch:[99]	 Train loss=0.432025417686.
Epoch:[99]	 Valid loss=0.616813004017.

2024-11-26 12:39:43,847   INFO   
Epoch:[100]	 Train loss=0.430544659495.
Epoch:[100]	 Valid loss=0.613663256168.

2024-11-26 12:39:44,646   INFO   
Epoch:[101]	 Train loss=0.458378344774.
Epoch:[101]	 Valid loss=0.609714865685.

2024-11-26 12:39:45,437   INFO   
Epoch:[102]	 Train loss=0.440587699413.
Epoch:[102]	 Valid loss=0.638570487499.

2024-11-26 12:39:46,227   INFO   
Epoch:[103]	 Train loss=0.427222609520.
Epoch:[103]	 Valid loss=0.617608904839.

2024-11-26 12:39:47,022   INFO   
Epoch:[104]	 Train loss=0.428676486015.
Epoch:[104]	 Valid loss=0.607793629169.

2024-11-26 12:39:47,800   INFO   
Epoch:[105]	 Train loss=0.418229043484.
Epoch:[105]	 Valid loss=0.651220202446.

2024-11-26 12:39:48,589   INFO   
Epoch:[106]	 Train loss=0.476028382778.
Epoch:[106]	 Valid loss=0.719048321247.

2024-11-26 12:39:49,411   INFO   
Epoch:[107]	 Train loss=0.472462728620.
Epoch:[107]	 Valid loss=0.630997538567.

2024-11-26 12:39:50,221   INFO   
Epoch:[108]	 Train loss=0.445526123047.
Epoch:[108]	 Valid loss=0.606615185738.

2024-11-26 12:39:51,009   INFO   
Epoch:[109]	 Train loss=0.434141620994.
Epoch:[109]	 Valid loss=0.615656018257.

2024-11-26 12:39:51,815   INFO   
Epoch:[110]	 Train loss=0.428683102131.
Epoch:[110]	 Valid loss=0.639356970787.

2024-11-26 12:39:52,605   INFO   
Epoch:[111]	 Train loss=0.443913087249.
Epoch:[111]	 Valid loss=0.638007521629.

2024-11-26 12:39:53,410   INFO   
Epoch:[112]	 Train loss=0.441462099552.
Epoch:[112]	 Valid loss=0.601237356663.

2024-11-26 12:39:54,271   INFO   
Epoch:[113]	 Train loss=0.433395370841.
Epoch:[113]	 Valid loss=0.604614078999.

2024-11-26 12:39:55,077   INFO   
Epoch:[114]	 Train loss=0.412697821856.
Epoch:[114]	 Valid loss=0.638374626637.

2024-11-26 12:39:55,893   INFO   
Epoch:[115]	 Train loss=0.432866543531.
Epoch:[115]	 Valid loss=0.633422732353.

2024-11-26 12:39:56,730   INFO   
Epoch:[116]	 Train loss=0.427506610751.
Epoch:[116]	 Valid loss=0.648666620255.

2024-11-26 12:39:57,564   INFO   
Epoch:[117]	 Train loss=0.438962519169.
Epoch:[117]	 Valid loss=0.608240783215.

2024-11-26 12:39:58,374   INFO   
Epoch:[118]	 Train loss=0.437528148293.
Epoch:[118]	 Valid loss=0.627910673618.

2024-11-26 12:39:59,218   INFO   
Epoch:[119]	 Train loss=0.424392685294.
Epoch:[119]	 Valid loss=0.668779134750.

2024-11-26 12:40:00,050   INFO   
Epoch:[120]	 Train loss=0.417764127254.
Epoch:[120]	 Valid loss=0.648221433163.

2024-11-26 12:40:00,981   INFO   
Epoch:[121]	 Train loss=0.435089901090.
Epoch:[121]	 Valid loss=0.648966073990.

2024-11-26 12:40:01,800   INFO   
Epoch:[122]	 Train loss=0.423133164644.
Epoch:[122]	 Valid loss=0.605860829353.

2024-11-26 12:40:02,606   INFO   
Epoch:[123]	 Train loss=0.417064860463.
Epoch:[123]	 Valid loss=0.605411410332.

2024-11-26 12:40:03,409   INFO   
Epoch:[124]	 Train loss=0.402438595891.
Epoch:[124]	 Valid loss=0.615539848804.

2024-11-26 12:40:04,271   INFO   
Epoch:[125]	 Train loss=0.373296558857.
Epoch:[125]	 Valid loss=0.605123281479.

2024-11-26 12:40:05,096   INFO   
Epoch:[126]	 Train loss=0.387410253286.
Epoch:[126]	 Valid loss=0.613212823868.

2024-11-26 12:40:05,893   INFO   
Epoch:[127]	 Train loss=0.399606287479.
Epoch:[127]	 Valid loss=0.605859696865.

2024-11-26 12:40:06,699   INFO   
Epoch:[128]	 Train loss=0.371900558472.
Epoch:[128]	 Valid loss=0.605512976646.

2024-11-26 12:40:07,491   INFO   
Epoch:[129]	 Train loss=0.379797026515.
Epoch:[129]	 Valid loss=0.618895947933.

2024-11-26 12:40:08,291   INFO   
Epoch:[130]	 Train loss=0.372272193432.
Epoch:[130]	 Valid loss=0.612832129002.

2024-11-26 12:40:09,107   INFO   
Epoch:[131]	 Train loss=0.380332931876.
Epoch:[131]	 Valid loss=0.606815695763.

2024-11-26 12:40:09,936   INFO   
Epoch:[132]	 Train loss=0.379476770759.
Epoch:[132]	 Valid loss=0.602510154247.

2024-11-26 12:40:10,765   INFO   
Epoch:[133]	 Train loss=0.373597085476.
Epoch:[133]	 Valid loss=0.592246472836.

2024-11-26 12:40:11,562   INFO   
Epoch:[134]	 Train loss=0.371187731624.
Epoch:[134]	 Valid loss=0.615597963333.

2024-11-26 12:40:12,425   INFO   
Epoch:[135]	 Train loss=0.367665112019.
Epoch:[135]	 Valid loss=0.596156358719.

2024-11-26 12:40:13,247   INFO   
Epoch:[136]	 Train loss=0.340408980846.
Epoch:[136]	 Valid loss=0.616766929626.

2024-11-26 12:40:14,057   INFO   
Epoch:[137]	 Train loss=0.417194649577.
Epoch:[137]	 Valid loss=0.685640990734.

2024-11-26 12:40:14,893   INFO   
Epoch:[138]	 Train loss=0.420621663332.
Epoch:[138]	 Valid loss=0.619601368904.

2024-11-26 12:40:15,697   INFO   
Epoch:[139]	 Train loss=0.388578310609.
Epoch:[139]	 Valid loss=0.604259192944.

2024-11-26 12:40:16,535   INFO   
Epoch:[140]	 Train loss=0.359991550446.
Epoch:[140]	 Valid loss=0.605540096760.

2024-11-26 12:40:17,335   INFO   
Epoch:[141]	 Train loss=0.357026264071.
Epoch:[141]	 Valid loss=0.631970584393.

2024-11-26 12:40:18,147   INFO   
Epoch:[142]	 Train loss=0.384630784392.
Epoch:[142]	 Valid loss=0.617469549179.

2024-11-26 12:40:18,952   INFO   
Epoch:[143]	 Train loss=0.359337314963.
Epoch:[143]	 Valid loss=0.617632567883.

2024-11-26 12:40:19,758   INFO   
Epoch:[144]	 Train loss=0.343465194106.
Epoch:[144]	 Valid loss=0.646662771702.

2024-11-26 12:40:20,576   INFO   
Epoch:[145]	 Train loss=0.367943748832.
Epoch:[145]	 Valid loss=0.622582674026.

2024-11-26 12:40:21,408   INFO   
Epoch:[146]	 Train loss=0.366942971945.
Epoch:[146]	 Valid loss=0.621650040150.

2024-11-26 12:40:22,237   INFO   
Epoch:[147]	 Train loss=0.351307779551.
Epoch:[147]	 Valid loss=0.645946800709.

2024-11-26 12:40:23,060   INFO   
Epoch:[148]	 Train loss=0.361466705799.
Epoch:[148]	 Valid loss=0.623897969723.

2024-11-26 12:40:23,896   INFO   
Epoch:[149]	 Train loss=0.337434843183.
Epoch:[149]	 Valid loss=0.607186198235.

2024-11-26 12:40:24,720   INFO   
Epoch:[150]	 Train loss=0.325578346848.
Epoch:[150]	 Valid loss=0.608196616173.

2024-11-26 12:40:25,557   INFO   
Epoch:[151]	 Train loss=0.333108469844.
Epoch:[151]	 Valid loss=0.620395481586.

2024-11-26 12:40:26,386   INFO   
Epoch:[152]	 Train loss=0.332691386342.
Epoch:[152]	 Valid loss=0.618061602116.

2024-11-26 12:40:27,209   INFO   
Epoch:[153]	 Train loss=0.345600157976.
Epoch:[153]	 Valid loss=0.624066591263.

2024-11-26 12:40:28,034   INFO   
Epoch:[154]	 Train loss=0.344855964184.
Epoch:[154]	 Valid loss=0.609794616699.

2024-11-26 12:40:28,860   INFO   
Epoch:[155]	 Train loss=0.339749112725.
Epoch:[155]	 Valid loss=0.608498275280.

2024-11-26 12:40:29,695   INFO   
Epoch:[156]	 Train loss=0.348275348544.
Epoch:[156]	 Valid loss=0.653951346874.

2024-11-26 12:40:30,503   INFO   
Epoch:[157]	 Train loss=0.379185855389.
Epoch:[157]	 Valid loss=0.672306656837.

2024-11-26 12:40:31,348   INFO   
Epoch:[158]	 Train loss=0.358774378896.
Epoch:[158]	 Valid loss=0.617663979530.

2024-11-26 12:40:32,195   INFO   
Epoch:[159]	 Train loss=0.345681145787.
Epoch:[159]	 Valid loss=0.607591032982.

2024-11-26 12:40:33,016   INFO   
Epoch:[160]	 Train loss=0.315276727080.
Epoch:[160]	 Valid loss=0.628212153912.

2024-11-26 12:40:33,838   INFO   
Epoch:[161]	 Train loss=0.336776137352.
Epoch:[161]	 Valid loss=0.610641241074.

2024-11-26 12:40:34,661   INFO   
Epoch:[162]	 Train loss=0.322321936488.
Epoch:[162]	 Valid loss=0.611879050732.

2024-11-26 12:40:35,502   INFO   
Epoch:[163]	 Train loss=0.312768667936.
Epoch:[163]	 Valid loss=0.611638009548.

2024-11-26 12:40:36,347   INFO   
Epoch:[164]	 Train loss=0.306886583567.
Epoch:[164]	 Valid loss=0.612315356731.

2024-11-26 12:40:37,206   INFO   
Epoch:[165]	 Train loss=0.303282424808.
Epoch:[165]	 Valid loss=0.624650657177.

2024-11-26 12:40:38,040   INFO   
Epoch:[166]	 Train loss=0.364308387041.
Epoch:[166]	 Valid loss=0.804470658302.

2024-11-26 12:40:38,886   INFO   
Epoch:[167]	 Train loss=0.463551327586.
Epoch:[167]	 Valid loss=0.679258882999.

2024-11-26 12:40:39,729   INFO   
Epoch:[168]	 Train loss=0.395348623395.
Epoch:[168]	 Valid loss=0.675987660885.

2024-11-26 12:40:40,554   INFO   
Epoch:[169]	 Train loss=0.394008293748.
Epoch:[169]	 Valid loss=0.668895483017.

2024-11-26 12:40:41,384   INFO   
Epoch:[170]	 Train loss=0.357460990548.
Epoch:[170]	 Valid loss=0.661263108253.

2024-11-26 12:40:42,232   INFO   
Epoch:[171]	 Train loss=0.342767104506.
Epoch:[171]	 Valid loss=0.724518537521.

2024-11-26 12:40:43,071   INFO   
Epoch:[172]	 Train loss=0.381417289376.
Epoch:[172]	 Valid loss=0.665457665920.

2024-11-26 12:40:43,906   INFO   
Epoch:[173]	 Train loss=0.339101150632.
Epoch:[173]	 Valid loss=0.631434082985.

2024-11-26 12:40:44,743   INFO   
Epoch:[174]	 Train loss=0.334268897772.
Epoch:[174]	 Valid loss=0.624945878983.

2024-11-26 12:40:45,619   INFO   
Epoch:[175]	 Train loss=0.339336752892.
Epoch:[175]	 Valid loss=0.624210476875.

2024-11-26 12:40:46,460   INFO   
Epoch:[176]	 Train loss=0.304234772921.
Epoch:[176]	 Valid loss=0.621852457523.

2024-11-26 12:40:47,302   INFO   
Epoch:[177]	 Train loss=0.311909034848.
Epoch:[177]	 Valid loss=0.641443610191.

2024-11-26 12:40:48,134   INFO   
Epoch:[178]	 Train loss=0.319766059518.
Epoch:[178]	 Valid loss=0.627828061581.

2024-11-26 12:40:48,969   INFO   
Epoch:[179]	 Train loss=0.321271166205.
Epoch:[179]	 Valid loss=0.621844291687.

2024-11-26 12:40:49,806   INFO   
Epoch:[180]	 Train loss=0.303279310465.
Epoch:[180]	 Valid loss=0.646149933338.

2024-11-26 12:40:50,657   INFO   
Epoch:[181]	 Train loss=0.319982990623.
Epoch:[181]	 Valid loss=0.623343169689.

2024-11-26 12:40:51,515   INFO   
Epoch:[182]	 Train loss=0.309882625937.
Epoch:[182]	 Valid loss=0.633916854858.

2024-11-26 12:40:51,516   INFO   Early stopping at epoch 182
