2024-11-26 12:45:23,918   INFO   Training starts!
2024-11-26 12:45:24,736   INFO   
Epoch:[1]	 Train loss=1.230041980743.
Epoch:[1]	 Valid loss=1.100994110107.

2024-11-26 12:45:25,508   INFO   
Epoch:[2]	 Train loss=1.018261551857.
Epoch:[2]	 Valid loss=0.895460844040.

2024-11-26 12:45:26,238   INFO   
Epoch:[3]	 Train loss=1.011628568172.
Epoch:[3]	 Valid loss=0.913282215595.

2024-11-26 12:45:26,964   INFO   
Epoch:[4]	 Train loss=0.917561471462.
Epoch:[4]	 Valid loss=0.903975903988.

2024-11-26 12:45:27,714   INFO   
Epoch:[5]	 Train loss=0.916731446981.
Epoch:[5]	 Valid loss=0.953626453876.

2024-11-26 12:45:28,881   INFO   
Epoch:[6]	 Train loss=0.937300771475.
Epoch:[6]	 Valid loss=0.936223030090.

2024-11-26 12:45:29,799   INFO   
Epoch:[7]	 Train loss=0.896671503782.
Epoch:[7]	 Valid loss=0.875702917576.

2024-11-26 12:45:30,678   INFO   
Epoch:[8]	 Train loss=0.856030017138.
Epoch:[8]	 Valid loss=0.862432360649.

2024-11-26 12:45:31,571   INFO   
Epoch:[9]	 Train loss=0.845122188330.
Epoch:[9]	 Valid loss=0.864280581474.

2024-11-26 12:45:32,439   INFO   
Epoch:[10]	 Train loss=0.880537569523.
Epoch:[10]	 Valid loss=0.846645176411.

2024-11-26 12:45:33,296   INFO   
Epoch:[11]	 Train loss=0.839249849319.
Epoch:[11]	 Valid loss=0.866911709309.

2024-11-26 12:45:34,156   INFO   
Epoch:[12]	 Train loss=0.866837024689.
Epoch:[12]	 Valid loss=0.867638766766.

2024-11-26 12:45:35,010   INFO   
Epoch:[13]	 Train loss=0.821381479502.
Epoch:[13]	 Valid loss=0.839886367321.

2024-11-26 12:45:35,861   INFO   
Epoch:[14]	 Train loss=0.804892241955.
Epoch:[14]	 Valid loss=0.824441254139.

2024-11-26 12:45:36,698   INFO   
Epoch:[15]	 Train loss=0.821023374796.
Epoch:[15]	 Valid loss=0.820875048637.

2024-11-26 12:45:37,529   INFO   
Epoch:[16]	 Train loss=0.798253297806.
Epoch:[16]	 Valid loss=0.822968602180.

2024-11-26 12:45:38,397   INFO   
Epoch:[17]	 Train loss=0.780833005905.
Epoch:[17]	 Valid loss=0.831600844860.

2024-11-26 12:45:39,254   INFO   
Epoch:[18]	 Train loss=0.789919644594.
Epoch:[18]	 Valid loss=0.818487405777.

2024-11-26 12:45:40,080   INFO   
Epoch:[19]	 Train loss=0.774466484785.
Epoch:[19]	 Valid loss=0.808647930622.

2024-11-26 12:45:40,921   INFO   
Epoch:[20]	 Train loss=0.777014493942.
Epoch:[20]	 Valid loss=0.808167159557.

2024-11-26 12:45:41,770   INFO   
Epoch:[21]	 Train loss=0.761348515749.
Epoch:[21]	 Valid loss=0.824915826321.

2024-11-26 12:45:42,619   INFO   
Epoch:[22]	 Train loss=0.751283198595.
Epoch:[22]	 Valid loss=0.805704534054.

2024-11-26 12:45:43,495   INFO   
Epoch:[23]	 Train loss=0.728473365307.
Epoch:[23]	 Valid loss=0.792722463608.

2024-11-26 12:45:44,336   INFO   
Epoch:[24]	 Train loss=0.743529438972.
Epoch:[24]	 Valid loss=0.801794767380.

2024-11-26 12:45:45,189   INFO   
Epoch:[25]	 Train loss=0.737558215857.
Epoch:[25]	 Valid loss=0.805008828640.

2024-11-26 12:45:46,049   INFO   
Epoch:[26]	 Train loss=0.717737168074.
Epoch:[26]	 Valid loss=0.785348176956.

2024-11-26 12:45:46,915   INFO   
Epoch:[27]	 Train loss=0.707311332226.
Epoch:[27]	 Valid loss=0.810182392597.

2024-11-26 12:45:47,781   INFO   
Epoch:[28]	 Train loss=0.722956776619.
Epoch:[28]	 Valid loss=0.784068822861.

2024-11-26 12:45:48,623   INFO   
Epoch:[29]	 Train loss=0.723235875368.
Epoch:[29]	 Valid loss=0.776139378548.

2024-11-26 12:45:49,482   INFO   
Epoch:[30]	 Train loss=0.689560741186.
Epoch:[30]	 Valid loss=0.783033549786.

2024-11-26 12:45:50,364   INFO   
Epoch:[31]	 Train loss=0.693937152624.
Epoch:[31]	 Valid loss=0.766752183437.

2024-11-26 12:45:51,379   INFO   
Epoch:[32]	 Train loss=0.652744203806.
Epoch:[32]	 Valid loss=0.772346675396.

2024-11-26 12:45:52,433   INFO   
Epoch:[33]	 Train loss=0.703603148460.
Epoch:[33]	 Valid loss=0.772740066051.

2024-11-26 12:45:53,319   INFO   
Epoch:[34]	 Train loss=0.658505946398.
Epoch:[34]	 Valid loss=0.766848504543.

2024-11-26 12:45:54,274   INFO   
Epoch:[35]	 Train loss=0.671309798956.
Epoch:[35]	 Valid loss=0.774504601955.

2024-11-26 12:45:55,453   INFO   
Epoch:[36]	 Train loss=0.641850918531.
Epoch:[36]	 Valid loss=0.760244071484.

2024-11-26 12:45:56,781   INFO   
Epoch:[37]	 Train loss=0.670643299818.
Epoch:[37]	 Valid loss=0.781175553799.

2024-11-26 12:45:57,783   INFO   
Epoch:[38]	 Train loss=0.647869020700.
Epoch:[38]	 Valid loss=0.752378702164.

2024-11-26 12:45:58,716   INFO   
Epoch:[39]	 Train loss=0.650898396969.
Epoch:[39]	 Valid loss=0.772947609425.

2024-11-26 12:45:59,673   INFO   
Epoch:[40]	 Train loss=0.652817934752.
Epoch:[40]	 Valid loss=0.744346261024.

2024-11-26 12:46:00,688   INFO   
Epoch:[41]	 Train loss=0.621518015862.
Epoch:[41]	 Valid loss=0.748183965683.

2024-11-26 12:46:01,744   INFO   
Epoch:[42]	 Train loss=0.647310882807.
Epoch:[42]	 Valid loss=0.736557602882.

2024-11-26 12:46:02,852   INFO   
Epoch:[43]	 Train loss=0.627643138170.
Epoch:[43]	 Valid loss=0.736124396324.

2024-11-26 12:46:03,943   INFO   
Epoch:[44]	 Train loss=0.638294249773.
Epoch:[44]	 Valid loss=0.735157251358.

2024-11-26 12:46:04,921   INFO   
Epoch:[45]	 Train loss=0.629310071468.
Epoch:[45]	 Valid loss=0.729160189629.

2024-11-26 12:46:06,007   INFO   
Epoch:[46]	 Train loss=0.609219700098.
Epoch:[46]	 Valid loss=0.753785431385.

2024-11-26 12:46:06,930   INFO   
Epoch:[47]	 Train loss=0.615112543106.
Epoch:[47]	 Valid loss=0.727453887463.

2024-11-26 12:46:08,032   INFO   
Epoch:[48]	 Train loss=0.622686594725.
Epoch:[48]	 Valid loss=0.744731009007.

2024-11-26 12:46:09,283   INFO   
Epoch:[49]	 Train loss=0.581327348948.
Epoch:[49]	 Valid loss=0.720999062061.

2024-11-26 12:46:10,426   INFO   
Epoch:[50]	 Train loss=0.567613393068.
Epoch:[50]	 Valid loss=0.730988800526.

2024-11-26 12:46:11,333   INFO   
Epoch:[51]	 Train loss=0.574390441179.
Epoch:[51]	 Valid loss=0.718043565750.

2024-11-26 12:46:12,259   INFO   
Epoch:[52]	 Train loss=0.610107719898.
Epoch:[52]	 Valid loss=0.749449551105.

2024-11-26 12:46:13,185   INFO   
Epoch:[53]	 Train loss=0.604525834322.
Epoch:[53]	 Valid loss=0.718921303749.

2024-11-26 12:46:14,098   INFO   
Epoch:[54]	 Train loss=0.600924253464.
Epoch:[54]	 Valid loss=0.718510568142.

2024-11-26 12:46:15,048   INFO   
Epoch:[55]	 Train loss=0.579069674015.
Epoch:[55]	 Valid loss=0.710789799690.

2024-11-26 12:46:15,924   INFO   
Epoch:[56]	 Train loss=0.588978618383.
Epoch:[56]	 Valid loss=0.702428460121.

2024-11-26 12:46:16,812   INFO   
Epoch:[57]	 Train loss=0.571653693914.
Epoch:[57]	 Valid loss=0.760509550571.

2024-11-26 12:46:17,661   INFO   
Epoch:[58]	 Train loss=0.604315191507.
Epoch:[58]	 Valid loss=0.735409140587.

2024-11-26 12:46:18,528   INFO   
Epoch:[59]	 Train loss=0.599640488625.
Epoch:[59]	 Valid loss=0.763985037804.

2024-11-26 12:46:19,379   INFO   
Epoch:[60]	 Train loss=0.588749796152.
Epoch:[60]	 Valid loss=0.709658384323.

2024-11-26 12:46:20,221   INFO   
Epoch:[61]	 Train loss=0.595411479473.
Epoch:[61]	 Valid loss=0.752982199192.

2024-11-26 12:46:21,059   INFO   
Epoch:[62]	 Train loss=0.590628623962.
Epoch:[62]	 Valid loss=0.704069316387.

2024-11-26 12:46:21,913   INFO   
Epoch:[63]	 Train loss=0.553216785192.
Epoch:[63]	 Valid loss=0.729873299599.

2024-11-26 12:46:22,765   INFO   
Epoch:[64]	 Train loss=0.559280395508.
Epoch:[64]	 Valid loss=0.703451335430.

2024-11-26 12:46:23,608   INFO   
Epoch:[65]	 Train loss=0.554688721895.
Epoch:[65]	 Valid loss=0.729374170303.

2024-11-26 12:46:24,473   INFO   
Epoch:[66]	 Train loss=0.548840254545.
Epoch:[66]	 Valid loss=0.694054961205.

2024-11-26 12:46:25,335   INFO   
Epoch:[67]	 Train loss=0.573042124510.
Epoch:[67]	 Valid loss=0.707113385201.

2024-11-26 12:46:26,178   INFO   
Epoch:[68]	 Train loss=0.554264634848.
Epoch:[68]	 Valid loss=0.690418303013.

2024-11-26 12:46:27,020   INFO   
Epoch:[69]	 Train loss=0.552107870579.
Epoch:[69]	 Valid loss=0.699644327164.

2024-11-26 12:46:27,882   INFO   
Epoch:[70]	 Train loss=0.517693564296.
Epoch:[70]	 Valid loss=0.688055872917.

2024-11-26 12:46:28,765   INFO   
Epoch:[71]	 Train loss=0.549314260483.
Epoch:[71]	 Valid loss=0.699285387993.

2024-11-26 12:46:29,632   INFO   
Epoch:[72]	 Train loss=0.546243607998.
Epoch:[72]	 Valid loss=0.689129233360.

2024-11-26 12:46:30,535   INFO   
Epoch:[73]	 Train loss=0.539799004793.
Epoch:[73]	 Valid loss=0.685534417629.

2024-11-26 12:46:31,387   INFO   
Epoch:[74]	 Train loss=0.528950899839.
Epoch:[74]	 Valid loss=0.694772005081.

2024-11-26 12:46:32,237   INFO   
Epoch:[75]	 Train loss=0.521434873343.
Epoch:[75]	 Valid loss=0.684141397476.

2024-11-26 12:46:33,108   INFO   
Epoch:[76]	 Train loss=0.524521678686.
Epoch:[76]	 Valid loss=0.683286547661.

2024-11-26 12:46:33,973   INFO   
Epoch:[77]	 Train loss=0.500301748514.
Epoch:[77]	 Valid loss=0.683932006359.

2024-11-26 12:46:34,831   INFO   
Epoch:[78]	 Train loss=0.520984828472.
Epoch:[78]	 Valid loss=0.685163378716.

2024-11-26 12:46:35,689   INFO   
Epoch:[79]	 Train loss=0.481924816966.
Epoch:[79]	 Valid loss=0.681078791618.

2024-11-26 12:46:36,549   INFO   
Epoch:[80]	 Train loss=0.516656845808.
Epoch:[80]	 Valid loss=0.677991926670.

2024-11-26 12:46:37,414   INFO   
Epoch:[81]	 Train loss=0.521661490202.
Epoch:[81]	 Valid loss=0.708302080631.

2024-11-26 12:46:38,301   INFO   
Epoch:[82]	 Train loss=0.523015052080.
Epoch:[82]	 Valid loss=0.677821934223.

2024-11-26 12:46:39,149   INFO   
Epoch:[83]	 Train loss=0.504659324884.
Epoch:[83]	 Valid loss=0.700189173222.

2024-11-26 12:46:40,000   INFO   
Epoch:[84]	 Train loss=0.509825974703.
Epoch:[84]	 Valid loss=0.678566038609.

2024-11-26 12:46:40,834   INFO   
Epoch:[85]	 Train loss=0.512295007706.
Epoch:[85]	 Valid loss=0.690795540810.

2024-11-26 12:46:41,682   INFO   
Epoch:[86]	 Train loss=0.487362116575.
Epoch:[86]	 Valid loss=0.673222720623.

2024-11-26 12:46:42,555   INFO   
Epoch:[87]	 Train loss=0.493150740862.
Epoch:[87]	 Valid loss=0.672323167324.

2024-11-26 12:46:43,387   INFO   
Epoch:[88]	 Train loss=0.489533066750.
Epoch:[88]	 Valid loss=0.695151031017.

2024-11-26 12:46:44,253   INFO   
Epoch:[89]	 Train loss=0.472898140550.
Epoch:[89]	 Valid loss=0.673092901707.

2024-11-26 12:46:45,088   INFO   
Epoch:[90]	 Train loss=0.496892899275.
Epoch:[90]	 Valid loss=0.668459236622.

2024-11-26 12:46:46,083   INFO   
Epoch:[91]	 Train loss=0.472161650658.
Epoch:[91]	 Valid loss=0.684219479561.

2024-11-26 12:46:46,922   INFO   
Epoch:[92]	 Train loss=0.468099728227.
Epoch:[92]	 Valid loss=0.668195843697.

2024-11-26 12:46:47,757   INFO   
Epoch:[93]	 Train loss=0.475268557668.
Epoch:[93]	 Valid loss=0.679955601692.

2024-11-26 12:46:48,612   INFO   
Epoch:[94]	 Train loss=0.465299159288.
Epoch:[94]	 Valid loss=0.682947039604.

2024-11-26 12:46:49,459   INFO   
Epoch:[95]	 Train loss=0.483841925859.
Epoch:[95]	 Valid loss=0.673858642578.

2024-11-26 12:46:50,329   INFO   
Epoch:[96]	 Train loss=0.449246004224.
Epoch:[96]	 Valid loss=0.674465179443.

2024-11-26 12:46:51,182   INFO   
Epoch:[97]	 Train loss=0.471374303102.
Epoch:[97]	 Valid loss=0.663311660290.

2024-11-26 12:46:52,033   INFO   
Epoch:[98]	 Train loss=0.447092711926.
Epoch:[98]	 Valid loss=0.656077265739.

2024-11-26 12:46:52,869   INFO   
Epoch:[99]	 Train loss=0.437520265579.
Epoch:[99]	 Valid loss=0.685485184193.

2024-11-26 12:46:53,727   INFO   
Epoch:[100]	 Train loss=0.498789563775.
Epoch:[100]	 Valid loss=0.690932214260.

2024-11-26 12:46:54,562   INFO   
Epoch:[101]	 Train loss=0.476410642266.
Epoch:[101]	 Valid loss=0.724527120590.

2024-11-26 12:46:55,410   INFO   
Epoch:[102]	 Train loss=0.450757175684.
Epoch:[102]	 Valid loss=0.656945645809.

2024-11-26 12:46:56,244   INFO   
Epoch:[103]	 Train loss=0.457249239087.
Epoch:[103]	 Valid loss=0.661497414112.

2024-11-26 12:46:57,097   INFO   
Epoch:[104]	 Train loss=0.430239677429.
Epoch:[104]	 Valid loss=0.705267548561.

2024-11-26 12:46:57,939   INFO   
Epoch:[105]	 Train loss=0.431659191847.
Epoch:[105]	 Valid loss=0.692230343819.

2024-11-26 12:46:58,810   INFO   
Epoch:[106]	 Train loss=0.461641654372.
Epoch:[106]	 Valid loss=0.682664275169.

2024-11-26 12:46:59,663   INFO   
Epoch:[107]	 Train loss=0.452281668782.
Epoch:[107]	 Valid loss=0.656023681164.

2024-11-26 12:47:00,492   INFO   
Epoch:[108]	 Train loss=0.421306967735.
Epoch:[108]	 Valid loss=0.661097526550.

2024-11-26 12:47:01,424   INFO   
Epoch:[109]	 Train loss=0.438044443727.
Epoch:[109]	 Valid loss=0.711464643478.

2024-11-26 12:47:02,508   INFO   
Epoch:[110]	 Train loss=0.424951359630.
Epoch:[110]	 Valid loss=0.677381396294.

2024-11-26 12:47:04,245   INFO   
Epoch:[111]	 Train loss=0.445458918810.
Epoch:[111]	 Valid loss=0.699913263321.

2024-11-26 12:47:05,953   INFO   
Epoch:[112]	 Train loss=0.421803966165.
Epoch:[112]	 Valid loss=0.672990918159.

2024-11-26 12:47:07,330   INFO   
Epoch:[113]	 Train loss=0.420215398073.
Epoch:[113]	 Valid loss=0.680174648762.

2024-11-26 12:47:08,952   INFO   
Epoch:[114]	 Train loss=0.413209378719.
Epoch:[114]	 Valid loss=0.719189882278.

2024-11-26 12:47:10,064   INFO   
Epoch:[115]	 Train loss=0.410071745515.
Epoch:[115]	 Valid loss=0.681885063648.

2024-11-26 12:47:11,353   INFO   
Epoch:[116]	 Train loss=0.428118526936.
Epoch:[116]	 Valid loss=0.668669521809.

2024-11-26 12:47:12,995   INFO   
Epoch:[117]	 Train loss=0.407458022237.
Epoch:[117]	 Valid loss=0.659017980099.

2024-11-26 12:47:14,100   INFO   
Epoch:[118]	 Train loss=0.408368021250.
Epoch:[118]	 Valid loss=0.659914553165.

2024-11-26 12:47:14,989   INFO   
Epoch:[119]	 Train loss=0.383640348911.
Epoch:[119]	 Valid loss=0.694050371647.

2024-11-26 12:47:15,936   INFO   
Epoch:[120]	 Train loss=0.406592637300.
Epoch:[120]	 Valid loss=0.653320074081.

2024-11-26 12:47:17,300   INFO   
Epoch:[121]	 Train loss=0.426721245050.
Epoch:[121]	 Valid loss=0.667607605457.

2024-11-26 12:47:18,690   INFO   
Epoch:[122]	 Train loss=0.380801513791.
Epoch:[122]	 Valid loss=0.705318272114.

2024-11-26 12:47:20,266   INFO   
Epoch:[123]	 Train loss=0.393247231841.
Epoch:[123]	 Valid loss=0.686703860760.

2024-11-26 12:47:21,527   INFO   
Epoch:[124]	 Train loss=0.411581963301.
Epoch:[124]	 Valid loss=0.664928138256.

2024-11-26 12:47:22,705   INFO   
Epoch:[125]	 Train loss=0.382295921445.
Epoch:[125]	 Valid loss=0.664530336857.

2024-11-26 12:47:23,648   INFO   
Epoch:[126]	 Train loss=0.396336629987.
Epoch:[126]	 Valid loss=0.697587728500.

2024-11-26 12:47:24,592   INFO   
Epoch:[127]	 Train loss=0.413402661681.
Epoch:[127]	 Valid loss=0.756851494312.

2024-11-26 12:47:25,619   INFO   
Epoch:[128]	 Train loss=0.405197232962.
Epoch:[128]	 Valid loss=0.717109024525.

2024-11-26 12:47:26,537   INFO   
Epoch:[129]	 Train loss=0.420200079679.
Epoch:[129]	 Valid loss=0.752536773682.

2024-11-26 12:47:27,394   INFO   
Epoch:[130]	 Train loss=0.387845531106.
Epoch:[130]	 Valid loss=0.729069411755.

2024-11-26 12:47:28,366   INFO   
Epoch:[131]	 Train loss=0.390357553959.
Epoch:[131]	 Valid loss=0.729635953903.

2024-11-26 12:47:29,246   INFO   
Epoch:[132]	 Train loss=0.382038995624.
Epoch:[132]	 Valid loss=0.690847814083.

2024-11-26 12:47:30,137   INFO   
Epoch:[133]	 Train loss=0.406060665846.
Epoch:[133]	 Valid loss=0.710863173008.

2024-11-26 12:47:31,158   INFO   
Epoch:[134]	 Train loss=0.384228557348.
Epoch:[134]	 Valid loss=0.686310589314.

2024-11-26 12:47:32,581   INFO   
Epoch:[135]	 Train loss=0.366632804275.
Epoch:[135]	 Valid loss=0.704491496086.

2024-11-26 12:47:34,063   INFO   
Epoch:[136]	 Train loss=0.386509910226.
Epoch:[136]	 Valid loss=0.677789330482.

2024-11-26 12:47:35,125   INFO   
Epoch:[137]	 Train loss=0.367977067828.
Epoch:[137]	 Valid loss=0.678815066814.

2024-11-26 12:47:36,338   INFO   
Epoch:[138]	 Train loss=0.359600260854.
Epoch:[138]	 Valid loss=0.680007815361.

2024-11-26 12:47:37,335   INFO   
Epoch:[139]	 Train loss=0.353917479515.
Epoch:[139]	 Valid loss=0.678912997246.

2024-11-26 12:47:38,327   INFO   
Epoch:[140]	 Train loss=0.346459671855.
Epoch:[140]	 Valid loss=0.688219904900.

2024-11-26 12:47:39,385   INFO   
Epoch:[141]	 Train loss=0.344809532166.
Epoch:[141]	 Valid loss=0.682717740536.

2024-11-26 12:47:40,373   INFO   
Epoch:[142]	 Train loss=0.337998598814.
Epoch:[142]	 Valid loss=0.671944558620.

2024-11-26 12:47:41,575   INFO   
Epoch:[143]	 Train loss=0.337267801166.
Epoch:[143]	 Valid loss=0.677867829800.

2024-11-26 12:47:43,004   INFO   
Epoch:[144]	 Train loss=0.339176446199.
Epoch:[144]	 Valid loss=0.686462342739.

2024-11-26 12:47:44,434   INFO   
Epoch:[145]	 Train loss=0.327054083347.
Epoch:[145]	 Valid loss=0.692252695560.

2024-11-26 12:47:45,528   INFO   
Epoch:[146]	 Train loss=0.334444895387.
Epoch:[146]	 Valid loss=0.676814615726.

2024-11-26 12:47:46,421   INFO   
Epoch:[147]	 Train loss=0.326045870781.
Epoch:[147]	 Valid loss=0.669698834419.

2024-11-26 12:47:47,296   INFO   
Epoch:[148]	 Train loss=0.327538311481.
Epoch:[148]	 Valid loss=0.666472613811.

2024-11-26 12:47:48,326   INFO   
Epoch:[149]	 Train loss=0.316910013556.
Epoch:[149]	 Valid loss=0.709589540958.

2024-11-26 12:47:49,866   INFO   
Epoch:[150]	 Train loss=0.353610664606.
Epoch:[150]	 Valid loss=0.686053872108.

2024-11-26 12:47:51,056   INFO   
Epoch:[151]	 Train loss=0.321792185307.
Epoch:[151]	 Valid loss=0.683591187000.

2024-11-26 12:47:52,176   INFO   
Epoch:[152]	 Train loss=0.328551650047.
Epoch:[152]	 Valid loss=0.715165019035.

2024-11-26 12:47:53,557   INFO   
Epoch:[153]	 Train loss=0.340195134282.
Epoch:[153]	 Valid loss=0.718822717667.

2024-11-26 12:47:55,059   INFO   
Epoch:[154]	 Train loss=0.354441389441.
Epoch:[154]	 Valid loss=0.682455897331.

2024-11-26 12:47:56,174   INFO   
Epoch:[155]	 Train loss=0.303632423282.
Epoch:[155]	 Valid loss=0.685294985771.

2024-11-26 12:47:57,689   INFO   
Epoch:[156]	 Train loss=0.300449132919.
Epoch:[156]	 Valid loss=0.691157937050.

2024-11-26 12:47:59,344   INFO   
Epoch:[157]	 Train loss=0.333613783121.
Epoch:[157]	 Valid loss=0.690959811211.

2024-11-26 12:48:01,571   INFO   
Epoch:[158]	 Train loss=0.299888879061.
Epoch:[158]	 Valid loss=0.706906497478.

2024-11-26 12:48:02,689   INFO   
Epoch:[159]	 Train loss=0.301649764180.
Epoch:[159]	 Valid loss=0.679696142673.

2024-11-26 12:48:03,643   INFO   
Epoch:[160]	 Train loss=0.312632456422.
Epoch:[160]	 Valid loss=0.682982683182.

2024-11-26 12:48:04,568   INFO   
Epoch:[161]	 Train loss=0.281577959657.
Epoch:[161]	 Valid loss=0.692479193211.

2024-11-26 12:48:05,494   INFO   
Epoch:[162]	 Train loss=0.291076824069.
Epoch:[162]	 Valid loss=0.718553841114.

2024-11-26 12:48:06,440   INFO   
Epoch:[163]	 Train loss=0.298679739237.
Epoch:[163]	 Valid loss=0.699675798416.

2024-11-26 12:48:07,490   INFO   
Epoch:[164]	 Train loss=0.317610830069.
Epoch:[164]	 Valid loss=0.672070086002.

2024-11-26 12:48:08,550   INFO   
Epoch:[165]	 Train loss=0.300534054637.
Epoch:[165]	 Valid loss=0.714322090149.

2024-11-26 12:48:09,837   INFO   
Epoch:[166]	 Train loss=0.321774780750.
Epoch:[166]	 Valid loss=0.712401986122.

2024-11-26 12:48:10,883   INFO   
Epoch:[167]	 Train loss=0.304247900844.
Epoch:[167]	 Valid loss=0.687744259834.

2024-11-26 12:48:11,791   INFO   
Epoch:[168]	 Train loss=0.294970467687.
Epoch:[168]	 Valid loss=0.707256197929.

2024-11-26 12:48:12,684   INFO   
Epoch:[169]	 Train loss=0.299028977752.
Epoch:[169]	 Valid loss=0.695523977280.

2024-11-26 12:48:12,684   INFO   Early stopping at epoch 169
