2024-11-26 12:17:53,492   INFO   Training starts!
2024-11-26 12:17:54,070   INFO   
Epoch:[1]	 Train loss=1.176681339741.
Epoch:[1]	 Valid loss=1.213650345802.

2024-11-26 12:17:54,650   INFO   
Epoch:[2]	 Train loss=1.082131385803.
Epoch:[2]	 Valid loss=1.058123111725.

2024-11-26 12:17:55,225   INFO   
Epoch:[3]	 Train loss=0.927650898695.
Epoch:[3]	 Valid loss=0.933494150639.

2024-11-26 12:17:55,798   INFO   
Epoch:[4]	 Train loss=0.870637089014.
Epoch:[4]	 Valid loss=0.874400913715.

2024-11-26 12:17:56,388   INFO   
Epoch:[5]	 Train loss=0.790540158749.
Epoch:[5]	 Valid loss=0.898461937904.

2024-11-26 12:17:57,011   INFO   
Epoch:[6]	 Train loss=0.819285452366.
Epoch:[6]	 Valid loss=0.832230329514.

2024-11-26 12:17:57,578   INFO   
Epoch:[7]	 Train loss=0.780098915100.
Epoch:[7]	 Valid loss=0.845754325390.

2024-11-26 12:17:58,165   INFO   
Epoch:[8]	 Train loss=0.774627804756.
Epoch:[8]	 Valid loss=0.814528167248.

2024-11-26 12:17:58,762   INFO   
Epoch:[9]	 Train loss=0.746598601341.
Epoch:[9]	 Valid loss=0.832209348679.

2024-11-26 12:17:59,348   INFO   
Epoch:[10]	 Train loss=0.753056287766.
Epoch:[10]	 Valid loss=0.801936030388.

2024-11-26 12:17:59,932   INFO   
Epoch:[11]	 Train loss=0.735009998083.
Epoch:[11]	 Valid loss=0.805275499821.

2024-11-26 12:18:00,525   INFO   
Epoch:[12]	 Train loss=0.724016010761.
Epoch:[12]	 Valid loss=0.792291939259.

2024-11-26 12:18:01,115   INFO   
Epoch:[13]	 Train loss=0.708574235439.
Epoch:[13]	 Valid loss=0.797975540161.

2024-11-26 12:18:01,843   INFO   
Epoch:[14]	 Train loss=0.704494267702.
Epoch:[14]	 Valid loss=0.792594313622.

2024-11-26 12:18:02,684   INFO   
Epoch:[15]	 Train loss=0.694832831621.
Epoch:[15]	 Valid loss=0.790282070637.

2024-11-26 12:18:03,429   INFO   
Epoch:[16]	 Train loss=0.679798901081.
Epoch:[16]	 Valid loss=0.789974451065.

2024-11-26 12:18:04,147   INFO   
Epoch:[17]	 Train loss=0.677764862776.
Epoch:[17]	 Valid loss=0.789128959179.

2024-11-26 12:18:04,863   INFO   
Epoch:[18]	 Train loss=0.670925885439.
Epoch:[18]	 Valid loss=0.781679570675.

2024-11-26 12:18:05,590   INFO   
Epoch:[19]	 Train loss=0.660380512476.
Epoch:[19]	 Valid loss=0.775655746460.

2024-11-26 12:18:06,353   INFO   
Epoch:[20]	 Train loss=0.656607031822.
Epoch:[20]	 Valid loss=0.774112522602.

2024-11-26 12:18:07,175   INFO   
Epoch:[21]	 Train loss=0.645267963409.
Epoch:[21]	 Valid loss=0.762951850891.

2024-11-26 12:18:08,050   INFO   
Epoch:[22]	 Train loss=0.642104148865.
Epoch:[22]	 Valid loss=0.761486411095.

2024-11-26 12:18:08,896   INFO   
Epoch:[23]	 Train loss=0.633382350206.
Epoch:[23]	 Valid loss=0.751810312271.

2024-11-26 12:18:09,651   INFO   
Epoch:[24]	 Train loss=0.626000493765.
Epoch:[24]	 Valid loss=0.751716732979.

2024-11-26 12:18:10,404   INFO   
Epoch:[25]	 Train loss=0.616573154926.
Epoch:[25]	 Valid loss=0.743166923523.

2024-11-26 12:18:11,123   INFO   
Epoch:[26]	 Train loss=0.612323582172.
Epoch:[26]	 Valid loss=0.740417301655.

2024-11-26 12:18:11,837   INFO   
Epoch:[27]	 Train loss=0.598057299852.
Epoch:[27]	 Valid loss=0.731869459152.

2024-11-26 12:18:12,569   INFO   
Epoch:[28]	 Train loss=0.593675553799.
Epoch:[28]	 Valid loss=0.733500719070.

2024-11-26 12:18:13,307   INFO   
Epoch:[29]	 Train loss=0.593648076057.
Epoch:[29]	 Valid loss=0.719485282898.

2024-11-26 12:18:14,082   INFO   
Epoch:[30]	 Train loss=0.576560616493.
Epoch:[30]	 Valid loss=0.745033383369.

2024-11-26 12:18:14,842   INFO   
Epoch:[31]	 Train loss=0.584864825010.
Epoch:[31]	 Valid loss=0.719686627388.

2024-11-26 12:18:15,566   INFO   
Epoch:[32]	 Train loss=0.562160611153.
Epoch:[32]	 Valid loss=0.728764414787.

2024-11-26 12:18:16,292   INFO   
Epoch:[33]	 Train loss=0.593562304974.
Epoch:[33]	 Valid loss=0.702612936497.

2024-11-26 12:18:17,035   INFO   
Epoch:[34]	 Train loss=0.556287527084.
Epoch:[34]	 Valid loss=0.730817496777.

2024-11-26 12:18:17,764   INFO   
Epoch:[35]	 Train loss=0.552256196737.
Epoch:[35]	 Valid loss=0.695927083492.

2024-11-26 12:18:18,491   INFO   
Epoch:[36]	 Train loss=0.560128539801.
Epoch:[36]	 Valid loss=0.698526620865.

2024-11-26 12:18:19,228   INFO   
Epoch:[37]	 Train loss=0.544797480106.
Epoch:[37]	 Valid loss=0.709446549416.

2024-11-26 12:18:19,993   INFO   
Epoch:[38]	 Train loss=0.539815589786.
Epoch:[38]	 Valid loss=0.683073878288.

2024-11-26 12:18:20,725   INFO   
Epoch:[39]	 Train loss=0.542620405555.
Epoch:[39]	 Valid loss=0.710181057453.

2024-11-26 12:18:21,460   INFO   
Epoch:[40]	 Train loss=0.556871205568.
Epoch:[40]	 Valid loss=0.684987783432.

2024-11-26 12:18:22,189   INFO   
Epoch:[41]	 Train loss=0.530868619680.
Epoch:[41]	 Valid loss=0.693835198879.

2024-11-26 12:18:22,921   INFO   
Epoch:[42]	 Train loss=0.523732736707.
Epoch:[42]	 Valid loss=0.686496913433.

2024-11-26 12:18:23,772   INFO   
Epoch:[43]	 Train loss=0.537808060646.
Epoch:[43]	 Valid loss=0.672378182411.

2024-11-26 12:18:24,531   INFO   
Epoch:[44]	 Train loss=0.515506967902.
Epoch:[44]	 Valid loss=0.688805401325.

2024-11-26 12:18:25,286   INFO   
Epoch:[45]	 Train loss=0.511515334249.
Epoch:[45]	 Valid loss=0.670054376125.

2024-11-26 12:18:26,021   INFO   
Epoch:[46]	 Train loss=0.521576806903.
Epoch:[46]	 Valid loss=0.673458456993.

2024-11-26 12:18:26,744   INFO   
Epoch:[47]	 Train loss=0.514285013080.
Epoch:[47]	 Valid loss=0.672316610813.

2024-11-26 12:18:27,462   INFO   
Epoch:[48]	 Train loss=0.501567602158.
Epoch:[48]	 Valid loss=0.677287697792.

2024-11-26 12:18:28,192   INFO   
Epoch:[49]	 Train loss=0.497202903032.
Epoch:[49]	 Valid loss=0.661736309528.

2024-11-26 12:18:28,932   INFO   
Epoch:[50]	 Train loss=0.505654245615.
Epoch:[50]	 Valid loss=0.697745501995.

2024-11-26 12:18:29,695   INFO   
Epoch:[51]	 Train loss=0.545406967402.
Epoch:[51]	 Valid loss=0.666942656040.

2024-11-26 12:18:30,451   INFO   
Epoch:[52]	 Train loss=0.497333183885.
Epoch:[52]	 Valid loss=0.700471580029.

2024-11-26 12:18:31,188   INFO   
Epoch:[53]	 Train loss=0.504370570183.
Epoch:[53]	 Valid loss=0.658168852329.

2024-11-26 12:18:31,927   INFO   
Epoch:[54]	 Train loss=0.494618356228.
Epoch:[54]	 Valid loss=0.666006088257.

2024-11-26 12:18:32,640   INFO   
Epoch:[55]	 Train loss=0.491214796901.
Epoch:[55]	 Valid loss=0.679955363274.

2024-11-26 12:18:33,388   INFO   
Epoch:[56]	 Train loss=0.489252164960.
Epoch:[56]	 Valid loss=0.660859704018.

2024-11-26 12:18:34,220   INFO   
Epoch:[57]	 Train loss=0.477689877152.
Epoch:[57]	 Valid loss=0.672905623913.

2024-11-26 12:18:34,997   INFO   
Epoch:[58]	 Train loss=0.499693900347.
Epoch:[58]	 Valid loss=0.653557360172.

2024-11-26 12:18:35,741   INFO   
Epoch:[59]	 Train loss=0.469514667988.
Epoch:[59]	 Valid loss=0.677675485611.

2024-11-26 12:18:36,475   INFO   
Epoch:[60]	 Train loss=0.472526386380.
Epoch:[60]	 Valid loss=0.655669927597.

2024-11-26 12:18:37,212   INFO   
Epoch:[61]	 Train loss=0.462240040302.
Epoch:[61]	 Valid loss=0.660814166069.

2024-11-26 12:18:37,963   INFO   
Epoch:[62]	 Train loss=0.492955684662.
Epoch:[62]	 Valid loss=0.689027905464.

2024-11-26 12:18:38,677   INFO   
Epoch:[63]	 Train loss=0.492974132299.
Epoch:[63]	 Valid loss=0.654231250286.

2024-11-26 12:18:39,423   INFO   
Epoch:[64]	 Train loss=0.466545969248.
Epoch:[64]	 Valid loss=0.675826907158.

2024-11-26 12:18:40,203   INFO   
Epoch:[65]	 Train loss=0.456637933850.
Epoch:[65]	 Valid loss=0.648308157921.

2024-11-26 12:18:40,962   INFO   
Epoch:[66]	 Train loss=0.463042452931.
Epoch:[66]	 Valid loss=0.645074307919.

2024-11-26 12:18:41,702   INFO   
Epoch:[67]	 Train loss=0.445687130094.
Epoch:[67]	 Valid loss=0.660112619400.

2024-11-26 12:18:42,444   INFO   
Epoch:[68]	 Train loss=0.447360649705.
Epoch:[68]	 Valid loss=0.649206995964.

2024-11-26 12:18:43,202   INFO   
Epoch:[69]	 Train loss=0.436922475696.
Epoch:[69]	 Valid loss=0.645957529545.

2024-11-26 12:18:43,953   INFO   
Epoch:[70]	 Train loss=0.455426096916.
Epoch:[70]	 Valid loss=0.701347947121.

2024-11-26 12:18:44,711   INFO   
Epoch:[71]	 Train loss=0.504196554422.
Epoch:[71]	 Valid loss=0.652536809444.

2024-11-26 12:18:45,535   INFO   
Epoch:[72]	 Train loss=0.440083429217.
Epoch:[72]	 Valid loss=0.696685612202.

2024-11-26 12:18:46,303   INFO   
Epoch:[73]	 Train loss=0.460217148066.
Epoch:[73]	 Valid loss=0.637543678284.

2024-11-26 12:18:47,058   INFO   
Epoch:[74]	 Train loss=0.439117461443.
Epoch:[74]	 Valid loss=0.656973719597.

2024-11-26 12:18:47,813   INFO   
Epoch:[75]	 Train loss=0.433662727475.
Epoch:[75]	 Valid loss=0.676410317421.

2024-11-26 12:18:48,568   INFO   
Epoch:[76]	 Train loss=0.447292104363.
Epoch:[76]	 Valid loss=0.642087578773.

2024-11-26 12:18:49,344   INFO   
Epoch:[77]	 Train loss=0.422416403890.
Epoch:[77]	 Valid loss=0.664030849934.

2024-11-26 12:18:50,106   INFO   
Epoch:[78]	 Train loss=0.435517802835.
Epoch:[78]	 Valid loss=0.642397046089.

2024-11-26 12:18:50,925   INFO   
Epoch:[79]	 Train loss=0.420900106430.
Epoch:[79]	 Valid loss=0.666152775288.

2024-11-26 12:18:51,666   INFO   
Epoch:[80]	 Train loss=0.412477597594.
Epoch:[80]	 Valid loss=0.632440209389.

2024-11-26 12:18:52,417   INFO   
Epoch:[81]	 Train loss=0.414830759168.
Epoch:[81]	 Valid loss=0.647633314133.

2024-11-26 12:18:53,193   INFO   
Epoch:[82]	 Train loss=0.412198767066.
Epoch:[82]	 Valid loss=0.631784081459.

2024-11-26 12:18:53,942   INFO   
Epoch:[83]	 Train loss=0.397946536541.
Epoch:[83]	 Valid loss=0.660067498684.

2024-11-26 12:18:54,690   INFO   
Epoch:[84]	 Train loss=0.409318923950.
Epoch:[84]	 Valid loss=0.653948724270.

2024-11-26 12:18:55,437   INFO   
Epoch:[85]	 Train loss=0.395000591874.
Epoch:[85]	 Valid loss=0.630007088184.

2024-11-26 12:18:56,246   INFO   
Epoch:[86]	 Train loss=0.385464578867.
Epoch:[86]	 Valid loss=0.641585052013.

2024-11-26 12:18:57,002   INFO   
Epoch:[87]	 Train loss=0.411800190806.
Epoch:[87]	 Valid loss=0.700172066689.

2024-11-26 12:18:57,757   INFO   
Epoch:[88]	 Train loss=0.456670269370.
Epoch:[88]	 Valid loss=0.646960973740.

2024-11-26 12:18:58,521   INFO   
Epoch:[89]	 Train loss=0.391227781773.
Epoch:[89]	 Valid loss=0.693600237370.

2024-11-26 12:18:59,275   INFO   
Epoch:[90]	 Train loss=0.424804791808.
Epoch:[90]	 Valid loss=0.629742503166.

2024-11-26 12:19:00,026   INFO   
Epoch:[91]	 Train loss=0.388579413295.
Epoch:[91]	 Valid loss=0.650282204151.

2024-11-26 12:19:00,785   INFO   
Epoch:[92]	 Train loss=0.382756009698.
Epoch:[92]	 Valid loss=0.678666889668.

2024-11-26 12:19:01,591   INFO   
Epoch:[93]	 Train loss=0.409342125058.
Epoch:[93]	 Valid loss=0.641359329224.

2024-11-26 12:19:02,348   INFO   
Epoch:[94]	 Train loss=0.369906097651.
Epoch:[94]	 Valid loss=0.657818675041.

2024-11-26 12:19:03,101   INFO   
Epoch:[95]	 Train loss=0.387598618865.
Epoch:[95]	 Valid loss=0.627970993519.

2024-11-26 12:19:03,860   INFO   
Epoch:[96]	 Train loss=0.362311854959.
Epoch:[96]	 Valid loss=0.666627228260.

2024-11-26 12:19:04,627   INFO   
Epoch:[97]	 Train loss=0.379387184978.
Epoch:[97]	 Valid loss=0.633787572384.

2024-11-26 12:19:05,396   INFO   
Epoch:[98]	 Train loss=0.352818980813.
Epoch:[98]	 Valid loss=0.638312399387.

2024-11-26 12:19:06,190   INFO   
Epoch:[99]	 Train loss=0.365452989936.
Epoch:[99]	 Valid loss=0.641726315022.

2024-11-26 12:19:06,967   INFO   
Epoch:[100]	 Train loss=0.357077732682.
Epoch:[100]	 Valid loss=0.626868367195.

2024-11-26 12:19:07,725   INFO   
Epoch:[101]	 Train loss=0.343605309725.
Epoch:[101]	 Valid loss=0.660773277283.

2024-11-26 12:19:08,489   INFO   
Epoch:[102]	 Train loss=0.375119492412.
Epoch:[102]	 Valid loss=0.692255854607.

2024-11-26 12:19:09,357   INFO   
Epoch:[103]	 Train loss=0.379242613912.
Epoch:[103]	 Valid loss=0.634086668491.

2024-11-26 12:19:10,122   INFO   
Epoch:[104]	 Train loss=0.337451934814.
Epoch:[104]	 Valid loss=0.650202214718.

2024-11-26 12:19:10,876   INFO   
Epoch:[105]	 Train loss=0.360171049833.
Epoch:[105]	 Valid loss=0.636177301407.

2024-11-26 12:19:11,706   INFO   
Epoch:[106]	 Train loss=0.334098532796.
Epoch:[106]	 Valid loss=0.643908143044.

2024-11-26 12:19:12,474   INFO   
Epoch:[107]	 Train loss=0.344470888376.
Epoch:[107]	 Valid loss=0.665304422379.

2024-11-26 12:19:13,239   INFO   
Epoch:[108]	 Train loss=0.341990604997.
Epoch:[108]	 Valid loss=0.630044519901.

2024-11-26 12:19:14,007   INFO   
Epoch:[109]	 Train loss=0.319681450725.
Epoch:[109]	 Valid loss=0.649922490120.

2024-11-26 12:19:14,766   INFO   
Epoch:[110]	 Train loss=0.355379238725.
Epoch:[110]	 Valid loss=0.701156497002.

2024-11-26 12:19:15,539   INFO   
Epoch:[111]	 Train loss=0.385992541909.
Epoch:[111]	 Valid loss=0.639057397842.

2024-11-26 12:19:16,301   INFO   
Epoch:[112]	 Train loss=0.323109522462.
Epoch:[112]	 Valid loss=0.675588071346.

2024-11-26 12:19:17,081   INFO   
Epoch:[113]	 Train loss=0.349225878716.
Epoch:[113]	 Valid loss=0.630828142166.

2024-11-26 12:19:17,860   INFO   
Epoch:[114]	 Train loss=0.316367238760.
Epoch:[114]	 Valid loss=0.652077674866.

2024-11-26 12:19:18,645   INFO   
Epoch:[115]	 Train loss=0.317182719707.
Epoch:[115]	 Valid loss=0.649719774723.

2024-11-26 12:19:19,415   INFO   
Epoch:[116]	 Train loss=0.325999304652.
Epoch:[116]	 Valid loss=0.706514000893.

2024-11-26 12:19:20,169   INFO   
Epoch:[117]	 Train loss=0.346533998847.
Epoch:[117]	 Valid loss=0.642287135124.

2024-11-26 12:19:20,943   INFO   
Epoch:[118]	 Train loss=0.301733762026.
Epoch:[118]	 Valid loss=0.658060729504.

2024-11-26 12:19:21,698   INFO   
Epoch:[119]	 Train loss=0.322612404823.
Epoch:[119]	 Valid loss=0.638100802898.

2024-11-26 12:19:22,470   INFO   
Epoch:[120]	 Train loss=0.295974627137.
Epoch:[120]	 Valid loss=0.666553735733.

2024-11-26 12:19:23,243   INFO   
Epoch:[121]	 Train loss=0.315268546343.
Epoch:[121]	 Valid loss=0.655722260475.

2024-11-26 12:19:24,033   INFO   
Epoch:[122]	 Train loss=0.293125152588.
Epoch:[122]	 Valid loss=0.646021962166.

2024-11-26 12:19:24,805   INFO   
Epoch:[123]	 Train loss=0.305274263024.
Epoch:[123]	 Valid loss=0.684363007545.

2024-11-26 12:19:25,598   INFO   
Epoch:[124]	 Train loss=0.327077224851.
Epoch:[124]	 Valid loss=0.645532548428.

2024-11-26 12:19:26,362   INFO   
Epoch:[125]	 Train loss=0.283916130662.
Epoch:[125]	 Valid loss=0.662135541439.

2024-11-26 12:19:27,126   INFO   
Epoch:[126]	 Train loss=0.305749490857.
Epoch:[126]	 Valid loss=0.658518135548.

2024-11-26 12:19:27,883   INFO   
Epoch:[127]	 Train loss=0.282012298703.
Epoch:[127]	 Valid loss=0.646063745022.

2024-11-26 12:19:28,669   INFO   
Epoch:[128]	 Train loss=0.288064569235.
Epoch:[128]	 Valid loss=0.665130078793.

2024-11-26 12:19:29,457   INFO   
Epoch:[129]	 Train loss=0.288618355989.
Epoch:[129]	 Valid loss=0.640507638454.

2024-11-26 12:19:30,244   INFO   
Epoch:[130]	 Train loss=0.266315758228.
Epoch:[130]	 Valid loss=0.671332180500.

2024-11-26 12:19:31,029   INFO   
Epoch:[131]	 Train loss=0.302486002445.
Epoch:[131]	 Valid loss=0.728415668011.

2024-11-26 12:19:31,805   INFO   
Epoch:[132]	 Train loss=0.319886833429.
Epoch:[132]	 Valid loss=0.651061654091.

2024-11-26 12:19:32,583   INFO   
Epoch:[133]	 Train loss=0.271211415529.
Epoch:[133]	 Valid loss=0.681405484676.

2024-11-26 12:19:33,375   INFO   
Epoch:[134]	 Train loss=0.288373231888.
Epoch:[134]	 Valid loss=0.646367251873.

2024-11-26 12:19:34,164   INFO   
Epoch:[135]	 Train loss=0.268026530743.
Epoch:[135]	 Valid loss=0.671725213528.

2024-11-26 12:19:34,938   INFO   
Epoch:[136]	 Train loss=0.266391545534.
Epoch:[136]	 Valid loss=0.649279654026.

2024-11-26 12:19:35,712   INFO   
Epoch:[137]	 Train loss=0.263106971979.
Epoch:[137]	 Valid loss=0.707595944405.

2024-11-26 12:19:36,493   INFO   
Epoch:[138]	 Train loss=0.323908686638.
Epoch:[138]	 Valid loss=0.714542031288.

2024-11-26 12:19:37,270   INFO   
Epoch:[139]	 Train loss=0.287886932492.
Epoch:[139]	 Valid loss=0.658909201622.

2024-11-26 12:19:38,054   INFO   
Epoch:[140]	 Train loss=0.280999436975.
Epoch:[140]	 Valid loss=0.656129479408.

2024-11-26 12:19:38,833   INFO   
Epoch:[141]	 Train loss=0.257409617305.
Epoch:[141]	 Valid loss=0.669580101967.

2024-11-26 12:19:39,628   INFO   
Epoch:[142]	 Train loss=0.260273784399.
Epoch:[142]	 Valid loss=0.664265751839.

2024-11-26 12:19:40,423   INFO   
Epoch:[143]	 Train loss=0.263506852090.
Epoch:[143]	 Valid loss=0.708595037460.

2024-11-26 12:19:41,212   INFO   
Epoch:[144]	 Train loss=0.266854107380.
Epoch:[144]	 Valid loss=0.653493285179.

2024-11-26 12:19:41,990   INFO   
Epoch:[145]	 Train loss=0.242793761194.
Epoch:[145]	 Valid loss=0.679336786270.

2024-11-26 12:19:42,781   INFO   
Epoch:[146]	 Train loss=0.261965617537.
Epoch:[146]	 Valid loss=0.651420950890.

2024-11-26 12:19:43,576   INFO   
Epoch:[147]	 Train loss=0.235791288316.
Epoch:[147]	 Valid loss=0.680376768112.

2024-11-26 12:19:44,378   INFO   
Epoch:[148]	 Train loss=0.253923118114.
Epoch:[148]	 Valid loss=0.653712809086.

2024-11-26 12:19:45,180   INFO   
Epoch:[149]	 Train loss=0.231630340219.
Epoch:[149]	 Valid loss=0.683818638325.

2024-11-26 12:19:45,990   INFO   
Epoch:[150]	 Train loss=0.260743528605.
Epoch:[150]	 Valid loss=0.677438974380.

2024-11-26 12:19:46,824   INFO   
Epoch:[151]	 Train loss=0.234253287315.
Epoch:[151]	 Valid loss=0.662117719650.

2024-11-26 12:19:47,652   INFO   
Epoch:[152]	 Train loss=0.239712461829.
Epoch:[152]	 Valid loss=0.695356667042.

2024-11-26 12:19:48,450   INFO   
Epoch:[153]	 Train loss=0.245794482529.
Epoch:[153]	 Valid loss=0.652323961258.

2024-11-26 12:19:49,241   INFO   
Epoch:[154]	 Train loss=0.223984912038.
Epoch:[154]	 Valid loss=0.683648884296.

2024-11-26 12:19:50,037   INFO   
Epoch:[155]	 Train loss=0.236982218921.
Epoch:[155]	 Valid loss=0.652673184872.

2024-11-26 12:19:50,825   INFO   
Epoch:[156]	 Train loss=0.214505046606.
Epoch:[156]	 Valid loss=0.692134022713.

2024-11-26 12:19:51,618   INFO   
Epoch:[157]	 Train loss=0.264121703804.
Epoch:[157]	 Valid loss=0.737333714962.

2024-11-26 12:19:52,410   INFO   
Epoch:[158]	 Train loss=0.254051946104.
Epoch:[158]	 Valid loss=0.659785449505.

2024-11-26 12:19:53,222   INFO   
Epoch:[159]	 Train loss=0.236062958837.
Epoch:[159]	 Valid loss=0.699423074722.

2024-11-26 12:19:54,016   INFO   
Epoch:[160]	 Train loss=0.231196530163.
Epoch:[160]	 Valid loss=0.675439774990.

2024-11-26 12:19:54,823   INFO   
Epoch:[161]	 Train loss=0.233682401478.
Epoch:[161]	 Valid loss=0.659174799919.

2024-11-26 12:19:55,636   INFO   
Epoch:[162]	 Train loss=0.211873181164.
Epoch:[162]	 Valid loss=0.713384389877.

2024-11-26 12:19:56,443   INFO   
Epoch:[163]	 Train loss=0.255817711353.
Epoch:[163]	 Valid loss=0.671007931232.

2024-11-26 12:19:57,250   INFO   
Epoch:[164]	 Train loss=0.207510240376.
Epoch:[164]	 Valid loss=0.691572725773.

2024-11-26 12:19:58,052   INFO   
Epoch:[165]	 Train loss=0.225759737194.
Epoch:[165]	 Valid loss=0.655551791191.

2024-11-26 12:19:58,852   INFO   
Epoch:[166]	 Train loss=0.207747176290.
Epoch:[166]	 Valid loss=0.694131433964.

2024-11-26 12:19:59,797   INFO   
Epoch:[167]	 Train loss=0.223288081586.
Epoch:[167]	 Valid loss=0.668312132359.

2024-11-26 12:20:00,617   INFO   
Epoch:[168]	 Train loss=0.203995950520.
Epoch:[168]	 Valid loss=0.699708163738.

2024-11-26 12:20:01,405   INFO   
Epoch:[169]	 Train loss=0.219055965543.
Epoch:[169]	 Valid loss=0.659017503262.

2024-11-26 12:20:02,234   INFO   
Epoch:[170]	 Train loss=0.201853387058.
Epoch:[170]	 Valid loss=0.698836386204.

2024-11-26 12:20:03,034   INFO   
Epoch:[171]	 Train loss=0.224186085165.
Epoch:[171]	 Valid loss=0.667332828045.

2024-11-26 12:20:03,854   INFO   
Epoch:[172]	 Train loss=0.194923758507.
Epoch:[172]	 Valid loss=0.690149664879.

2024-11-26 12:20:04,673   INFO   
Epoch:[173]	 Train loss=0.208508998156.
Epoch:[173]	 Valid loss=0.667491734028.

2024-11-26 12:20:05,466   INFO   
Epoch:[174]	 Train loss=0.201873764396.
Epoch:[174]	 Valid loss=0.706383049488.

2024-11-26 12:20:06,266   INFO   
Epoch:[175]	 Train loss=0.216937847435.
Epoch:[175]	 Valid loss=0.675311088562.

2024-11-26 12:20:07,073   INFO   
Epoch:[176]	 Train loss=0.192663975060.
Epoch:[176]	 Valid loss=0.707856535912.

2024-11-26 12:20:07,893   INFO   
Epoch:[177]	 Train loss=0.213210485876.
Epoch:[177]	 Valid loss=0.673336565495.

2024-11-26 12:20:08,725   INFO   
Epoch:[178]	 Train loss=0.200547449291.
Epoch:[178]	 Valid loss=0.699340522289.

2024-11-26 12:20:09,536   INFO   
Epoch:[179]	 Train loss=0.203892812133.
Epoch:[179]	 Valid loss=0.687402188778.

2024-11-26 12:20:10,343   INFO   
Epoch:[180]	 Train loss=0.202079966664.
Epoch:[180]	 Valid loss=0.689236462116.

2024-11-26 12:20:11,161   INFO   
Epoch:[181]	 Train loss=0.192284874618.
Epoch:[181]	 Valid loss=0.696356773376.

2024-11-26 12:20:11,980   INFO   
Epoch:[182]	 Train loss=0.207148410380.
Epoch:[182]	 Valid loss=0.682274639606.

2024-11-26 12:20:12,801   INFO   
Epoch:[183]	 Train loss=0.183509759605.
Epoch:[183]	 Valid loss=0.708710789680.

2024-11-26 12:20:13,633   INFO   
Epoch:[184]	 Train loss=0.200837180018.
Epoch:[184]	 Valid loss=0.670794188976.

2024-11-26 12:20:14,571   INFO   
Epoch:[185]	 Train loss=0.177579030395.
Epoch:[185]	 Valid loss=0.705632507801.

2024-11-26 12:20:15,384   INFO   
Epoch:[186]	 Train loss=0.200251355767.
Epoch:[186]	 Valid loss=0.677859306335.

2024-11-26 12:20:16,216   INFO   
Epoch:[187]	 Train loss=0.173648081720.
Epoch:[187]	 Valid loss=0.709960281849.

2024-11-26 12:20:17,060   INFO   
Epoch:[188]	 Train loss=0.191550105810.
Epoch:[188]	 Valid loss=0.666825473309.

2024-11-26 12:20:17,902   INFO   
Epoch:[189]	 Train loss=0.170428976417.
Epoch:[189]	 Valid loss=0.703527987003.

2024-11-26 12:20:18,732   INFO   
Epoch:[190]	 Train loss=0.192250221968.
Epoch:[190]	 Valid loss=0.679151654243.

2024-11-26 12:20:19,569   INFO   
Epoch:[191]	 Train loss=0.166928857565.
Epoch:[191]	 Valid loss=0.705283164978.

2024-11-26 12:20:20,414   INFO   
Epoch:[192]	 Train loss=0.184317983687.
Epoch:[192]	 Valid loss=0.673526644707.

2024-11-26 12:20:21,233   INFO   
Epoch:[193]	 Train loss=0.164472334087.
Epoch:[193]	 Valid loss=0.700710952282.

2024-11-26 12:20:22,043   INFO   
Epoch:[194]	 Train loss=0.186541058123.
Epoch:[194]	 Valid loss=0.689396917820.

2024-11-26 12:20:22,844   INFO   
Epoch:[195]	 Train loss=0.163610532880.
Epoch:[195]	 Valid loss=0.696146547794.

2024-11-26 12:20:23,707   INFO   
Epoch:[196]	 Train loss=0.179279834032.
Epoch:[196]	 Valid loss=0.689307749271.

2024-11-26 12:20:24,553   INFO   
Epoch:[197]	 Train loss=0.162873014808.
Epoch:[197]	 Valid loss=0.694969952106.

2024-11-26 12:20:25,402   INFO   
Epoch:[198]	 Train loss=0.180470235646.
Epoch:[198]	 Valid loss=0.700684189796.

2024-11-26 12:20:26,239   INFO   
Epoch:[199]	 Train loss=0.163529962301.
Epoch:[199]	 Valid loss=0.684116184711.

2024-11-26 12:20:26,239   INFO   Early stopping at epoch 199
2024-11-26 12:21:31,417   INFO   Training starts!
2024-11-26 12:21:32,023   INFO   
Epoch:[1]	 Train loss=1.127133965492.
Epoch:[1]	 Valid loss=1.188711524010.

2024-11-26 12:21:32,596   INFO   
Epoch:[2]	 Train loss=1.075981855392.
Epoch:[2]	 Valid loss=1.098717331886.

2024-11-26 12:21:33,169   INFO   
Epoch:[3]	 Train loss=0.980466425419.
Epoch:[3]	 Valid loss=0.962876319885.

2024-11-26 12:21:33,778   INFO   
Epoch:[4]	 Train loss=0.854871809483.
Epoch:[4]	 Valid loss=0.888762176037.

2024-11-26 12:21:34,362   INFO   
Epoch:[5]	 Train loss=0.808602660894.
Epoch:[5]	 Valid loss=0.879010379314.

2024-11-26 12:21:34,948   INFO   
Epoch:[6]	 Train loss=0.767757743597.
Epoch:[6]	 Valid loss=0.845551252365.

2024-11-26 12:21:35,529   INFO   
Epoch:[7]	 Train loss=0.749851107597.
Epoch:[7]	 Valid loss=0.843218982220.

2024-11-26 12:21:36,114   INFO   
Epoch:[8]	 Train loss=0.741283565760.
Epoch:[8]	 Valid loss=0.831645190716.

2024-11-26 12:21:36,699   INFO   
Epoch:[9]	 Train loss=0.732214927673.
Epoch:[9]	 Valid loss=0.807615280151.

2024-11-26 12:21:37,267   INFO   
Epoch:[10]	 Train loss=0.712576836348.
Epoch:[10]	 Valid loss=0.799469351768.

2024-11-26 12:21:37,892   INFO   
Epoch:[11]	 Train loss=0.702735126019.
Epoch:[11]	 Valid loss=0.791228175163.

2024-11-26 12:21:38,479   INFO   
Epoch:[12]	 Train loss=0.688512325287.
Epoch:[12]	 Valid loss=0.782079637051.

2024-11-26 12:21:39,076   INFO   
Epoch:[13]	 Train loss=0.674410074949.
Epoch:[13]	 Valid loss=0.781537353992.

2024-11-26 12:21:39,728   INFO   
Epoch:[14]	 Train loss=0.669481635094.
Epoch:[14]	 Valid loss=0.780008077621.

2024-11-26 12:21:40,415   INFO   
Epoch:[15]	 Train loss=0.662346184254.
Epoch:[15]	 Valid loss=0.774162471294.

2024-11-26 12:21:41,151   INFO   
Epoch:[16]	 Train loss=0.654179960489.
Epoch:[16]	 Valid loss=0.768629312515.

2024-11-26 12:21:41,926   INFO   
Epoch:[17]	 Train loss=0.647418916225.
Epoch:[17]	 Valid loss=0.767352104187.

2024-11-26 12:21:42,675   INFO   
Epoch:[18]	 Train loss=0.634954422712.
Epoch:[18]	 Valid loss=0.760082840919.

2024-11-26 12:21:43,439   INFO   
Epoch:[19]	 Train loss=0.631950765848.
Epoch:[19]	 Valid loss=0.756900131702.

2024-11-26 12:21:44,218   INFO   
Epoch:[20]	 Train loss=0.618885040283.
Epoch:[20]	 Valid loss=0.747321367264.

2024-11-26 12:21:44,999   INFO   
Epoch:[21]	 Train loss=0.617883473635.
Epoch:[21]	 Valid loss=0.742040455341.

2024-11-26 12:21:45,766   INFO   
Epoch:[22]	 Train loss=0.604815751314.
Epoch:[22]	 Valid loss=0.741350173950.

2024-11-26 12:21:46,548   INFO   
Epoch:[23]	 Train loss=0.593168556690.
Epoch:[23]	 Valid loss=0.735706210136.

2024-11-26 12:21:47,301   INFO   
Epoch:[24]	 Train loss=0.595323532820.
Epoch:[24]	 Valid loss=0.732190132141.

2024-11-26 12:21:48,068   INFO   
Epoch:[25]	 Train loss=0.581284761429.
Epoch:[25]	 Valid loss=0.732927083969.

2024-11-26 12:21:48,884   INFO   
Epoch:[26]	 Train loss=0.568271666765.
Epoch:[26]	 Valid loss=0.726157486439.

2024-11-26 12:21:49,639   INFO   
Epoch:[27]	 Train loss=0.567360877991.
Epoch:[27]	 Valid loss=0.749075114727.

2024-11-26 12:21:50,391   INFO   
Epoch:[28]	 Train loss=0.597767978907.
Epoch:[28]	 Valid loss=0.722252964973.

2024-11-26 12:21:51,139   INFO   
Epoch:[29]	 Train loss=0.555614352226.
Epoch:[29]	 Valid loss=0.751773595810.

2024-11-26 12:21:51,896   INFO   
Epoch:[30]	 Train loss=0.550776630640.
Epoch:[30]	 Valid loss=0.718262732029.

2024-11-26 12:21:52,647   INFO   
Epoch:[31]	 Train loss=0.560184001923.
Epoch:[31]	 Valid loss=0.713270604610.

2024-11-26 12:21:53,404   INFO   
Epoch:[32]	 Train loss=0.540218293667.
Epoch:[32]	 Valid loss=0.735957324505.

2024-11-26 12:21:54,223   INFO   
Epoch:[33]	 Train loss=0.535132110119.
Epoch:[33]	 Valid loss=0.711361348629.

2024-11-26 12:21:54,991   INFO   
Epoch:[34]	 Train loss=0.543342620134.
Epoch:[34]	 Valid loss=0.708954870701.

2024-11-26 12:21:55,756   INFO   
Epoch:[35]	 Train loss=0.529169157147.
Epoch:[35]	 Valid loss=0.722528696060.

2024-11-26 12:21:56,507   INFO   
Epoch:[36]	 Train loss=0.523690924048.
Epoch:[36]	 Valid loss=0.701868772507.

2024-11-26 12:21:57,262   INFO   
Epoch:[37]	 Train loss=0.524068698287.
Epoch:[37]	 Valid loss=0.707425951958.

2024-11-26 12:21:58,014   INFO   
Epoch:[38]	 Train loss=0.530888438225.
Epoch:[38]	 Valid loss=0.696815669537.

2024-11-26 12:21:58,783   INFO   
Epoch:[39]	 Train loss=0.511818140745.
Epoch:[39]	 Valid loss=0.705934882164.

2024-11-26 12:21:59,664   INFO   
Epoch:[40]	 Train loss=0.506497621536.
Epoch:[40]	 Valid loss=0.688290238380.

2024-11-26 12:22:00,456   INFO   
Epoch:[41]	 Train loss=0.517485231161.
Epoch:[41]	 Valid loss=0.690573930740.

2024-11-26 12:22:01,307   INFO   
Epoch:[42]	 Train loss=0.510927140713.
Epoch:[42]	 Valid loss=0.689162552357.

2024-11-26 12:22:02,057   INFO   
Epoch:[43]	 Train loss=0.496555536985.
Epoch:[43]	 Valid loss=0.691985428333.

2024-11-26 12:22:02,820   INFO   
Epoch:[44]	 Train loss=0.492462396622.
Epoch:[44]	 Valid loss=0.678457260132.

2024-11-26 12:22:03,586   INFO   
Epoch:[45]	 Train loss=0.501084044576.
Epoch:[45]	 Valid loss=0.690167844296.

2024-11-26 12:22:04,394   INFO   
Epoch:[46]	 Train loss=0.511749282479.
Epoch:[46]	 Valid loss=0.674520432949.

2024-11-26 12:22:05,160   INFO   
Epoch:[47]	 Train loss=0.486521065235.
Epoch:[47]	 Valid loss=0.687892735004.

2024-11-26 12:22:05,910   INFO   
Epoch:[48]	 Train loss=0.484105959535.
Epoch:[48]	 Valid loss=0.682444632053.

2024-11-26 12:22:06,645   INFO   
Epoch:[49]	 Train loss=0.476348981261.
Epoch:[49]	 Valid loss=0.668436408043.

2024-11-26 12:22:07,403   INFO   
Epoch:[50]	 Train loss=0.485625714064.
Epoch:[50]	 Valid loss=0.674285113811.

2024-11-26 12:22:08,174   INFO   
Epoch:[51]	 Train loss=0.486864656210.
Epoch:[51]	 Valid loss=0.664199888706.

2024-11-26 12:22:08,949   INFO   
Epoch:[52]	 Train loss=0.467198505998.
Epoch:[52]	 Valid loss=0.677438557148.

2024-11-26 12:22:09,765   INFO   
Epoch:[53]	 Train loss=0.467488050461.
Epoch:[53]	 Valid loss=0.679625213146.

2024-11-26 12:22:10,522   INFO   
Epoch:[54]	 Train loss=0.462205931544.
Epoch:[54]	 Valid loss=0.662938237190.

2024-11-26 12:22:11,309   INFO   
Epoch:[55]	 Train loss=0.457325905561.
Epoch:[55]	 Valid loss=0.661608099937.

2024-11-26 12:22:12,082   INFO   
Epoch:[56]	 Train loss=0.474015012383.
Epoch:[56]	 Valid loss=0.689805209637.

2024-11-26 12:22:12,842   INFO   
Epoch:[57]	 Train loss=0.503824397922.
Epoch:[57]	 Valid loss=0.666334450245.

2024-11-26 12:22:13,619   INFO   
Epoch:[58]	 Train loss=0.461133062840.
Epoch:[58]	 Valid loss=0.690830588341.

2024-11-26 12:22:14,393   INFO   
Epoch:[59]	 Train loss=0.471065446734.
Epoch:[59]	 Valid loss=0.675361752510.

2024-11-26 12:22:15,253   INFO   
Epoch:[60]	 Train loss=0.447441205382.
Epoch:[60]	 Valid loss=0.659448683262.

2024-11-26 12:22:16,030   INFO   
Epoch:[61]	 Train loss=0.458071336150.
Epoch:[61]	 Valid loss=0.653186082840.

2024-11-26 12:22:16,813   INFO   
Epoch:[62]	 Train loss=0.441983669996.
Epoch:[62]	 Valid loss=0.679251313210.

2024-11-26 12:22:17,595   INFO   
Epoch:[63]	 Train loss=0.439247518778.
Epoch:[63]	 Valid loss=0.646669447422.

2024-11-26 12:22:18,374   INFO   
Epoch:[64]	 Train loss=0.437396734953.
Epoch:[64]	 Valid loss=0.647714495659.

2024-11-26 12:22:19,144   INFO   
Epoch:[65]	 Train loss=0.431598052382.
Epoch:[65]	 Valid loss=0.655780673027.

2024-11-26 12:22:19,948   INFO   
Epoch:[66]	 Train loss=0.428989067674.
Epoch:[66]	 Valid loss=0.669372797012.

2024-11-26 12:22:20,736   INFO   
Epoch:[67]	 Train loss=0.427458152175.
Epoch:[67]	 Valid loss=0.646109521389.

2024-11-26 12:22:21,510   INFO   
Epoch:[68]	 Train loss=0.417255654931.
Epoch:[68]	 Valid loss=0.642100036144.

2024-11-26 12:22:22,282   INFO   
Epoch:[69]	 Train loss=0.426319718361.
Epoch:[69]	 Valid loss=0.645624041557.

2024-11-26 12:22:23,066   INFO   
Epoch:[70]	 Train loss=0.427691668272.
Epoch:[70]	 Valid loss=0.636630356312.

2024-11-26 12:22:23,835   INFO   
Epoch:[71]	 Train loss=0.410171806812.
Epoch:[71]	 Valid loss=0.645242571831.

2024-11-26 12:22:24,613   INFO   
Epoch:[72]	 Train loss=0.409388244152.
Epoch:[72]	 Valid loss=0.679658472538.

2024-11-26 12:22:25,445   INFO   
Epoch:[73]	 Train loss=0.426333755255.
Epoch:[73]	 Valid loss=0.685203135014.

2024-11-26 12:22:26,240   INFO   
Epoch:[74]	 Train loss=0.416608229280.
Epoch:[74]	 Valid loss=0.643554806709.

2024-11-26 12:22:26,995   INFO   
Epoch:[75]	 Train loss=0.395348966122.
Epoch:[75]	 Valid loss=0.637276887894.

2024-11-26 12:22:27,784   INFO   
Epoch:[76]	 Train loss=0.409356042743.
Epoch:[76]	 Valid loss=0.648337304592.

2024-11-26 12:22:28,560   INFO   
Epoch:[77]	 Train loss=0.414501607418.
Epoch:[77]	 Valid loss=0.631264507771.

2024-11-26 12:22:29,353   INFO   
Epoch:[78]	 Train loss=0.388124302030.
Epoch:[78]	 Valid loss=0.649002969265.

2024-11-26 12:22:30,141   INFO   
Epoch:[79]	 Train loss=0.395810022950.
Epoch:[79]	 Valid loss=0.682473838329.

2024-11-26 12:22:30,984   INFO   
Epoch:[80]	 Train loss=0.404344454408.
Epoch:[80]	 Valid loss=0.651672780514.

2024-11-26 12:22:31,769   INFO   
Epoch:[81]	 Train loss=0.377903595567.
Epoch:[81]	 Valid loss=0.632511138916.

2024-11-26 12:22:32,533   INFO   
Epoch:[82]	 Train loss=0.383568674326.
Epoch:[82]	 Valid loss=0.646399319172.

2024-11-26 12:22:33,330   INFO   
Epoch:[83]	 Train loss=0.401024445891.
Epoch:[83]	 Valid loss=0.638108551502.

2024-11-26 12:22:34,100   INFO   
Epoch:[84]	 Train loss=0.381156653166.
Epoch:[84]	 Valid loss=0.630599021912.

2024-11-26 12:22:34,918   INFO   
Epoch:[85]	 Train loss=0.367543727160.
Epoch:[85]	 Valid loss=0.681700408459.

2024-11-26 12:22:35,761   INFO   
Epoch:[86]	 Train loss=0.393002897501.
Epoch:[86]	 Valid loss=0.671869933605.

2024-11-26 12:22:36,553   INFO   
Epoch:[87]	 Train loss=0.368691802025.
Epoch:[87]	 Valid loss=0.628395140171.

2024-11-26 12:22:37,457   INFO   
Epoch:[88]	 Train loss=0.361351847649.
Epoch:[88]	 Valid loss=0.643896102905.

2024-11-26 12:22:38,255   INFO   
Epoch:[89]	 Train loss=0.380184412003.
Epoch:[89]	 Valid loss=0.630775034428.

2024-11-26 12:22:39,062   INFO   
Epoch:[90]	 Train loss=0.355873048306.
Epoch:[90]	 Valid loss=0.635452568531.

2024-11-26 12:22:39,843   INFO   
Epoch:[91]	 Train loss=0.353610455990.
Epoch:[91]	 Valid loss=0.694054305553.

2024-11-26 12:22:40,657   INFO   
Epoch:[92]	 Train loss=0.384617105126.
Epoch:[92]	 Valid loss=0.670246064663.

2024-11-26 12:22:41,496   INFO   
Epoch:[93]	 Train loss=0.348758816719.
Epoch:[93]	 Valid loss=0.630602598190.

2024-11-26 12:22:42,440   INFO   
Epoch:[94]	 Train loss=0.354226693511.
Epoch:[94]	 Valid loss=0.651880323887.

2024-11-26 12:22:43,237   INFO   
Epoch:[95]	 Train loss=0.367637842894.
Epoch:[95]	 Valid loss=0.618986368179.

2024-11-26 12:22:44,043   INFO   
Epoch:[96]	 Train loss=0.333441823721.
Epoch:[96]	 Valid loss=0.669606208801.

2024-11-26 12:22:44,837   INFO   
Epoch:[97]	 Train loss=0.361008092761.
Epoch:[97]	 Valid loss=0.666994988918.

2024-11-26 12:22:45,638   INFO   
Epoch:[98]	 Train loss=0.335354208946.
Epoch:[98]	 Valid loss=0.639531552792.

2024-11-26 12:22:46,496   INFO   
Epoch:[99]	 Train loss=0.344358384609.
Epoch:[99]	 Valid loss=0.653282225132.

2024-11-26 12:22:47,297   INFO   
Epoch:[100]	 Train loss=0.342272162437.
Epoch:[100]	 Valid loss=0.626811921597.

2024-11-26 12:22:48,091   INFO   
Epoch:[101]	 Train loss=0.327029407024.
Epoch:[101]	 Valid loss=0.690115272999.

2024-11-26 12:22:48,882   INFO   
Epoch:[102]	 Train loss=0.355822846293.
Epoch:[102]	 Valid loss=0.641231536865.

2024-11-26 12:22:49,706   INFO   
Epoch:[103]	 Train loss=0.318941876292.
Epoch:[103]	 Valid loss=0.657520711422.

2024-11-26 12:22:50,478   INFO   
Epoch:[104]	 Train loss=0.343640401959.
Epoch:[104]	 Valid loss=0.634382963181.

2024-11-26 12:22:51,289   INFO   
Epoch:[105]	 Train loss=0.311400264502.
Epoch:[105]	 Valid loss=0.666684985161.

2024-11-26 12:22:52,078   INFO   
Epoch:[106]	 Train loss=0.337462961674.
Epoch:[106]	 Valid loss=0.671561956406.

2024-11-26 12:22:52,882   INFO   
Epoch:[107]	 Train loss=0.316537231207.
Epoch:[107]	 Valid loss=0.626734077930.

2024-11-26 12:22:53,694   INFO   
Epoch:[108]	 Train loss=0.314550906420.
Epoch:[108]	 Valid loss=0.650354146957.

2024-11-26 12:22:54,490   INFO   
Epoch:[109]	 Train loss=0.313501104712.
Epoch:[109]	 Valid loss=0.637179195881.

2024-11-26 12:22:55,308   INFO   
Epoch:[110]	 Train loss=0.300626248121.
Epoch:[110]	 Valid loss=0.672212719917.

2024-11-26 12:22:56,128   INFO   
Epoch:[111]	 Train loss=0.313601359725.
Epoch:[111]	 Valid loss=0.639731705189.

2024-11-26 12:22:56,913   INFO   
Epoch:[112]	 Train loss=0.290489792824.
Epoch:[112]	 Valid loss=0.637447237968.

2024-11-26 12:22:57,717   INFO   
Epoch:[113]	 Train loss=0.303454384208.
Epoch:[113]	 Valid loss=0.650085628033.

2024-11-26 12:22:58,513   INFO   
Epoch:[114]	 Train loss=0.303763151169.
Epoch:[114]	 Valid loss=0.629983663559.

2024-11-26 12:22:59,294   INFO   
Epoch:[115]	 Train loss=0.282153159380.
Epoch:[115]	 Valid loss=0.654717147350.

2024-11-26 12:23:00,108   INFO   
Epoch:[116]	 Train loss=0.297314673662.
Epoch:[116]	 Valid loss=0.673646986485.

2024-11-26 12:23:00,929   INFO   
Epoch:[117]	 Train loss=0.294903814793.
Epoch:[117]	 Valid loss=0.645489871502.

2024-11-26 12:23:01,732   INFO   
Epoch:[118]	 Train loss=0.275100395083.
Epoch:[118]	 Valid loss=0.643705010414.

2024-11-26 12:23:02,532   INFO   
Epoch:[119]	 Train loss=0.297549992800.
Epoch:[119]	 Valid loss=0.673117816448.

2024-11-26 12:23:03,319   INFO   
Epoch:[120]	 Train loss=0.322705715895.
Epoch:[120]	 Valid loss=0.649109423161.

2024-11-26 12:23:04,119   INFO   
Epoch:[121]	 Train loss=0.284449562430.
Epoch:[121]	 Valid loss=0.649124383926.

2024-11-26 12:23:04,937   INFO   
Epoch:[122]	 Train loss=0.288230255246.
Epoch:[122]	 Valid loss=0.708688318729.

2024-11-26 12:23:05,752   INFO   
Epoch:[123]	 Train loss=0.300586238503.
Epoch:[123]	 Valid loss=0.640090703964.

2024-11-26 12:23:06,553   INFO   
Epoch:[124]	 Train loss=0.270127728581.
Epoch:[124]	 Valid loss=0.661679208279.

2024-11-26 12:23:07,354   INFO   
Epoch:[125]	 Train loss=0.287137597799.
Epoch:[125]	 Valid loss=0.631998002529.

2024-11-26 12:23:08,169   INFO   
Epoch:[126]	 Train loss=0.263585463166.
Epoch:[126]	 Valid loss=0.695097088814.

2024-11-26 12:23:08,976   INFO   
Epoch:[127]	 Train loss=0.302482798696.
Epoch:[127]	 Valid loss=0.671857237816.

2024-11-26 12:23:09,817   INFO   
Epoch:[128]	 Train loss=0.266281887889.
Epoch:[128]	 Valid loss=0.664247453213.

2024-11-26 12:23:10,629   INFO   
Epoch:[129]	 Train loss=0.287572845817.
Epoch:[129]	 Valid loss=0.659380853176.

2024-11-26 12:23:11,454   INFO   
Epoch:[130]	 Train loss=0.265116572380.
Epoch:[130]	 Valid loss=0.663832068443.

2024-11-26 12:23:12,265   INFO   
Epoch:[131]	 Train loss=0.280192732811.
Epoch:[131]	 Valid loss=0.698220193386.

2024-11-26 12:23:13,093   INFO   
Epoch:[132]	 Train loss=0.273901507258.
Epoch:[132]	 Valid loss=0.640074431896.

2024-11-26 12:23:13,908   INFO   
Epoch:[133]	 Train loss=0.265634253621.
Epoch:[133]	 Valid loss=0.685611069202.

2024-11-26 12:23:14,735   INFO   
Epoch:[134]	 Train loss=0.273236751556.
Epoch:[134]	 Valid loss=0.647864222527.

2024-11-26 12:23:15,561   INFO   
Epoch:[135]	 Train loss=0.254127144814.
Epoch:[135]	 Valid loss=0.692182183266.

2024-11-26 12:23:16,397   INFO   
Epoch:[136]	 Train loss=0.261809080839.
Epoch:[136]	 Valid loss=0.636072337627.

2024-11-26 12:23:17,209   INFO   
Epoch:[137]	 Train loss=0.245005525649.
Epoch:[137]	 Valid loss=0.667259871960.

2024-11-26 12:23:18,031   INFO   
Epoch:[138]	 Train loss=0.251794248819.
Epoch:[138]	 Valid loss=0.647772610188.

2024-11-26 12:23:18,874   INFO   
Epoch:[139]	 Train loss=0.235718920827.
Epoch:[139]	 Valid loss=0.670657813549.

2024-11-26 12:23:19,703   INFO   
Epoch:[140]	 Train loss=0.244218111038.
Epoch:[140]	 Valid loss=0.645105183125.

2024-11-26 12:23:20,536   INFO   
Epoch:[141]	 Train loss=0.229115821421.
Epoch:[141]	 Valid loss=0.655108690262.

2024-11-26 12:23:21,360   INFO   
Epoch:[142]	 Train loss=0.240903653204.
Epoch:[142]	 Valid loss=0.662147581577.

2024-11-26 12:23:22,175   INFO   
Epoch:[143]	 Train loss=0.236296072602.
Epoch:[143]	 Valid loss=0.640377759933.

2024-11-26 12:23:23,019   INFO   
Epoch:[144]	 Train loss=0.222519606352.
Epoch:[144]	 Valid loss=0.661272823811.

2024-11-26 12:23:23,019   INFO   Early stopping at epoch 144
