2024-11-26 12:52:03,963   INFO   Training starts!
2024-11-26 12:52:04,753   INFO   
Epoch:[1]	 Train loss=1.003972560167.
Epoch:[1]	 Valid loss=0.951452195644.

2024-11-26 12:52:05,614   INFO   
Epoch:[2]	 Train loss=0.913301825523.
Epoch:[2]	 Valid loss=0.893542885780.

2024-11-26 12:52:06,579   INFO   
Epoch:[3]	 Train loss=0.874019443989.
Epoch:[3]	 Valid loss=0.923359692097.

2024-11-26 12:52:07,486   INFO   
Epoch:[4]	 Train loss=0.854656308889.
Epoch:[4]	 Valid loss=0.930703580379.

2024-11-26 12:52:08,347   INFO   
Epoch:[5]	 Train loss=0.861485928297.
Epoch:[5]	 Valid loss=0.898451685905.

2024-11-26 12:52:09,220   INFO   
Epoch:[6]	 Train loss=0.845919102430.
Epoch:[6]	 Valid loss=0.875983953476.

2024-11-26 12:52:10,067   INFO   
Epoch:[7]	 Train loss=0.842317402363.
Epoch:[7]	 Valid loss=0.876218140125.

2024-11-26 12:52:10,921   INFO   
Epoch:[8]	 Train loss=0.806323826313.
Epoch:[8]	 Valid loss=0.878423690796.

2024-11-26 12:52:11,879   INFO   
Epoch:[9]	 Train loss=0.801312565804.
Epoch:[9]	 Valid loss=0.869402110577.

2024-11-26 12:52:12,780   INFO   
Epoch:[10]	 Train loss=0.764285415411.
Epoch:[10]	 Valid loss=0.838090240955.

2024-11-26 12:52:13,677   INFO   
Epoch:[11]	 Train loss=0.766391158104.
Epoch:[11]	 Valid loss=0.817013323307.

2024-11-26 12:52:14,547   INFO   
Epoch:[12]	 Train loss=0.760470807552.
Epoch:[12]	 Valid loss=0.812952935696.

2024-11-26 12:52:15,421   INFO   
Epoch:[13]	 Train loss=0.741472244263.
Epoch:[13]	 Valid loss=0.820080220699.

2024-11-26 12:52:16,308   INFO   
Epoch:[14]	 Train loss=0.733640074730.
Epoch:[14]	 Valid loss=0.827846527100.

2024-11-26 12:52:17,247   INFO   
Epoch:[15]	 Train loss=0.735944598913.
Epoch:[15]	 Valid loss=0.805154144764.

2024-11-26 12:52:18,142   INFO   
Epoch:[16]	 Train loss=0.747183591127.
Epoch:[16]	 Valid loss=0.799521028996.

2024-11-26 12:52:19,026   INFO   
Epoch:[17]	 Train loss=0.725076466799.
Epoch:[17]	 Valid loss=0.788073360920.

2024-11-26 12:52:19,892   INFO   
Epoch:[18]	 Train loss=0.691531628370.
Epoch:[18]	 Valid loss=0.782812535763.

2024-11-26 12:52:20,771   INFO   
Epoch:[19]	 Train loss=0.699712455273.
Epoch:[19]	 Valid loss=0.786931991577.

2024-11-26 12:52:21,646   INFO   
Epoch:[20]	 Train loss=0.700738191605.
Epoch:[20]	 Valid loss=0.780254483223.

2024-11-26 12:52:22,602   INFO   
Epoch:[21]	 Train loss=0.703705132008.
Epoch:[21]	 Valid loss=0.776234507561.

2024-11-26 12:52:23,498   INFO   
Epoch:[22]	 Train loss=0.682983875275.
Epoch:[22]	 Valid loss=0.777372539043.

2024-11-26 12:52:24,398   INFO   
Epoch:[23]	 Train loss=0.686033576727.
Epoch:[23]	 Valid loss=0.768026530743.

2024-11-26 12:52:25,317   INFO   
Epoch:[24]	 Train loss=0.679203331470.
Epoch:[24]	 Valid loss=0.769218564034.

2024-11-26 12:52:26,312   INFO   
Epoch:[25]	 Train loss=0.680321961641.
Epoch:[25]	 Valid loss=0.781696081161.

2024-11-26 12:52:27,268   INFO   
Epoch:[26]	 Train loss=0.672381758690.
Epoch:[26]	 Valid loss=0.759017646313.

2024-11-26 12:52:28,204   INFO   
Epoch:[27]	 Train loss=0.659525245428.
Epoch:[27]	 Valid loss=0.767222702503.

2024-11-26 12:52:29,421   INFO   
Epoch:[28]	 Train loss=0.637967348099.
Epoch:[28]	 Valid loss=0.744445264339.

2024-11-26 12:52:30,487   INFO   
Epoch:[29]	 Train loss=0.644041121006.
Epoch:[29]	 Valid loss=0.754288733006.

2024-11-26 12:52:31,460   INFO   
Epoch:[30]	 Train loss=0.654364675283.
Epoch:[30]	 Valid loss=0.742947757244.

2024-11-26 12:52:32,630   INFO   
Epoch:[31]	 Train loss=0.628341078758.
Epoch:[31]	 Valid loss=0.765739321709.

2024-11-26 12:52:33,583   INFO   
Epoch:[32]	 Train loss=0.637892603874.
Epoch:[32]	 Valid loss=0.724271893501.

2024-11-26 12:52:34,462   INFO   
Epoch:[33]	 Train loss=0.665147751570.
Epoch:[33]	 Valid loss=0.733677208424.

2024-11-26 12:52:35,602   INFO   
Epoch:[34]	 Train loss=0.616132438183.
Epoch:[34]	 Valid loss=0.736114382744.

2024-11-26 12:52:36,817   INFO   
Epoch:[35]	 Train loss=0.629550784826.
Epoch:[35]	 Valid loss=0.747606158257.

2024-11-26 12:52:37,815   INFO   
Epoch:[36]	 Train loss=0.628648936749.
Epoch:[36]	 Valid loss=0.726659417152.

2024-11-26 12:52:38,732   INFO   
Epoch:[37]	 Train loss=0.629361122847.
Epoch:[37]	 Valid loss=0.755981683731.

2024-11-26 12:52:39,651   INFO   
Epoch:[38]	 Train loss=0.619910001755.
Epoch:[38]	 Valid loss=0.720923066139.

2024-11-26 12:52:40,573   INFO   
Epoch:[39]	 Train loss=0.615793138742.
Epoch:[39]	 Valid loss=0.732884824276.

2024-11-26 12:52:41,496   INFO   
Epoch:[40]	 Train loss=0.615398943424.
Epoch:[40]	 Valid loss=0.716346323490.

2024-11-26 12:52:42,466   INFO   
Epoch:[41]	 Train loss=0.614414602518.
Epoch:[41]	 Valid loss=0.725422620773.

2024-11-26 12:52:43,646   INFO   
Epoch:[42]	 Train loss=0.613263010979.
Epoch:[42]	 Valid loss=0.706056356430.

2024-11-26 12:52:44,554   INFO   
Epoch:[43]	 Train loss=0.596069246531.
Epoch:[43]	 Valid loss=0.695643484592.

2024-11-26 12:52:45,447   INFO   
Epoch:[44]	 Train loss=0.579104542732.
Epoch:[44]	 Valid loss=0.707380294800.

2024-11-26 12:52:46,431   INFO   
Epoch:[45]	 Train loss=0.573702782393.
Epoch:[45]	 Valid loss=0.700242221355.

2024-11-26 12:52:47,676   INFO   
Epoch:[46]	 Train loss=0.583443909883.
Epoch:[46]	 Valid loss=0.723878085613.

2024-11-26 12:52:48,600   INFO   
Epoch:[47]	 Train loss=0.577496051788.
Epoch:[47]	 Valid loss=0.695323050022.

2024-11-26 12:52:49,512   INFO   
Epoch:[48]	 Train loss=0.592247158289.
Epoch:[48]	 Valid loss=0.708138823509.

2024-11-26 12:52:50,428   INFO   
Epoch:[49]	 Train loss=0.593742102385.
Epoch:[49]	 Valid loss=0.703760802746.

2024-11-26 12:52:51,383   INFO   
Epoch:[50]	 Train loss=0.577464044094.
Epoch:[50]	 Valid loss=0.715622961521.

2024-11-26 12:52:52,360   INFO   
Epoch:[51]	 Train loss=0.561589926481.
Epoch:[51]	 Valid loss=0.682233989239.

2024-11-26 12:52:53,465   INFO   
Epoch:[52]	 Train loss=0.555745393038.
Epoch:[52]	 Valid loss=0.679711759090.

2024-11-26 12:52:54,426   INFO   
Epoch:[53]	 Train loss=0.578070163727.
Epoch:[53]	 Valid loss=0.688724339008.

2024-11-26 12:52:55,332   INFO   
Epoch:[54]	 Train loss=0.567214429379.
Epoch:[54]	 Valid loss=0.693745672703.

2024-11-26 12:52:56,258   INFO   
Epoch:[55]	 Train loss=0.593143075705.
Epoch:[55]	 Valid loss=0.688927888870.

2024-11-26 12:52:57,185   INFO   
Epoch:[56]	 Train loss=0.569747060537.
Epoch:[56]	 Valid loss=0.687462568283.

2024-11-26 12:52:58,070   INFO   
Epoch:[57]	 Train loss=0.545651555061.
Epoch:[57]	 Valid loss=0.684689819813.

2024-11-26 12:52:59,209   INFO   
Epoch:[58]	 Train loss=0.554842561483.
Epoch:[58]	 Valid loss=0.677268564701.

2024-11-26 12:53:00,451   INFO   
Epoch:[59]	 Train loss=0.566594958305.
Epoch:[59]	 Valid loss=0.678174018860.

2024-11-26 12:53:01,451   INFO   
Epoch:[60]	 Train loss=0.544489651918.
Epoch:[60]	 Valid loss=0.682093322277.

2024-11-26 12:53:02,388   INFO   
Epoch:[61]	 Train loss=0.549065887928.
Epoch:[61]	 Valid loss=0.676753163338.

2024-11-26 12:53:03,378   INFO   
Epoch:[62]	 Train loss=0.563935309649.
Epoch:[62]	 Valid loss=0.681656062603.

2024-11-26 12:53:04,314   INFO   
Epoch:[63]	 Train loss=0.544886201620.
Epoch:[63]	 Valid loss=0.670813620090.

2024-11-26 12:53:05,203   INFO   
Epoch:[64]	 Train loss=0.529263585806.
Epoch:[64]	 Valid loss=0.670325875282.

2024-11-26 12:53:06,093   INFO   
Epoch:[65]	 Train loss=0.555198997259.
Epoch:[65]	 Valid loss=0.681869387627.

2024-11-26 12:53:06,956   INFO   
Epoch:[66]	 Train loss=0.547108978033.
Epoch:[66]	 Valid loss=0.671224176884.

2024-11-26 12:53:07,854   INFO   
Epoch:[67]	 Train loss=0.516700327396.
Epoch:[67]	 Valid loss=0.683111727238.

2024-11-26 12:53:08,760   INFO   
Epoch:[68]	 Train loss=0.534295201302.
Epoch:[68]	 Valid loss=0.667566418648.

2024-11-26 12:53:09,629   INFO   
Epoch:[69]	 Train loss=0.534878402948.
Epoch:[69]	 Valid loss=0.670568108559.

2024-11-26 12:53:10,519   INFO   
Epoch:[70]	 Train loss=0.521733894944.
Epoch:[70]	 Valid loss=0.657804131508.

2024-11-26 12:53:11,388   INFO   
Epoch:[71]	 Train loss=0.553984463215.
Epoch:[71]	 Valid loss=0.682851672173.

2024-11-26 12:53:12,278   INFO   
Epoch:[72]	 Train loss=0.532594233751.
Epoch:[72]	 Valid loss=0.667160272598.

2024-11-26 12:53:13,175   INFO   
Epoch:[73]	 Train loss=0.545956879854.
Epoch:[73]	 Valid loss=0.650948166847.

2024-11-26 12:53:14,044   INFO   
Epoch:[74]	 Train loss=0.520446777344.
Epoch:[74]	 Valid loss=0.654225349426.

2024-11-26 12:53:14,974   INFO   
Epoch:[75]	 Train loss=0.530613288283.
Epoch:[75]	 Valid loss=0.659669697285.

2024-11-26 12:53:16,073   INFO   
Epoch:[76]	 Train loss=0.525735706091.
Epoch:[76]	 Valid loss=0.648449063301.

2024-11-26 12:53:18,114   INFO   
Epoch:[77]	 Train loss=0.524386346340.
Epoch:[77]	 Valid loss=0.669727623463.

2024-11-26 12:53:19,635   INFO   
Epoch:[78]	 Train loss=0.530389934778.
Epoch:[78]	 Valid loss=0.655175209045.

2024-11-26 12:53:20,853   INFO   
Epoch:[79]	 Train loss=0.502252578735.
Epoch:[79]	 Valid loss=0.647475421429.

2024-11-26 12:53:23,054   INFO   
Epoch:[80]	 Train loss=0.523038357496.
Epoch:[80]	 Valid loss=0.642171204090.

2024-11-26 12:53:24,533   INFO   
Epoch:[81]	 Train loss=0.512227803469.
Epoch:[81]	 Valid loss=0.671514272690.

2024-11-26 12:53:25,599   INFO   
Epoch:[82]	 Train loss=0.499030992389.
Epoch:[82]	 Valid loss=0.660732805729.

2024-11-26 12:53:27,824   INFO   
Epoch:[83]	 Train loss=0.523448243737.
Epoch:[83]	 Valid loss=0.667814314365.

2024-11-26 12:53:30,735   INFO   
Epoch:[84]	 Train loss=0.524825975299.
Epoch:[84]	 Valid loss=0.655117690563.

2024-11-26 12:53:33,168   INFO   
Epoch:[85]	 Train loss=0.493386223912.
Epoch:[85]	 Valid loss=0.666917622089.

2024-11-26 12:53:34,535   INFO   
Epoch:[86]	 Train loss=0.496934860945.
Epoch:[86]	 Valid loss=0.629458367825.

2024-11-26 12:53:35,736   INFO   
Epoch:[87]	 Train loss=0.504482835531.
Epoch:[87]	 Valid loss=0.641437768936.

2024-11-26 12:53:36,902   INFO   
Epoch:[88]	 Train loss=0.485369175673.
Epoch:[88]	 Valid loss=0.673830807209.

2024-11-26 12:53:37,879   INFO   
Epoch:[89]	 Train loss=0.497072324157.
Epoch:[89]	 Valid loss=0.659904122353.

2024-11-26 12:53:39,256   INFO   
Epoch:[90]	 Train loss=0.504703506827.
Epoch:[90]	 Valid loss=0.640042841434.

2024-11-26 12:53:40,323   INFO   
Epoch:[91]	 Train loss=0.495641499758.
Epoch:[91]	 Valid loss=0.687560141087.

2024-11-26 12:53:41,494   INFO   
Epoch:[92]	 Train loss=0.504717826843.
Epoch:[92]	 Valid loss=0.664846956730.

2024-11-26 12:53:43,437   INFO   
Epoch:[93]	 Train loss=0.485821932554.
Epoch:[93]	 Valid loss=0.650582432747.

2024-11-26 12:53:45,143   INFO   
Epoch:[94]	 Train loss=0.469129979610.
Epoch:[94]	 Valid loss=0.645627558231.

2024-11-26 12:53:46,916   INFO   
Epoch:[95]	 Train loss=0.471976980567.
Epoch:[95]	 Valid loss=0.682899832726.

2024-11-26 12:53:48,907   INFO   
Epoch:[96]	 Train loss=0.491896405816.
Epoch:[96]	 Valid loss=0.631183385849.

2024-11-26 12:53:50,223   INFO   
Epoch:[97]	 Train loss=0.482393294573.
Epoch:[97]	 Valid loss=0.641693532467.

2024-11-26 12:53:51,680   INFO   
Epoch:[98]	 Train loss=0.464592099190.
Epoch:[98]	 Valid loss=0.684042513371.

2024-11-26 12:53:53,070   INFO   
Epoch:[99]	 Train loss=0.489427581429.
Epoch:[99]	 Valid loss=0.672631025314.

2024-11-26 12:53:54,295   INFO   
Epoch:[100]	 Train loss=0.450179234147.
Epoch:[100]	 Valid loss=0.625284016132.

2024-11-26 12:53:55,350   INFO   
Epoch:[101]	 Train loss=0.467728152871.
Epoch:[101]	 Valid loss=0.658927500248.

2024-11-26 12:53:56,473   INFO   
Epoch:[102]	 Train loss=0.474591866136.
Epoch:[102]	 Valid loss=0.679973423481.

2024-11-26 12:53:57,487   INFO   
Epoch:[103]	 Train loss=0.436021551490.
Epoch:[103]	 Valid loss=0.643221139908.

2024-11-26 12:53:58,505   INFO   
Epoch:[104]	 Train loss=0.466208636761.
Epoch:[104]	 Valid loss=0.620972931385.

2024-11-26 12:53:59,746   INFO   
Epoch:[105]	 Train loss=0.456290259957.
Epoch:[105]	 Valid loss=0.664734899998.

2024-11-26 12:54:00,866   INFO   
Epoch:[106]	 Train loss=0.459099397063.
Epoch:[106]	 Valid loss=0.641088664532.

2024-11-26 12:54:02,557   INFO   
Epoch:[107]	 Train loss=0.472692146897.
Epoch:[107]	 Valid loss=0.626244246960.

2024-11-26 12:54:05,026   INFO   
Epoch:[108]	 Train loss=0.446805700660.
Epoch:[108]	 Valid loss=0.643851280212.

2024-11-26 12:54:07,210   INFO   
Epoch:[109]	 Train loss=0.445949852467.
Epoch:[109]	 Valid loss=0.662426054478.

2024-11-26 12:54:09,570   INFO   
Epoch:[110]	 Train loss=0.441398695111.
Epoch:[110]	 Valid loss=0.627978146076.

2024-11-26 12:54:11,212   INFO   
Epoch:[111]	 Train loss=0.468940615654.
Epoch:[111]	 Valid loss=0.645810365677.

2024-11-26 12:54:12,955   INFO   
Epoch:[112]	 Train loss=0.444509461522.
Epoch:[112]	 Valid loss=0.649951219559.

2024-11-26 12:54:14,918   INFO   
Epoch:[113]	 Train loss=0.429092779756.
Epoch:[113]	 Valid loss=0.629771411419.

2024-11-26 12:54:16,594   INFO   
Epoch:[114]	 Train loss=0.434307694435.
Epoch:[114]	 Valid loss=0.627596914768.

2024-11-26 12:54:18,313   INFO   
Epoch:[115]	 Train loss=0.459276705980.
Epoch:[115]	 Valid loss=0.657303452492.

2024-11-26 12:54:20,109   INFO   
Epoch:[116]	 Train loss=0.440847367048.
Epoch:[116]	 Valid loss=0.650768160820.

2024-11-26 12:54:21,837   INFO   
Epoch:[117]	 Train loss=0.443585529923.
Epoch:[117]	 Valid loss=0.633994758129.

2024-11-26 12:54:23,611   INFO   
Epoch:[118]	 Train loss=0.433251127601.
Epoch:[118]	 Valid loss=0.649360001087.

2024-11-26 12:54:25,414   INFO   
Epoch:[119]	 Train loss=0.420220494270.
Epoch:[119]	 Valid loss=0.645173728466.

2024-11-26 12:54:27,190   INFO   
Epoch:[120]	 Train loss=0.432670727372.
Epoch:[120]	 Valid loss=0.630745708942.

2024-11-26 12:54:28,945   INFO   
Epoch:[121]	 Train loss=0.421828284860.
Epoch:[121]	 Valid loss=0.652547836304.

2024-11-26 12:54:30,908   INFO   
Epoch:[122]	 Train loss=0.412868097425.
Epoch:[122]	 Valid loss=0.656360089779.

2024-11-26 12:54:32,702   INFO   
Epoch:[123]	 Train loss=0.414692729712.
Epoch:[123]	 Valid loss=0.642676413059.

2024-11-26 12:54:34,433   INFO   
Epoch:[124]	 Train loss=0.427421107888.
Epoch:[124]	 Valid loss=0.645548760891.

2024-11-26 12:54:36,180   INFO   
Epoch:[125]	 Train loss=0.415042117238.
Epoch:[125]	 Valid loss=0.661306262016.

2024-11-26 12:54:37,864   INFO   
Epoch:[126]	 Train loss=0.432193681598.
Epoch:[126]	 Valid loss=0.641210019588.

2024-11-26 12:54:39,581   INFO   
Epoch:[127]	 Train loss=0.385899141431.
Epoch:[127]	 Valid loss=0.628784179688.

2024-11-26 12:54:41,247   INFO   
Epoch:[128]	 Train loss=0.413604959846.
Epoch:[128]	 Valid loss=0.651541650295.

2024-11-26 12:54:42,992   INFO   
Epoch:[129]	 Train loss=0.403829976916.
Epoch:[129]	 Valid loss=0.637007653713.

2024-11-26 12:54:44,706   INFO   
Epoch:[130]	 Train loss=0.423194393516.
Epoch:[130]	 Valid loss=0.647411942482.

2024-11-26 12:54:46,454   INFO   
Epoch:[131]	 Train loss=0.399354562163.
Epoch:[131]	 Valid loss=0.643643200397.

2024-11-26 12:54:48,080   INFO   
Epoch:[132]	 Train loss=0.406322121620.
Epoch:[132]	 Valid loss=0.653707802296.

2024-11-26 12:54:49,829   INFO   
Epoch:[133]	 Train loss=0.399059653282.
Epoch:[133]	 Valid loss=0.652544200420.

2024-11-26 12:54:51,630   INFO   
Epoch:[134]	 Train loss=0.392412155867.
Epoch:[134]	 Valid loss=0.630081415176.

2024-11-26 12:54:53,336   INFO   
Epoch:[135]	 Train loss=0.384598419070.
Epoch:[135]	 Valid loss=0.647708296776.

2024-11-26 12:54:55,126   INFO   
Epoch:[136]	 Train loss=0.418270826340.
Epoch:[136]	 Valid loss=0.681557714939.

2024-11-26 12:54:56,872   INFO   
Epoch:[137]	 Train loss=0.384099796414.
Epoch:[137]	 Valid loss=0.631978452206.

2024-11-26 12:54:58,569   INFO   
Epoch:[138]	 Train loss=0.389763921499.
Epoch:[138]	 Valid loss=0.638461530209.

2024-11-26 12:55:00,596   INFO   
Epoch:[139]	 Train loss=0.373675480485.
Epoch:[139]	 Valid loss=0.645093739033.

2024-11-26 12:55:02,982   INFO   
Epoch:[140]	 Train loss=0.400091245770.
Epoch:[140]	 Valid loss=0.639048457146.

2024-11-26 12:55:04,198   INFO   
Epoch:[141]	 Train loss=0.389150872827.
Epoch:[141]	 Valid loss=0.629276871681.

2024-11-26 12:55:05,131   INFO   
Epoch:[142]	 Train loss=0.381957069039.
Epoch:[142]	 Valid loss=0.615585386753.

2024-11-26 12:55:06,036   INFO   
Epoch:[143]	 Train loss=0.371799170971.
Epoch:[143]	 Valid loss=0.640304684639.

2024-11-26 12:55:07,051   INFO   
Epoch:[144]	 Train loss=0.383605971932.
Epoch:[144]	 Valid loss=0.642757773399.

2024-11-26 12:55:07,988   INFO   
Epoch:[145]	 Train loss=0.371964812279.
Epoch:[145]	 Valid loss=0.633516252041.

2024-11-26 12:55:08,889   INFO   
Epoch:[146]	 Train loss=0.380704134703.
Epoch:[146]	 Valid loss=0.665883600712.

2024-11-26 12:55:09,773   INFO   
Epoch:[147]	 Train loss=0.387588635087.
Epoch:[147]	 Valid loss=0.634626984596.

2024-11-26 12:55:10,672   INFO   
Epoch:[148]	 Train loss=0.360988125205.
Epoch:[148]	 Valid loss=0.678065001965.

2024-11-26 12:55:11,569   INFO   
Epoch:[149]	 Train loss=0.406108498573.
Epoch:[149]	 Valid loss=0.629838407040.

2024-11-26 12:55:12,460   INFO   
Epoch:[150]	 Train loss=0.393245711923.
Epoch:[150]	 Valid loss=0.664651215076.

2024-11-26 12:55:13,379   INFO   
Epoch:[151]	 Train loss=0.413277357817.
Epoch:[151]	 Valid loss=0.631614029408.

2024-11-26 12:55:14,273   INFO   
Epoch:[152]	 Train loss=0.372921198606.
Epoch:[152]	 Valid loss=0.643601953983.

2024-11-26 12:55:15,171   INFO   
Epoch:[153]	 Train loss=0.397304385900.
Epoch:[153]	 Valid loss=0.635242581367.

2024-11-26 12:55:16,069   INFO   
Epoch:[154]	 Train loss=0.384318575263.
Epoch:[154]	 Valid loss=0.650829195976.

2024-11-26 12:55:16,961   INFO   
Epoch:[155]	 Train loss=0.379506409168.
Epoch:[155]	 Valid loss=0.641985893250.

2024-11-26 12:55:17,860   INFO   
Epoch:[156]	 Train loss=0.364556625485.
Epoch:[156]	 Valid loss=0.654865622520.

2024-11-26 12:55:18,751   INFO   
Epoch:[157]	 Train loss=0.383555963635.
Epoch:[157]	 Valid loss=0.654084384441.

2024-11-26 12:55:19,630   INFO   
Epoch:[158]	 Train loss=0.347905829549.
Epoch:[158]	 Valid loss=0.670364379883.

2024-11-26 12:55:20,519   INFO   
Epoch:[159]	 Train loss=0.357877165079.
Epoch:[159]	 Valid loss=0.665993630886.

2024-11-26 12:55:21,413   INFO   
Epoch:[160]	 Train loss=0.366114288568.
Epoch:[160]	 Valid loss=0.671750724316.

2024-11-26 12:55:22,301   INFO   
Epoch:[161]	 Train loss=0.378046706319.
Epoch:[161]	 Valid loss=0.649079918861.

2024-11-26 12:55:23,191   INFO   
Epoch:[162]	 Train loss=0.364033073187.
Epoch:[162]	 Valid loss=0.677747428417.

2024-11-26 12:55:24,072   INFO   
Epoch:[163]	 Train loss=0.352331236005.
Epoch:[163]	 Valid loss=0.654302835464.

2024-11-26 12:55:24,986   INFO   
Epoch:[164]	 Train loss=0.358848601580.
Epoch:[164]	 Valid loss=0.658692121506.

2024-11-26 12:55:25,878   INFO   
Epoch:[165]	 Train loss=0.332961037755.
Epoch:[165]	 Valid loss=0.670660912991.

2024-11-26 12:55:26,775   INFO   
Epoch:[166]	 Train loss=0.358143612742.
Epoch:[166]	 Valid loss=0.638124704361.

2024-11-26 12:55:27,667   INFO   
Epoch:[167]	 Train loss=0.339944154024.
Epoch:[167]	 Valid loss=0.650437474251.

2024-11-26 12:55:28,545   INFO   
Epoch:[168]	 Train loss=0.329512104392.
Epoch:[168]	 Valid loss=0.656202137470.

2024-11-26 12:55:29,429   INFO   
Epoch:[169]	 Train loss=0.344129040837.
Epoch:[169]	 Valid loss=0.642525255680.

2024-11-26 12:55:30,311   INFO   
Epoch:[170]	 Train loss=0.332212045789.
Epoch:[170]	 Valid loss=0.660145759583.

2024-11-26 12:55:31,440   INFO   
Epoch:[171]	 Train loss=0.331214308739.
Epoch:[171]	 Valid loss=0.649111390114.

2024-11-26 12:55:32,424   INFO   
Epoch:[172]	 Train loss=0.347654297948.
Epoch:[172]	 Valid loss=0.638775229454.

2024-11-26 12:55:33,432   INFO   
Epoch:[173]	 Train loss=0.328620642424.
Epoch:[173]	 Valid loss=0.645107686520.

2024-11-26 12:55:34,374   INFO   
Epoch:[174]	 Train loss=0.317744091153.
Epoch:[174]	 Valid loss=0.665815651417.

2024-11-26 12:55:35,258   INFO   
Epoch:[175]	 Train loss=0.310974404216.
Epoch:[175]	 Valid loss=0.658869922161.

2024-11-26 12:55:36,155   INFO   
Epoch:[176]	 Train loss=0.345644742250.
Epoch:[176]	 Valid loss=0.681516945362.

2024-11-26 12:55:37,048   INFO   
Epoch:[177]	 Train loss=0.329415783286.
Epoch:[177]	 Valid loss=0.642576396465.

2024-11-26 12:55:37,943   INFO   
Epoch:[178]	 Train loss=0.344773039222.
Epoch:[178]	 Valid loss=0.656464636326.

2024-11-26 12:55:38,842   INFO   
Epoch:[179]	 Train loss=0.343309387565.
Epoch:[179]	 Valid loss=0.667633473873.

2024-11-26 12:55:39,735   INFO   
Epoch:[180]	 Train loss=0.334705263376.
Epoch:[180]	 Valid loss=0.679756581783.

2024-11-26 12:55:40,626   INFO   
Epoch:[181]	 Train loss=0.367854714394.
Epoch:[181]	 Valid loss=0.638797461987.

2024-11-26 12:55:41,539   INFO   
Epoch:[182]	 Train loss=0.322906866670.
Epoch:[182]	 Valid loss=0.658726394176.

2024-11-26 12:55:42,416   INFO   
Epoch:[183]	 Train loss=0.322911083698.
Epoch:[183]	 Valid loss=0.636395692825.

2024-11-26 12:55:43,314   INFO   
Epoch:[184]	 Train loss=0.320982635021.
Epoch:[184]	 Valid loss=0.635860741138.

2024-11-26 12:55:44,208   INFO   
Epoch:[185]	 Train loss=0.302492722869.
Epoch:[185]	 Valid loss=0.637815594673.

2024-11-26 12:55:45,111   INFO   
Epoch:[186]	 Train loss=0.313061699271.
Epoch:[186]	 Valid loss=0.650955259800.

2024-11-26 12:55:46,201   INFO   
Epoch:[187]	 Train loss=0.334963113070.
Epoch:[187]	 Valid loss=0.653567254543.

2024-11-26 12:55:47,120   INFO   
Epoch:[188]	 Train loss=0.298729285598.
Epoch:[188]	 Valid loss=0.654553294182.

2024-11-26 12:55:48,004   INFO   
Epoch:[189]	 Train loss=0.310126110911.
Epoch:[189]	 Valid loss=0.660464227200.

2024-11-26 12:55:48,904   INFO   
Epoch:[190]	 Train loss=0.318208381534.
Epoch:[190]	 Valid loss=0.680167257786.

2024-11-26 12:55:49,779   INFO   
Epoch:[191]	 Train loss=0.302828937769.
Epoch:[191]	 Valid loss=0.658299863338.

2024-11-26 12:55:49,779   INFO   Early stopping at epoch 191
