2024-11-26 12:48:48,086   INFO   Training starts!
2024-11-26 12:48:48,962   INFO   
Epoch:[1]	 Train loss=1.040219128132.
Epoch:[1]	 Valid loss=1.090412020683.

2024-11-26 12:48:49,942   INFO   
Epoch:[2]	 Train loss=0.969518393278.
Epoch:[2]	 Valid loss=0.979562342167.

2024-11-26 12:48:51,060   INFO   
Epoch:[3]	 Train loss=0.879478275776.
Epoch:[3]	 Valid loss=0.862274587154.

2024-11-26 12:48:51,983   INFO   
Epoch:[4]	 Train loss=0.841524511576.
Epoch:[4]	 Valid loss=0.872077882290.

2024-11-26 12:48:52,874   INFO   
Epoch:[5]	 Train loss=0.841524451971.
Epoch:[5]	 Valid loss=0.827241778374.

2024-11-26 12:48:53,766   INFO   
Epoch:[6]	 Train loss=0.805252045393.
Epoch:[6]	 Valid loss=0.828917801380.

2024-11-26 12:48:54,642   INFO   
Epoch:[7]	 Train loss=0.791167050600.
Epoch:[7]	 Valid loss=0.839580237865.

2024-11-26 12:48:55,527   INFO   
Epoch:[8]	 Train loss=0.792174667120.
Epoch:[8]	 Valid loss=0.825949251652.

2024-11-26 12:48:56,461   INFO   
Epoch:[9]	 Train loss=0.767939209938.
Epoch:[9]	 Valid loss=0.829449534416.

2024-11-26 12:48:57,368   INFO   
Epoch:[10]	 Train loss=0.764639586210.
Epoch:[10]	 Valid loss=0.793953478336.

2024-11-26 12:48:58,262   INFO   
Epoch:[11]	 Train loss=0.753603756428.
Epoch:[11]	 Valid loss=0.781145751476.

2024-11-26 12:48:59,132   INFO   
Epoch:[12]	 Train loss=0.735732167959.
Epoch:[12]	 Valid loss=0.791303098202.

2024-11-26 12:49:00,009   INFO   
Epoch:[13]	 Train loss=0.746185094118.
Epoch:[13]	 Valid loss=0.778502047062.

2024-11-26 12:49:00,929   INFO   
Epoch:[14]	 Train loss=0.712206721306.
Epoch:[14]	 Valid loss=0.795121192932.

2024-11-26 12:49:01,859   INFO   
Epoch:[15]	 Train loss=0.742150515318.
Epoch:[15]	 Valid loss=0.783401489258.

2024-11-26 12:49:02,900   INFO   
Epoch:[16]	 Train loss=0.719120562077.
Epoch:[16]	 Valid loss=0.780578553677.

2024-11-26 12:49:04,011   INFO   
Epoch:[17]	 Train loss=0.725944250822.
Epoch:[17]	 Valid loss=0.769376993179.

2024-11-26 12:49:04,903   INFO   
Epoch:[18]	 Train loss=0.718983739614.
Epoch:[18]	 Valid loss=0.765540957451.

2024-11-26 12:49:05,802   INFO   
Epoch:[19]	 Train loss=0.704093784094.
Epoch:[19]	 Valid loss=0.760533392429.

2024-11-26 12:49:06,743   INFO   
Epoch:[20]	 Train loss=0.689701497555.
Epoch:[20]	 Valid loss=0.756316363811.

2024-11-26 12:49:07,643   INFO   
Epoch:[21]	 Train loss=0.713061034679.
Epoch:[21]	 Valid loss=0.785348117352.

2024-11-26 12:49:08,532   INFO   
Epoch:[22]	 Train loss=0.727452963591.
Epoch:[22]	 Valid loss=0.766320049763.

2024-11-26 12:49:09,411   INFO   
Epoch:[23]	 Train loss=0.697015523911.
Epoch:[23]	 Valid loss=0.775646984577.

2024-11-26 12:49:10,322   INFO   
Epoch:[24]	 Train loss=0.709185034037.
Epoch:[24]	 Valid loss=0.756898581982.

2024-11-26 12:49:11,190   INFO   
Epoch:[25]	 Train loss=0.705634593964.
Epoch:[25]	 Valid loss=0.761829614639.

2024-11-26 12:49:12,142   INFO   
Epoch:[26]	 Train loss=0.694352895021.
Epoch:[26]	 Valid loss=0.771021962166.

2024-11-26 12:49:13,016   INFO   
Epoch:[27]	 Train loss=0.677767008543.
Epoch:[27]	 Valid loss=0.759733915329.

2024-11-26 12:49:13,894   INFO   
Epoch:[28]	 Train loss=0.672844409943.
Epoch:[28]	 Valid loss=0.781063318253.

2024-11-26 12:49:14,787   INFO   
Epoch:[29]	 Train loss=0.687089502811.
Epoch:[29]	 Valid loss=0.756089568138.

2024-11-26 12:49:15,668   INFO   
Epoch:[30]	 Train loss=0.663500547409.
Epoch:[30]	 Valid loss=0.758871853352.

2024-11-26 12:49:16,550   INFO   
Epoch:[31]	 Train loss=0.672138869762.
Epoch:[31]	 Valid loss=0.797531843185.

2024-11-26 12:49:17,486   INFO   
Epoch:[32]	 Train loss=0.691721737385.
Epoch:[32]	 Valid loss=0.764862060547.

2024-11-26 12:49:18,373   INFO   
Epoch:[33]	 Train loss=0.669721722603.
Epoch:[33]	 Valid loss=0.757677674294.

2024-11-26 12:49:19,254   INFO   
Epoch:[34]	 Train loss=0.660329520702.
Epoch:[34]	 Valid loss=0.761572122574.

2024-11-26 12:49:20,141   INFO   
Epoch:[35]	 Train loss=0.669221043587.
Epoch:[35]	 Valid loss=0.779506146908.

2024-11-26 12:49:21,034   INFO   
Epoch:[36]	 Train loss=0.667653858662.
Epoch:[36]	 Valid loss=0.767405807972.

2024-11-26 12:49:21,916   INFO   
Epoch:[37]	 Train loss=0.677818745375.
Epoch:[37]	 Valid loss=0.795888662338.

2024-11-26 12:49:22,784   INFO   
Epoch:[38]	 Train loss=0.673523366451.
Epoch:[38]	 Valid loss=0.772764027119.

2024-11-26 12:49:23,642   INFO   
Epoch:[39]	 Train loss=0.674960196018.
Epoch:[39]	 Valid loss=0.759929478168.

2024-11-26 12:49:24,515   INFO   
Epoch:[40]	 Train loss=0.623471200466.
Epoch:[40]	 Valid loss=0.761752784252.

2024-11-26 12:49:25,395   INFO   
Epoch:[41]	 Train loss=0.641951739788.
Epoch:[41]	 Valid loss=0.796058297157.

2024-11-26 12:49:26,275   INFO   
Epoch:[42]	 Train loss=0.619448244572.
Epoch:[42]	 Valid loss=0.722730994225.

2024-11-26 12:49:27,143   INFO   
Epoch:[43]	 Train loss=0.655355781317.
Epoch:[43]	 Valid loss=0.729830026627.

2024-11-26 12:49:28,087   INFO   
Epoch:[44]	 Train loss=0.600925892591.
Epoch:[44]	 Valid loss=0.824518442154.

2024-11-26 12:49:28,969   INFO   
Epoch:[45]	 Train loss=0.648903459311.
Epoch:[45]	 Valid loss=0.759288847446.

2024-11-26 12:49:29,973   INFO   
Epoch:[46]	 Train loss=0.616962671280.
Epoch:[46]	 Valid loss=0.711452782154.

2024-11-26 12:49:30,855   INFO   
Epoch:[47]	 Train loss=0.633211106062.
Epoch:[47]	 Valid loss=0.820356011391.

2024-11-26 12:49:31,721   INFO   
Epoch:[48]	 Train loss=0.623272031546.
Epoch:[48]	 Valid loss=0.751521646976.

2024-11-26 12:49:32,617   INFO   
Epoch:[49]	 Train loss=0.613838881254.
Epoch:[49]	 Valid loss=0.711027860641.

2024-11-26 12:49:33,555   INFO   
Epoch:[50]	 Train loss=0.608332306147.
Epoch:[50]	 Valid loss=0.831322610378.

2024-11-26 12:49:34,436   INFO   
Epoch:[51]	 Train loss=0.616757571697.
Epoch:[51]	 Valid loss=0.703587472439.

2024-11-26 12:49:35,315   INFO   
Epoch:[52]	 Train loss=0.609814703465.
Epoch:[52]	 Valid loss=0.816054403782.

2024-11-26 12:49:36,186   INFO   
Epoch:[53]	 Train loss=0.635232239962.
Epoch:[53]	 Valid loss=0.783299803734.

2024-11-26 12:49:37,065   INFO   
Epoch:[54]	 Train loss=0.614055931568.
Epoch:[54]	 Valid loss=0.718668043613.

2024-11-26 12:49:37,975   INFO   
Epoch:[55]	 Train loss=0.591625362635.
Epoch:[55]	 Valid loss=0.792414546013.

2024-11-26 12:49:38,970   INFO   
Epoch:[56]	 Train loss=0.602963328362.
Epoch:[56]	 Valid loss=0.734649896622.

2024-11-26 12:49:39,886   INFO   
Epoch:[57]	 Train loss=0.579015552998.
Epoch:[57]	 Valid loss=0.737149953842.

2024-11-26 12:49:40,792   INFO   
Epoch:[58]	 Train loss=0.596700280905.
Epoch:[58]	 Valid loss=0.773712575436.

2024-11-26 12:49:41,678   INFO   
Epoch:[59]	 Train loss=0.600467175245.
Epoch:[59]	 Valid loss=0.756173670292.

2024-11-26 12:49:42,566   INFO   
Epoch:[60]	 Train loss=0.591522544622.
Epoch:[60]	 Valid loss=0.706613957882.

2024-11-26 12:49:43,461   INFO   
Epoch:[61]	 Train loss=0.591426074505.
Epoch:[61]	 Valid loss=0.825321972370.

2024-11-26 12:49:44,340   INFO   
Epoch:[62]	 Train loss=0.597695440054.
Epoch:[62]	 Valid loss=0.735639035702.

2024-11-26 12:49:45,229   INFO   
Epoch:[63]	 Train loss=0.561577230692.
Epoch:[63]	 Valid loss=0.701754212379.

2024-11-26 12:49:46,240   INFO   
Epoch:[64]	 Train loss=0.569314658642.
Epoch:[64]	 Valid loss=0.786320090294.

2024-11-26 12:49:47,270   INFO   
Epoch:[65]	 Train loss=0.572906613350.
Epoch:[65]	 Valid loss=0.723272383213.

2024-11-26 12:49:48,158   INFO   
Epoch:[66]	 Train loss=0.580380290747.
Epoch:[66]	 Valid loss=0.783724665642.

2024-11-26 12:49:49,048   INFO   
Epoch:[67]	 Train loss=0.569291025400.
Epoch:[67]	 Valid loss=0.787473440170.

2024-11-26 12:49:49,951   INFO   
Epoch:[68]	 Train loss=0.568904250860.
Epoch:[68]	 Valid loss=0.724863469601.

2024-11-26 12:49:50,967   INFO   
Epoch:[69]	 Train loss=0.551103323698.
Epoch:[69]	 Valid loss=0.747032761574.

2024-11-26 12:49:51,915   INFO   
Epoch:[70]	 Train loss=0.581357568502.
Epoch:[70]	 Valid loss=0.787859618664.

2024-11-26 12:49:52,944   INFO   
Epoch:[71]	 Train loss=0.554765790701.
Epoch:[71]	 Valid loss=0.728202581406.

2024-11-26 12:49:53,864   INFO   
Epoch:[72]	 Train loss=0.581139236689.
Epoch:[72]	 Valid loss=0.751708924770.

2024-11-26 12:49:54,827   INFO   
Epoch:[73]	 Train loss=0.563284158707.
Epoch:[73]	 Valid loss=0.800036132336.

2024-11-26 12:49:55,835   INFO   
Epoch:[74]	 Train loss=0.555978000164.
Epoch:[74]	 Valid loss=0.772543311119.

2024-11-26 12:49:56,757   INFO   
Epoch:[75]	 Train loss=0.578901320696.
Epoch:[75]	 Valid loss=0.731394410133.

2024-11-26 12:49:57,698   INFO   
Epoch:[76]	 Train loss=0.544428646564.
Epoch:[76]	 Valid loss=0.747599363327.

2024-11-26 12:49:58,606   INFO   
Epoch:[77]	 Train loss=0.561598151922.
Epoch:[77]	 Valid loss=0.759484529495.

2024-11-26 12:49:59,500   INFO   
Epoch:[78]	 Train loss=0.526583135128.
Epoch:[78]	 Valid loss=0.700953662395.

2024-11-26 12:50:00,491   INFO   
Epoch:[79]	 Train loss=0.514637634158.
Epoch:[79]	 Valid loss=0.727366149426.

2024-11-26 12:50:01,673   INFO   
Epoch:[80]	 Train loss=0.571481525898.
Epoch:[80]	 Valid loss=0.866391718388.

2024-11-26 12:50:02,592   INFO   
Epoch:[81]	 Train loss=0.591363489628.
Epoch:[81]	 Valid loss=0.704547107220.

2024-11-26 12:50:03,472   INFO   
Epoch:[82]	 Train loss=0.554093986750.
Epoch:[82]	 Valid loss=0.724979996681.

2024-11-26 12:50:04,373   INFO   
Epoch:[83]	 Train loss=0.552692025900.
Epoch:[83]	 Valid loss=0.782077193260.

2024-11-26 12:50:05,311   INFO   
Epoch:[84]	 Train loss=0.550131887197.
Epoch:[84]	 Valid loss=0.694329798222.

2024-11-26 12:50:06,336   INFO   
Epoch:[85]	 Train loss=0.538111269474.
Epoch:[85]	 Valid loss=0.728333115578.

2024-11-26 12:50:07,302   INFO   
Epoch:[86]	 Train loss=0.533710628748.
Epoch:[86]	 Valid loss=0.709738433361.

2024-11-26 12:50:08,221   INFO   
Epoch:[87]	 Train loss=0.525816366076.
Epoch:[87]	 Valid loss=0.691478431225.

2024-11-26 12:50:09,128   INFO   
Epoch:[88]	 Train loss=0.539650589228.
Epoch:[88]	 Valid loss=0.771555900574.

2024-11-26 12:50:10,078   INFO   
Epoch:[89]	 Train loss=0.534415215254.
Epoch:[89]	 Valid loss=0.695549190044.

2024-11-26 12:50:11,016   INFO   
Epoch:[90]	 Train loss=0.508655101061.
Epoch:[90]	 Valid loss=0.724846005440.

2024-11-26 12:50:11,954   INFO   
Epoch:[91]	 Train loss=0.529178470373.
Epoch:[91]	 Valid loss=0.742404043674.

2024-11-26 12:50:12,858   INFO   
Epoch:[92]	 Train loss=0.519379377365.
Epoch:[92]	 Valid loss=0.764977812767.

2024-11-26 12:50:13,746   INFO   
Epoch:[93]	 Train loss=0.554838180542.
Epoch:[93]	 Valid loss=0.707230389118.

2024-11-26 12:50:14,628   INFO   
Epoch:[94]	 Train loss=0.522534966469.
Epoch:[94]	 Valid loss=0.741203069687.

2024-11-26 12:50:15,518   INFO   
Epoch:[95]	 Train loss=0.507741481066.
Epoch:[95]	 Valid loss=0.690432012081.

2024-11-26 12:50:16,384   INFO   
Epoch:[96]	 Train loss=0.516449928284.
Epoch:[96]	 Valid loss=0.754733681679.

2024-11-26 12:50:17,355   INFO   
Epoch:[97]	 Train loss=0.525687605143.
Epoch:[97]	 Valid loss=0.725411951542.

2024-11-26 12:50:18,255   INFO   
Epoch:[98]	 Train loss=0.517756193876.
Epoch:[98]	 Valid loss=0.737468779087.

2024-11-26 12:50:19,133   INFO   
Epoch:[99]	 Train loss=0.516438722610.
Epoch:[99]	 Valid loss=0.705129623413.

2024-11-26 12:50:19,998   INFO   
Epoch:[100]	 Train loss=0.509922534227.
Epoch:[100]	 Valid loss=0.721579372883.

2024-11-26 12:50:20,894   INFO   
Epoch:[101]	 Train loss=0.517795115709.
Epoch:[101]	 Valid loss=0.663928151131.

2024-11-26 12:50:21,784   INFO   
Epoch:[102]	 Train loss=0.514068394899.
Epoch:[102]	 Valid loss=0.818569421768.

2024-11-26 12:50:22,713   INFO   
Epoch:[103]	 Train loss=0.537603616714.
Epoch:[103]	 Valid loss=0.688619375229.

2024-11-26 12:50:23,616   INFO   
Epoch:[104]	 Train loss=0.503705635667.
Epoch:[104]	 Valid loss=0.694009542465.

2024-11-26 12:50:24,492   INFO   
Epoch:[105]	 Train loss=0.510070562363.
Epoch:[105]	 Valid loss=0.753906250000.

2024-11-26 12:50:25,375   INFO   
Epoch:[106]	 Train loss=0.502923026681.
Epoch:[106]	 Valid loss=0.668134927750.

2024-11-26 12:50:26,273   INFO   
Epoch:[107]	 Train loss=0.511285707355.
Epoch:[107]	 Valid loss=0.724645256996.

2024-11-26 12:50:27,154   INFO   
Epoch:[108]	 Train loss=0.505152404308.
Epoch:[108]	 Valid loss=0.694200694561.

2024-11-26 12:50:28,040   INFO   
Epoch:[109]	 Train loss=0.501251697540.
Epoch:[109]	 Valid loss=0.666392385960.

2024-11-26 12:50:28,918   INFO   
Epoch:[110]	 Train loss=0.504604727030.
Epoch:[110]	 Valid loss=0.716821312904.

2024-11-26 12:50:29,822   INFO   
Epoch:[111]	 Train loss=0.488664895296.
Epoch:[111]	 Valid loss=0.714369416237.

2024-11-26 12:50:30,701   INFO   
Epoch:[112]	 Train loss=0.481970757246.
Epoch:[112]	 Valid loss=0.687195718288.

2024-11-26 12:50:31,600   INFO   
Epoch:[113]	 Train loss=0.492418885231.
Epoch:[113]	 Valid loss=0.733935296535.

2024-11-26 12:50:32,468   INFO   
Epoch:[114]	 Train loss=0.505615085363.
Epoch:[114]	 Valid loss=0.698387205601.

2024-11-26 12:50:33,342   INFO   
Epoch:[115]	 Train loss=0.501463294029.
Epoch:[115]	 Valid loss=0.677671372890.

2024-11-26 12:50:34,207   INFO   
Epoch:[116]	 Train loss=0.476388931274.
Epoch:[116]	 Valid loss=0.752991855145.

2024-11-26 12:50:35,095   INFO   
Epoch:[117]	 Train loss=0.481565788388.
Epoch:[117]	 Valid loss=0.682188212872.

2024-11-26 12:50:35,980   INFO   
Epoch:[118]	 Train loss=0.479494601488.
Epoch:[118]	 Valid loss=0.665592551231.

2024-11-26 12:50:36,845   INFO   
Epoch:[119]	 Train loss=0.500462204218.
Epoch:[119]	 Valid loss=0.712439715862.

2024-11-26 12:50:37,735   INFO   
Epoch:[120]	 Train loss=0.469965636730.
Epoch:[120]	 Valid loss=0.714601337910.

2024-11-26 12:50:38,599   INFO   
Epoch:[121]	 Train loss=0.470259800553.
Epoch:[121]	 Valid loss=0.663890779018.

2024-11-26 12:50:39,462   INFO   
Epoch:[122]	 Train loss=0.471027925611.
Epoch:[122]	 Valid loss=0.708353459835.

2024-11-26 12:50:40,406   INFO   
Epoch:[123]	 Train loss=0.458661794662.
Epoch:[123]	 Valid loss=0.643445730209.

2024-11-26 12:50:41,297   INFO   
Epoch:[124]	 Train loss=0.469625428319.
Epoch:[124]	 Valid loss=0.694506943226.

2024-11-26 12:50:42,159   INFO   
Epoch:[125]	 Train loss=0.453103661537.
Epoch:[125]	 Valid loss=0.713791668415.

2024-11-26 12:50:43,020   INFO   
Epoch:[126]	 Train loss=0.457824528217.
Epoch:[126]	 Valid loss=0.661287903786.

2024-11-26 12:50:43,897   INFO   
Epoch:[127]	 Train loss=0.467458888888.
Epoch:[127]	 Valid loss=0.693860411644.

2024-11-26 12:50:44,766   INFO   
Epoch:[128]	 Train loss=0.482016846538.
Epoch:[128]	 Valid loss=0.738531470299.

2024-11-26 12:50:45,847   INFO   
Epoch:[129]	 Train loss=0.451413616538.
Epoch:[129]	 Valid loss=0.610048294067.

2024-11-26 12:50:46,717   INFO   
Epoch:[130]	 Train loss=0.469067722559.
Epoch:[130]	 Valid loss=0.715650320053.

2024-11-26 12:50:47,596   INFO   
Epoch:[131]	 Train loss=0.477904826403.
Epoch:[131]	 Valid loss=0.706039369106.

2024-11-26 12:50:48,470   INFO   
Epoch:[132]	 Train loss=0.448870986700.
Epoch:[132]	 Valid loss=0.618862867355.

2024-11-26 12:50:49,349   INFO   
Epoch:[133]	 Train loss=0.470680221915.
Epoch:[133]	 Valid loss=0.746566891670.

2024-11-26 12:50:50,258   INFO   
Epoch:[134]	 Train loss=0.452422276139.
Epoch:[134]	 Valid loss=0.655720651150.

2024-11-26 12:50:51,209   INFO   
Epoch:[135]	 Train loss=0.447626024485.
Epoch:[135]	 Valid loss=0.642698824406.

2024-11-26 12:50:52,079   INFO   
Epoch:[136]	 Train loss=0.464367866516.
Epoch:[136]	 Valid loss=0.751545667648.

2024-11-26 12:50:52,957   INFO   
Epoch:[137]	 Train loss=0.462905600667.
Epoch:[137]	 Valid loss=0.647419154644.

2024-11-26 12:50:53,823   INFO   
Epoch:[138]	 Train loss=0.471246719360.
Epoch:[138]	 Valid loss=0.755893051624.

2024-11-26 12:50:54,709   INFO   
Epoch:[139]	 Train loss=0.479064702988.
Epoch:[139]	 Valid loss=0.625065267086.

2024-11-26 12:50:55,620   INFO   
Epoch:[140]	 Train loss=0.456304877996.
Epoch:[140]	 Valid loss=0.707092523575.

2024-11-26 12:50:56,470   INFO   
Epoch:[141]	 Train loss=0.441213116050.
Epoch:[141]	 Valid loss=0.627315878868.

2024-11-26 12:50:57,336   INFO   
Epoch:[142]	 Train loss=0.486987277865.
Epoch:[142]	 Valid loss=0.684297978878.

2024-11-26 12:50:58,236   INFO   
Epoch:[143]	 Train loss=0.458929091692.
Epoch:[143]	 Valid loss=0.681520700455.

2024-11-26 12:50:59,111   INFO   
Epoch:[144]	 Train loss=0.476126044989.
Epoch:[144]	 Valid loss=0.660369336605.

2024-11-26 12:50:59,979   INFO   
Epoch:[145]	 Train loss=0.455900177360.
Epoch:[145]	 Valid loss=0.688891351223.

2024-11-26 12:51:00,872   INFO   
Epoch:[146]	 Train loss=0.455019056797.
Epoch:[146]	 Valid loss=0.660213470459.

2024-11-26 12:51:01,755   INFO   
Epoch:[147]	 Train loss=0.430022969842.
Epoch:[147]	 Valid loss=0.669978082180.

2024-11-26 12:51:02,604   INFO   
Epoch:[148]	 Train loss=0.456992477179.
Epoch:[148]	 Valid loss=0.646320402622.

2024-11-26 12:51:03,473   INFO   
Epoch:[149]	 Train loss=0.432934120297.
Epoch:[149]	 Valid loss=0.683085739613.

2024-11-26 12:51:04,365   INFO   
Epoch:[150]	 Train loss=0.450535133481.
Epoch:[150]	 Valid loss=0.627886056900.

2024-11-26 12:51:05,216   INFO   
Epoch:[151]	 Train loss=0.427879422903.
Epoch:[151]	 Valid loss=0.706665992737.

2024-11-26 12:51:06,080   INFO   
Epoch:[152]	 Train loss=0.441214859486.
Epoch:[152]	 Valid loss=0.629639685154.

2024-11-26 12:51:06,949   INFO   
Epoch:[153]	 Train loss=0.440277084708.
Epoch:[153]	 Valid loss=0.692784488201.

2024-11-26 12:51:07,824   INFO   
Epoch:[154]	 Train loss=0.428822293878.
Epoch:[154]	 Valid loss=0.631327629089.

2024-11-26 12:51:08,712   INFO   
Epoch:[155]	 Train loss=0.420490041375.
Epoch:[155]	 Valid loss=0.698828101158.

2024-11-26 12:51:09,590   INFO   
Epoch:[156]	 Train loss=0.444149926305.
Epoch:[156]	 Valid loss=0.659905493259.

2024-11-26 12:51:10,459   INFO   
Epoch:[157]	 Train loss=0.428209066391.
Epoch:[157]	 Valid loss=0.640783667564.

2024-11-26 12:51:11,343   INFO   
Epoch:[158]	 Train loss=0.406988516450.
Epoch:[158]	 Valid loss=0.687696576118.

2024-11-26 12:51:12,218   INFO   
Epoch:[159]	 Train loss=0.426863923669.
Epoch:[159]	 Valid loss=0.666960299015.

2024-11-26 12:51:13,100   INFO   
Epoch:[160]	 Train loss=0.422828346491.
Epoch:[160]	 Valid loss=0.654239416122.

2024-11-26 12:51:13,967   INFO   
Epoch:[161]	 Train loss=0.417981803417.
Epoch:[161]	 Valid loss=0.649836242199.

2024-11-26 12:51:14,856   INFO   
Epoch:[162]	 Train loss=0.436806917191.
Epoch:[162]	 Valid loss=0.711455941200.

2024-11-26 12:51:15,731   INFO   
Epoch:[163]	 Train loss=0.412044599652.
Epoch:[163]	 Valid loss=0.627965331078.

2024-11-26 12:51:16,610   INFO   
Epoch:[164]	 Train loss=0.404512226582.
Epoch:[164]	 Valid loss=0.707923829556.

2024-11-26 12:51:17,480   INFO   
Epoch:[165]	 Train loss=0.433261066675.
Epoch:[165]	 Valid loss=0.678348302841.

2024-11-26 12:51:18,369   INFO   
Epoch:[166]	 Train loss=0.422324404120.
Epoch:[166]	 Valid loss=0.640270888805.

2024-11-26 12:51:19,264   INFO   
Epoch:[167]	 Train loss=0.398097679019.
Epoch:[167]	 Valid loss=0.649736940861.

2024-11-26 12:51:20,172   INFO   
Epoch:[168]	 Train loss=0.405949398875.
Epoch:[168]	 Valid loss=0.648662447929.

2024-11-26 12:51:21,051   INFO   
Epoch:[169]	 Train loss=0.390382170677.
Epoch:[169]	 Valid loss=0.674083292484.

2024-11-26 12:51:21,943   INFO   
Epoch:[170]	 Train loss=0.391392618418.
Epoch:[170]	 Valid loss=0.649959564209.

2024-11-26 12:51:22,846   INFO   
Epoch:[171]	 Train loss=0.395562216640.
Epoch:[171]	 Valid loss=0.674737751484.

2024-11-26 12:51:23,765   INFO   
Epoch:[172]	 Train loss=0.418304726481.
Epoch:[172]	 Valid loss=0.655815839767.

2024-11-26 12:51:24,837   INFO   
Epoch:[173]	 Train loss=0.395256087184.
Epoch:[173]	 Valid loss=0.768281340599.

2024-11-26 12:51:25,859   INFO   
Epoch:[174]	 Train loss=0.411217793822.
Epoch:[174]	 Valid loss=0.638036966324.

2024-11-26 12:51:26,967   INFO   
Epoch:[175]	 Train loss=0.450517386198.
Epoch:[175]	 Valid loss=0.681063771248.

2024-11-26 12:51:28,247   INFO   
Epoch:[176]	 Train loss=0.431039676070.
Epoch:[176]	 Valid loss=0.676746606827.

2024-11-26 12:51:29,230   INFO   
Epoch:[177]	 Train loss=0.421424984932.
Epoch:[177]	 Valid loss=0.634365141392.

2024-11-26 12:51:30,135   INFO   
Epoch:[178]	 Train loss=0.420171007514.
Epoch:[178]	 Valid loss=0.689450263977.

2024-11-26 12:51:30,135   INFO   Early stopping at epoch 178
