2024-11-26 12:32:12,825   INFO   Training starts!
2024-11-26 12:32:13,551   INFO   
Epoch:[1]	 Train loss=1.091848671436.
Epoch:[1]	 Valid loss=1.136154174805.

2024-11-26 12:32:14,376   INFO   
Epoch:[2]	 Train loss=1.000950634480.
Epoch:[2]	 Valid loss=0.989135622978.

2024-11-26 12:32:15,189   INFO   
Epoch:[3]	 Train loss=0.898663192987.
Epoch:[3]	 Valid loss=0.888801872730.

2024-11-26 12:32:16,025   INFO   
Epoch:[4]	 Train loss=0.844520628452.
Epoch:[4]	 Valid loss=0.886664032936.

2024-11-26 12:32:16,922   INFO   
Epoch:[5]	 Train loss=0.827706009150.
Epoch:[5]	 Valid loss=0.871385812759.

2024-11-26 12:32:17,764   INFO   
Epoch:[6]	 Train loss=0.812571078539.
Epoch:[6]	 Valid loss=0.823606312275.

2024-11-26 12:32:18,611   INFO   
Epoch:[7]	 Train loss=0.827772855759.
Epoch:[7]	 Valid loss=0.814750552177.

2024-11-26 12:32:19,435   INFO   
Epoch:[8]	 Train loss=0.795119166374.
Epoch:[8]	 Valid loss=0.826066970825.

2024-11-26 12:32:20,266   INFO   
Epoch:[9]	 Train loss=0.806656926870.
Epoch:[9]	 Valid loss=0.816040992737.

2024-11-26 12:32:21,108   INFO   
Epoch:[10]	 Train loss=0.794971436262.
Epoch:[10]	 Valid loss=0.811235964298.

2024-11-26 12:32:21,999   INFO   
Epoch:[11]	 Train loss=0.764262914658.
Epoch:[11]	 Valid loss=0.816675484180.

2024-11-26 12:32:22,850   INFO   
Epoch:[12]	 Train loss=0.742838710546.
Epoch:[12]	 Valid loss=0.799736559391.

2024-11-26 12:32:23,685   INFO   
Epoch:[13]	 Train loss=0.776202261448.
Epoch:[13]	 Valid loss=0.809737205505.

2024-11-26 12:32:24,498   INFO   
Epoch:[14]	 Train loss=0.766139835119.
Epoch:[14]	 Valid loss=0.812385678291.

2024-11-26 12:32:25,333   INFO   
Epoch:[15]	 Train loss=0.773753076792.
Epoch:[15]	 Valid loss=0.793059051037.

2024-11-26 12:32:26,165   INFO   
Epoch:[16]	 Train loss=0.739570409060.
Epoch:[16]	 Valid loss=0.804864883423.

2024-11-26 12:32:27,043   INFO   
Epoch:[17]	 Train loss=0.749844282866.
Epoch:[17]	 Valid loss=0.792064905167.

2024-11-26 12:32:27,907   INFO   
Epoch:[18]	 Train loss=0.746798336506.
Epoch:[18]	 Valid loss=0.791384756565.

2024-11-26 12:32:28,738   INFO   
Epoch:[19]	 Train loss=0.748414963484.
Epoch:[19]	 Valid loss=0.823478043079.

2024-11-26 12:32:29,562   INFO   
Epoch:[20]	 Train loss=0.739884078503.
Epoch:[20]	 Valid loss=0.782338321209.

2024-11-26 12:32:30,428   INFO   
Epoch:[21]	 Train loss=0.739675998688.
Epoch:[21]	 Valid loss=0.798172950745.

2024-11-26 12:32:31,267   INFO   
Epoch:[22]	 Train loss=0.733822613955.
Epoch:[22]	 Valid loss=0.790640771389.

2024-11-26 12:32:32,184   INFO   
Epoch:[23]	 Train loss=0.749873310328.
Epoch:[23]	 Valid loss=0.777923583984.

2024-11-26 12:32:33,164   INFO   
Epoch:[24]	 Train loss=0.731085777283.
Epoch:[24]	 Valid loss=0.801467955112.

2024-11-26 12:32:34,062   INFO   
Epoch:[25]	 Train loss=0.725648403168.
Epoch:[25]	 Valid loss=0.779281258583.

2024-11-26 12:32:34,912   INFO   
Epoch:[26]	 Train loss=0.725975751877.
Epoch:[26]	 Valid loss=0.783089518547.

2024-11-26 12:32:35,746   INFO   
Epoch:[27]	 Train loss=0.738520324230.
Epoch:[27]	 Valid loss=0.798171937466.

2024-11-26 12:32:36,603   INFO   
Epoch:[28]	 Train loss=0.715763747692.
Epoch:[28]	 Valid loss=0.770159184933.

2024-11-26 12:32:37,491   INFO   
Epoch:[29]	 Train loss=0.727573126554.
Epoch:[29]	 Valid loss=0.802380979061.

2024-11-26 12:32:38,367   INFO   
Epoch:[30]	 Train loss=0.717838644981.
Epoch:[30]	 Valid loss=0.782389760017.

2024-11-26 12:32:39,213   INFO   
Epoch:[31]	 Train loss=0.684452861547.
Epoch:[31]	 Valid loss=0.768770635128.

2024-11-26 12:32:40,052   INFO   
Epoch:[32]	 Train loss=0.704954475164.
Epoch:[32]	 Valid loss=0.774432182312.

2024-11-26 12:32:40,921   INFO   
Epoch:[33]	 Train loss=0.692923724651.
Epoch:[33]	 Valid loss=0.780768811703.

2024-11-26 12:32:41,868   INFO   
Epoch:[34]	 Train loss=0.692744165659.
Epoch:[34]	 Valid loss=0.756931602955.

2024-11-26 12:32:42,772   INFO   
Epoch:[35]	 Train loss=0.673012882471.
Epoch:[35]	 Valid loss=0.782541394234.

2024-11-26 12:32:43,639   INFO   
Epoch:[36]	 Train loss=0.690288424492.
Epoch:[36]	 Valid loss=0.763247191906.

2024-11-26 12:32:44,493   INFO   
Epoch:[37]	 Train loss=0.691006124020.
Epoch:[37]	 Valid loss=0.770887196064.

2024-11-26 12:32:45,350   INFO   
Epoch:[38]	 Train loss=0.674407422543.
Epoch:[38]	 Valid loss=0.755420982838.

2024-11-26 12:32:46,319   INFO   
Epoch:[39]	 Train loss=0.655179917812.
Epoch:[39]	 Valid loss=0.772351086140.

2024-11-26 12:32:47,225   INFO   
Epoch:[40]	 Train loss=0.687492877245.
Epoch:[40]	 Valid loss=0.823152303696.

2024-11-26 12:32:48,164   INFO   
Epoch:[41]	 Train loss=0.663263112307.
Epoch:[41]	 Valid loss=0.735387682915.

2024-11-26 12:32:49,050   INFO   
Epoch:[42]	 Train loss=0.668742805719.
Epoch:[42]	 Valid loss=0.809225082397.

2024-11-26 12:32:49,914   INFO   
Epoch:[43]	 Train loss=0.673209100962.
Epoch:[43]	 Valid loss=0.769035339355.

2024-11-26 12:32:50,796   INFO   
Epoch:[44]	 Train loss=0.651023447514.
Epoch:[44]	 Valid loss=0.781337201595.

2024-11-26 12:32:51,654   INFO   
Epoch:[45]	 Train loss=0.670458823442.
Epoch:[45]	 Valid loss=0.728004634380.

2024-11-26 12:32:52,630   INFO   
Epoch:[46]	 Train loss=0.649060606956.
Epoch:[46]	 Valid loss=0.770153403282.

2024-11-26 12:32:53,575   INFO   
Epoch:[47]	 Train loss=0.650969713926.
Epoch:[47]	 Valid loss=0.767395555973.

2024-11-26 12:32:54,463   INFO   
Epoch:[48]	 Train loss=0.666593044996.
Epoch:[48]	 Valid loss=0.726880371571.

2024-11-26 12:32:55,325   INFO   
Epoch:[49]	 Train loss=0.631146281958.
Epoch:[49]	 Valid loss=0.802554547787.

2024-11-26 12:32:56,188   INFO   
Epoch:[50]	 Train loss=0.648647129536.
Epoch:[50]	 Valid loss=0.751022696495.

2024-11-26 12:32:57,039   INFO   
Epoch:[51]	 Train loss=0.615802526474.
Epoch:[51]	 Valid loss=0.758190989494.

2024-11-26 12:32:57,888   INFO   
Epoch:[52]	 Train loss=0.627211749554.
Epoch:[52]	 Valid loss=0.810571432114.

2024-11-26 12:32:58,816   INFO   
Epoch:[53]	 Train loss=0.632566958666.
Epoch:[53]	 Valid loss=0.778739690781.

2024-11-26 12:32:59,678   INFO   
Epoch:[54]	 Train loss=0.613074153662.
Epoch:[54]	 Valid loss=0.726930499077.

2024-11-26 12:33:00,560   INFO   
Epoch:[55]	 Train loss=0.613108813763.
Epoch:[55]	 Valid loss=0.795278310776.

2024-11-26 12:33:01,425   INFO   
Epoch:[56]	 Train loss=0.626559704542.
Epoch:[56]	 Valid loss=0.823597848415.

2024-11-26 12:33:02,311   INFO   
Epoch:[57]	 Train loss=0.605437844992.
Epoch:[57]	 Valid loss=0.716150462627.

2024-11-26 12:33:03,215   INFO   
Epoch:[58]	 Train loss=0.605800002813.
Epoch:[58]	 Valid loss=0.770798683167.

2024-11-26 12:33:04,257   INFO   
Epoch:[59]	 Train loss=0.638969808817.
Epoch:[59]	 Valid loss=0.746831655502.

2024-11-26 12:33:05,143   INFO   
Epoch:[60]	 Train loss=0.600107312202.
Epoch:[60]	 Valid loss=0.776079893112.

2024-11-26 12:33:06,035   INFO   
Epoch:[61]	 Train loss=0.632589846849.
Epoch:[61]	 Valid loss=0.811532557011.

2024-11-26 12:33:06,908   INFO   
Epoch:[62]	 Train loss=0.622887521982.
Epoch:[62]	 Valid loss=0.728202879429.

2024-11-26 12:33:07,780   INFO   
Epoch:[63]	 Train loss=0.595933943987.
Epoch:[63]	 Valid loss=0.781684100628.

2024-11-26 12:33:08,667   INFO   
Epoch:[64]	 Train loss=0.610177993774.
Epoch:[64]	 Valid loss=0.748746752739.

2024-11-26 12:33:09,544   INFO   
Epoch:[65]	 Train loss=0.611654847860.
Epoch:[65]	 Valid loss=0.772590577602.

2024-11-26 12:33:10,427   INFO   
Epoch:[66]	 Train loss=0.604262322187.
Epoch:[66]	 Valid loss=0.851441204548.

2024-11-26 12:33:11,338   INFO   
Epoch:[67]	 Train loss=0.627888411283.
Epoch:[67]	 Valid loss=0.684494376183.

2024-11-26 12:33:12,192   INFO   
Epoch:[68]	 Train loss=0.597233951092.
Epoch:[68]	 Valid loss=0.783251106739.

2024-11-26 12:33:13,145   INFO   
Epoch:[69]	 Train loss=0.602556586266.
Epoch:[69]	 Valid loss=0.720038771629.

2024-11-26 12:33:14,038   INFO   
Epoch:[70]	 Train loss=0.590377837420.
Epoch:[70]	 Valid loss=0.721465826035.

2024-11-26 12:33:14,909   INFO   
Epoch:[71]	 Train loss=0.620315015316.
Epoch:[71]	 Valid loss=0.772929370403.

2024-11-26 12:33:15,815   INFO   
Epoch:[72]	 Train loss=0.596117496490.
Epoch:[72]	 Valid loss=0.700523495674.

2024-11-26 12:33:16,720   INFO   
Epoch:[73]	 Train loss=0.619508862495.
Epoch:[73]	 Valid loss=0.844945967197.

2024-11-26 12:33:17,640   INFO   
Epoch:[74]	 Train loss=0.628195732832.
Epoch:[74]	 Valid loss=0.678092181683.

2024-11-26 12:33:18,553   INFO   
Epoch:[75]	 Train loss=0.650128781796.
Epoch:[75]	 Valid loss=0.807524859905.

2024-11-26 12:33:19,511   INFO   
Epoch:[76]	 Train loss=0.629142522812.
Epoch:[76]	 Valid loss=0.728806555271.

2024-11-26 12:33:20,420   INFO   
Epoch:[77]	 Train loss=0.642801851034.
Epoch:[77]	 Valid loss=0.698255717754.

2024-11-26 12:33:21,332   INFO   
Epoch:[78]	 Train loss=0.604944914579.
Epoch:[78]	 Valid loss=0.797258019447.

2024-11-26 12:33:22,233   INFO   
Epoch:[79]	 Train loss=0.593343853951.
Epoch:[79]	 Valid loss=0.685359418392.

2024-11-26 12:33:23,244   INFO   
Epoch:[80]	 Train loss=0.606183767319.
Epoch:[80]	 Valid loss=0.726448297501.

2024-11-26 12:33:24,149   INFO   
Epoch:[81]	 Train loss=0.613642483950.
Epoch:[81]	 Valid loss=0.785605251789.

2024-11-26 12:33:25,049   INFO   
Epoch:[82]	 Train loss=0.612704336643.
Epoch:[82]	 Valid loss=0.687827646732.

2024-11-26 12:33:25,941   INFO   
Epoch:[83]	 Train loss=0.626239031553.
Epoch:[83]	 Valid loss=0.728727459908.

2024-11-26 12:33:26,855   INFO   
Epoch:[84]	 Train loss=0.588294863701.
Epoch:[84]	 Valid loss=0.712791979313.

2024-11-26 12:33:27,759   INFO   
Epoch:[85]	 Train loss=0.584521591663.
Epoch:[85]	 Valid loss=0.685472846031.

2024-11-26 12:33:28,631   INFO   
Epoch:[86]	 Train loss=0.562338262796.
Epoch:[86]	 Valid loss=0.742198586464.

2024-11-26 12:33:29,531   INFO   
Epoch:[87]	 Train loss=0.595492869616.
Epoch:[87]	 Valid loss=0.682848513126.

2024-11-26 12:33:30,526   INFO   
Epoch:[88]	 Train loss=0.575053781271.
Epoch:[88]	 Valid loss=0.713767170906.

2024-11-26 12:33:31,625   INFO   
Epoch:[89]	 Train loss=0.597075819969.
Epoch:[89]	 Valid loss=0.723135948181.

2024-11-26 12:33:32,656   INFO   
Epoch:[90]	 Train loss=0.568727314472.
Epoch:[90]	 Valid loss=0.690411388874.

2024-11-26 12:33:33,654   INFO   
Epoch:[91]	 Train loss=0.586843729019.
Epoch:[91]	 Valid loss=0.735143661499.

2024-11-26 12:33:34,597   INFO   
Epoch:[92]	 Train loss=0.561575829983.
Epoch:[92]	 Valid loss=0.690030813217.

2024-11-26 12:33:35,511   INFO   
Epoch:[93]	 Train loss=0.581375628710.
Epoch:[93]	 Valid loss=0.736132442951.

2024-11-26 12:33:36,409   INFO   
Epoch:[94]	 Train loss=0.554928898811.
Epoch:[94]	 Valid loss=0.697083294392.

2024-11-26 12:33:37,290   INFO   
Epoch:[95]	 Train loss=0.559213787317.
Epoch:[95]	 Valid loss=0.725443780422.

2024-11-26 12:33:38,193   INFO   
Epoch:[96]	 Train loss=0.565964281559.
Epoch:[96]	 Valid loss=0.689186632633.

2024-11-26 12:33:39,097   INFO   
Epoch:[97]	 Train loss=0.594948768616.
Epoch:[97]	 Valid loss=0.745519280434.

2024-11-26 12:33:39,990   INFO   
Epoch:[98]	 Train loss=0.550733298063.
Epoch:[98]	 Valid loss=0.679534256458.

2024-11-26 12:33:40,882   INFO   
Epoch:[99]	 Train loss=0.549417942762.
Epoch:[99]	 Valid loss=0.743871927261.

2024-11-26 12:33:41,782   INFO   
Epoch:[100]	 Train loss=0.564069271088.
Epoch:[100]	 Valid loss=0.700434267521.

2024-11-26 12:33:42,678   INFO   
Epoch:[101]	 Train loss=0.556198030710.
Epoch:[101]	 Valid loss=0.715593874454.

2024-11-26 12:33:43,574   INFO   
Epoch:[102]	 Train loss=0.556892812252.
Epoch:[102]	 Valid loss=0.690270543098.

2024-11-26 12:33:44,456   INFO   
Epoch:[103]	 Train loss=0.563066661358.
Epoch:[103]	 Valid loss=0.738345742226.

2024-11-26 12:33:45,344   INFO   
Epoch:[104]	 Train loss=0.567593932152.
Epoch:[104]	 Valid loss=0.688731729984.

2024-11-26 12:33:46,248   INFO   
Epoch:[105]	 Train loss=0.564365148544.
Epoch:[105]	 Valid loss=0.686904788017.

2024-11-26 12:33:47,141   INFO   
Epoch:[106]	 Train loss=0.551500678062.
Epoch:[106]	 Valid loss=0.714192926884.

2024-11-26 12:33:48,031   INFO   
Epoch:[107]	 Train loss=0.557795822620.
Epoch:[107]	 Valid loss=0.678997039795.

2024-11-26 12:33:48,924   INFO   
Epoch:[108]	 Train loss=0.569458633661.
Epoch:[108]	 Valid loss=0.710859835148.

2024-11-26 12:33:49,866   INFO   
Epoch:[109]	 Train loss=0.548394143581.
Epoch:[109]	 Valid loss=0.709989011288.

2024-11-26 12:33:50,751   INFO   
Epoch:[110]	 Train loss=0.551027804613.
Epoch:[110]	 Valid loss=0.686008691788.

2024-11-26 12:33:51,656   INFO   
Epoch:[111]	 Train loss=0.539571493864.
Epoch:[111]	 Valid loss=0.693078815937.

2024-11-26 12:33:52,561   INFO   
Epoch:[112]	 Train loss=0.518234848976.
Epoch:[112]	 Valid loss=0.677906453609.

2024-11-26 12:33:53,433   INFO   
Epoch:[113]	 Train loss=0.521608784795.
Epoch:[113]	 Valid loss=0.713668823242.

2024-11-26 12:33:54,375   INFO   
Epoch:[114]	 Train loss=0.536863684654.
Epoch:[114]	 Valid loss=0.682932555676.

2024-11-26 12:33:55,270   INFO   
Epoch:[115]	 Train loss=0.543667048216.
Epoch:[115]	 Valid loss=0.723684072495.

2024-11-26 12:33:56,238   INFO   
Epoch:[116]	 Train loss=0.534110248089.
Epoch:[116]	 Valid loss=0.676803231239.

2024-11-26 12:33:57,138   INFO   
Epoch:[117]	 Train loss=0.546095013618.
Epoch:[117]	 Valid loss=0.694106817245.

2024-11-26 12:33:58,050   INFO   
Epoch:[118]	 Train loss=0.545213654637.
Epoch:[118]	 Valid loss=0.687700688839.

2024-11-26 12:33:58,981   INFO   
Epoch:[119]	 Train loss=0.532073169947.
Epoch:[119]	 Valid loss=0.678074181080.

2024-11-26 12:33:59,926   INFO   
Epoch:[120]	 Train loss=0.533495575190.
Epoch:[120]	 Valid loss=0.714935302734.

2024-11-26 12:34:00,847   INFO   
Epoch:[121]	 Train loss=0.539333432913.
Epoch:[121]	 Valid loss=0.705031096935.

2024-11-26 12:34:01,777   INFO   
Epoch:[122]	 Train loss=0.540699213743.
Epoch:[122]	 Valid loss=0.676755666733.

2024-11-26 12:34:02,684   INFO   
Epoch:[123]	 Train loss=0.538635253906.
Epoch:[123]	 Valid loss=0.702349781990.

2024-11-26 12:34:03,582   INFO   
Epoch:[124]	 Train loss=0.535108685493.
Epoch:[124]	 Valid loss=0.667965292931.

2024-11-26 12:34:04,536   INFO   
Epoch:[125]	 Train loss=0.522324383259.
Epoch:[125]	 Valid loss=0.738299190998.

2024-11-26 12:34:05,433   INFO   
Epoch:[126]	 Train loss=0.536927640438.
Epoch:[126]	 Valid loss=0.642875015736.

2024-11-26 12:34:06,342   INFO   
Epoch:[127]	 Train loss=0.519827038050.
Epoch:[127]	 Valid loss=0.706117630005.

2024-11-26 12:34:07,241   INFO   
Epoch:[128]	 Train loss=0.526374846697.
Epoch:[128]	 Valid loss=0.689191699028.

2024-11-26 12:34:08,127   INFO   
Epoch:[129]	 Train loss=0.515613004565.
Epoch:[129]	 Valid loss=0.665048360825.

2024-11-26 12:34:09,014   INFO   
Epoch:[130]	 Train loss=0.510823681951.
Epoch:[130]	 Valid loss=0.695431172848.

2024-11-26 12:34:09,965   INFO   
Epoch:[131]	 Train loss=0.490130335093.
Epoch:[131]	 Valid loss=0.655457913876.

2024-11-26 12:34:10,992   INFO   
Epoch:[132]	 Train loss=0.543217271566.
Epoch:[132]	 Valid loss=0.674970567226.

2024-11-26 12:34:11,898   INFO   
Epoch:[133]	 Train loss=0.500274196267.
Epoch:[133]	 Valid loss=0.725075125694.

2024-11-26 12:34:12,792   INFO   
Epoch:[134]	 Train loss=0.515370607376.
Epoch:[134]	 Valid loss=0.633252739906.

2024-11-26 12:34:13,680   INFO   
Epoch:[135]	 Train loss=0.533924460411.
Epoch:[135]	 Valid loss=0.696167707443.

2024-11-26 12:34:14,578   INFO   
Epoch:[136]	 Train loss=0.525212883949.
Epoch:[136]	 Valid loss=0.717748820782.

2024-11-26 12:34:15,549   INFO   
Epoch:[137]	 Train loss=0.535903722048.
Epoch:[137]	 Valid loss=0.619483590126.

2024-11-26 12:34:16,453   INFO   
Epoch:[138]	 Train loss=0.503751218319.
Epoch:[138]	 Valid loss=0.752903282642.

2024-11-26 12:34:17,335   INFO   
Epoch:[139]	 Train loss=0.530209332705.
Epoch:[139]	 Valid loss=0.640526473522.

2024-11-26 12:34:18,239   INFO   
Epoch:[140]	 Train loss=0.524456724524.
Epoch:[140]	 Valid loss=0.681629598141.

2024-11-26 12:34:19,117   INFO   
Epoch:[141]	 Train loss=0.505008533597.
Epoch:[141]	 Valid loss=0.644607782364.

2024-11-26 12:34:20,053   INFO   
Epoch:[142]	 Train loss=0.502381846309.
Epoch:[142]	 Valid loss=0.692645072937.

2024-11-26 12:34:20,971   INFO   
Epoch:[143]	 Train loss=0.499016419053.
Epoch:[143]	 Valid loss=0.654490411282.

2024-11-26 12:34:21,888   INFO   
Epoch:[144]	 Train loss=0.512638598680.
Epoch:[144]	 Valid loss=0.659190118313.

2024-11-26 12:34:22,785   INFO   
Epoch:[145]	 Train loss=0.497020512819.
Epoch:[145]	 Valid loss=0.664872765541.

2024-11-26 12:34:23,664   INFO   
Epoch:[146]	 Train loss=0.498049765825.
Epoch:[146]	 Valid loss=0.663139700890.

2024-11-26 12:34:24,548   INFO   
Epoch:[147]	 Train loss=0.491989850998.
Epoch:[147]	 Valid loss=0.662678301334.

2024-11-26 12:34:25,428   INFO   
Epoch:[148]	 Train loss=0.496635019779.
Epoch:[148]	 Valid loss=0.668761909008.

2024-11-26 12:34:26,323   INFO   
Epoch:[149]	 Train loss=0.474693611264.
Epoch:[149]	 Valid loss=0.674188792706.

2024-11-26 12:34:27,211   INFO   
Epoch:[150]	 Train loss=0.486009612679.
Epoch:[150]	 Valid loss=0.664628267288.

2024-11-26 12:34:28,084   INFO   
Epoch:[151]	 Train loss=0.495923548937.
Epoch:[151]	 Valid loss=0.676431298256.

2024-11-26 12:34:28,975   INFO   
Epoch:[152]	 Train loss=0.464040964842.
Epoch:[152]	 Valid loss=0.656056046486.

2024-11-26 12:34:29,852   INFO   
Epoch:[153]	 Train loss=0.484026476741.
Epoch:[153]	 Valid loss=0.699500262737.

2024-11-26 12:34:30,736   INFO   
Epoch:[154]	 Train loss=0.499811410904.
Epoch:[154]	 Valid loss=0.618046104908.

2024-11-26 12:34:31,640   INFO   
Epoch:[155]	 Train loss=0.496841147542.
Epoch:[155]	 Valid loss=0.702517509460.

2024-11-26 12:34:32,560   INFO   
Epoch:[156]	 Train loss=0.485364943743.
Epoch:[156]	 Valid loss=0.641258597374.

2024-11-26 12:34:33,456   INFO   
Epoch:[157]	 Train loss=0.475100934505.
Epoch:[157]	 Valid loss=0.634224712849.

2024-11-26 12:34:34,356   INFO   
Epoch:[158]	 Train loss=0.496651887894.
Epoch:[158]	 Valid loss=0.704194486141.

2024-11-26 12:34:35,258   INFO   
Epoch:[159]	 Train loss=0.463145166636.
Epoch:[159]	 Valid loss=0.619280040264.

2024-11-26 12:34:36,159   INFO   
Epoch:[160]	 Train loss=0.507741123438.
Epoch:[160]	 Valid loss=0.679084360600.

2024-11-26 12:34:37,052   INFO   
Epoch:[161]	 Train loss=0.475550338626.
Epoch:[161]	 Valid loss=0.651059865952.

2024-11-26 12:34:37,948   INFO   
Epoch:[162]	 Train loss=0.491090938449.
Epoch:[162]	 Valid loss=0.646758735180.

2024-11-26 12:34:38,839   INFO   
Epoch:[163]	 Train loss=0.469071656466.
Epoch:[163]	 Valid loss=0.664598882198.

2024-11-26 12:34:39,706   INFO   
Epoch:[164]	 Train loss=0.456857249141.
Epoch:[164]	 Valid loss=0.628503918648.

2024-11-26 12:34:40,575   INFO   
Epoch:[165]	 Train loss=0.480756431818.
Epoch:[165]	 Valid loss=0.736877322197.

2024-11-26 12:34:41,462   INFO   
Epoch:[166]	 Train loss=0.496236845851.
Epoch:[166]	 Valid loss=0.620675027370.

2024-11-26 12:34:42,362   INFO   
Epoch:[167]	 Train loss=0.484273046255.
Epoch:[167]	 Valid loss=0.661093652248.

2024-11-26 12:34:43,264   INFO   
Epoch:[168]	 Train loss=0.462169736624.
Epoch:[168]	 Valid loss=0.642907738686.

2024-11-26 12:34:44,147   INFO   
Epoch:[169]	 Train loss=0.465274274349.
Epoch:[169]	 Valid loss=0.645151913166.

2024-11-26 12:34:45,024   INFO   
Epoch:[170]	 Train loss=0.461088821292.
Epoch:[170]	 Valid loss=0.656801760197.

2024-11-26 12:34:45,927   INFO   
Epoch:[171]	 Train loss=0.461200594902.
Epoch:[171]	 Valid loss=0.623991012573.

2024-11-26 12:34:46,819   INFO   
Epoch:[172]	 Train loss=0.466540709138.
Epoch:[172]	 Valid loss=0.657435059547.

2024-11-26 12:34:47,714   INFO   
Epoch:[173]	 Train loss=0.462006658316.
Epoch:[173]	 Valid loss=0.639439880848.

2024-11-26 12:34:48,601   INFO   
Epoch:[174]	 Train loss=0.465833231807.
Epoch:[174]	 Valid loss=0.628390491009.

2024-11-26 12:34:49,475   INFO   
Epoch:[175]	 Train loss=0.457961350679.
Epoch:[175]	 Valid loss=0.667796134949.

2024-11-26 12:34:50,377   INFO   
Epoch:[176]	 Train loss=0.456829279661.
Epoch:[176]	 Valid loss=0.617004752159.

2024-11-26 12:34:51,272   INFO   
Epoch:[177]	 Train loss=0.456048533320.
Epoch:[177]	 Valid loss=0.659057736397.

2024-11-26 12:34:52,250   INFO   
Epoch:[178]	 Train loss=0.455766648054.
Epoch:[178]	 Valid loss=0.645053505898.

2024-11-26 12:34:53,157   INFO   
Epoch:[179]	 Train loss=0.442541703582.
Epoch:[179]	 Valid loss=0.617219805717.

2024-11-26 12:34:54,055   INFO   
Epoch:[180]	 Train loss=0.456865504384.
Epoch:[180]	 Valid loss=0.681209743023.

2024-11-26 12:34:54,939   INFO   
Epoch:[181]	 Train loss=0.437777861953.
Epoch:[181]	 Valid loss=0.622600793839.

2024-11-26 12:34:55,835   INFO   
Epoch:[182]	 Train loss=0.436071351171.
Epoch:[182]	 Valid loss=0.615294277668.

2024-11-26 12:34:56,724   INFO   
Epoch:[183]	 Train loss=0.448594331741.
Epoch:[183]	 Valid loss=0.685688138008.

2024-11-26 12:34:57,670   INFO   
Epoch:[184]	 Train loss=0.439126014709.
Epoch:[184]	 Valid loss=0.619608759880.

2024-11-26 12:34:58,713   INFO   
Epoch:[185]	 Train loss=0.475286394358.
Epoch:[185]	 Valid loss=0.637502014637.

2024-11-26 12:34:59,726   INFO   
Epoch:[186]	 Train loss=0.444127023220.
Epoch:[186]	 Valid loss=0.705663561821.

2024-11-26 12:35:00,676   INFO   
Epoch:[187]	 Train loss=0.444898605347.
Epoch:[187]	 Valid loss=0.612908363342.

2024-11-26 12:35:01,580   INFO   
Epoch:[188]	 Train loss=0.452293455601.
Epoch:[188]	 Valid loss=0.695054113865.

2024-11-26 12:35:02,559   INFO   
Epoch:[189]	 Train loss=0.446825414896.
Epoch:[189]	 Valid loss=0.644478499889.

2024-11-26 12:35:03,451   INFO   
Epoch:[190]	 Train loss=0.445639371872.
Epoch:[190]	 Valid loss=0.621601760387.

2024-11-26 12:35:04,459   INFO   
Epoch:[191]	 Train loss=0.429271399975.
Epoch:[191]	 Valid loss=0.655785322189.

2024-11-26 12:35:05,359   INFO   
Epoch:[192]	 Train loss=0.426304563880.
Epoch:[192]	 Valid loss=0.624917268753.

2024-11-26 12:35:06,251   INFO   
Epoch:[193]	 Train loss=0.418325096369.
Epoch:[193]	 Valid loss=0.646702468395.

2024-11-26 12:35:07,148   INFO   
Epoch:[194]	 Train loss=0.420377403498.
Epoch:[194]	 Valid loss=0.652128815651.

2024-11-26 12:35:08,052   INFO   
Epoch:[195]	 Train loss=0.427561625838.
Epoch:[195]	 Valid loss=0.609791815281.

2024-11-26 12:35:08,949   INFO   
Epoch:[196]	 Train loss=0.465603321791.
Epoch:[196]	 Valid loss=0.694414377213.

2024-11-26 12:35:09,897   INFO   
Epoch:[197]	 Train loss=0.439281001687.
Epoch:[197]	 Valid loss=0.622445464134.

2024-11-26 12:35:10,808   INFO   
Epoch:[198]	 Train loss=0.435195326805.
Epoch:[198]	 Valid loss=0.642155945301.

2024-11-26 12:35:11,695   INFO   
Epoch:[199]	 Train loss=0.434391602874.
Epoch:[199]	 Valid loss=0.638539075851.

2024-11-26 12:35:12,608   INFO   
Epoch:[200]	 Train loss=0.400254786015.
Epoch:[200]	 Valid loss=0.619267880917.

2024-11-26 12:35:13,709   INFO   
Epoch:[201]	 Train loss=0.428170174360.
Epoch:[201]	 Valid loss=0.656672894955.

2024-11-26 12:35:14,842   INFO   
Epoch:[202]	 Train loss=0.414487257600.
Epoch:[202]	 Valid loss=0.621767342091.

2024-11-26 12:35:16,292   INFO   
Epoch:[203]	 Train loss=0.410266384482.
Epoch:[203]	 Valid loss=0.636386036873.

2024-11-26 12:35:17,348   INFO   
Epoch:[204]	 Train loss=0.407832235098.
Epoch:[204]	 Valid loss=0.651244044304.

2024-11-26 12:35:18,515   INFO   
Epoch:[205]	 Train loss=0.415252417326.
Epoch:[205]	 Valid loss=0.601504623890.

2024-11-26 12:35:19,538   INFO   
Epoch:[206]	 Train loss=0.407042175531.
Epoch:[206]	 Valid loss=0.671499907970.

2024-11-26 12:35:20,594   INFO   
Epoch:[207]	 Train loss=0.402643725276.
Epoch:[207]	 Valid loss=0.625057578087.

2024-11-26 12:35:21,652   INFO   
Epoch:[208]	 Train loss=0.431380182505.
Epoch:[208]	 Valid loss=0.627781569958.

2024-11-26 12:35:22,686   INFO   
Epoch:[209]	 Train loss=0.416256174445.
Epoch:[209]	 Valid loss=0.648574709892.

2024-11-26 12:35:23,652   INFO   
Epoch:[210]	 Train loss=0.406922444701.
Epoch:[210]	 Valid loss=0.641509890556.

2024-11-26 12:35:24,590   INFO   
Epoch:[211]	 Train loss=0.399635061622.
Epoch:[211]	 Valid loss=0.634960949421.

2024-11-26 12:35:25,605   INFO   
Epoch:[212]	 Train loss=0.408551856875.
Epoch:[212]	 Valid loss=0.652581095695.

2024-11-26 12:35:26,559   INFO   
Epoch:[213]	 Train loss=0.389202073216.
Epoch:[213]	 Valid loss=0.649472534657.

2024-11-26 12:35:27,677   INFO   
Epoch:[214]	 Train loss=0.403852224350.
Epoch:[214]	 Valid loss=0.626883149147.

2024-11-26 12:35:28,620   INFO   
Epoch:[215]	 Train loss=0.414787039161.
Epoch:[215]	 Valid loss=0.654566049576.

2024-11-26 12:35:29,551   INFO   
Epoch:[216]	 Train loss=0.398671641946.
Epoch:[216]	 Valid loss=0.712377727032.

2024-11-26 12:35:30,481   INFO   
Epoch:[217]	 Train loss=0.403334483504.
Epoch:[217]	 Valid loss=0.614473402500.

2024-11-26 12:35:31,393   INFO   
Epoch:[218]	 Train loss=0.385054588318.
Epoch:[218]	 Valid loss=0.655279397964.

2024-11-26 12:35:32,321   INFO   
Epoch:[219]	 Train loss=0.381032690406.
Epoch:[219]	 Valid loss=0.637604117393.

2024-11-26 12:35:33,238   INFO   
Epoch:[220]	 Train loss=0.393533140421.
Epoch:[220]	 Valid loss=0.621068537235.

2024-11-26 12:35:34,157   INFO   
Epoch:[221]	 Train loss=0.425291523337.
Epoch:[221]	 Valid loss=0.695282340050.

2024-11-26 12:35:35,070   INFO   
Epoch:[222]	 Train loss=0.400572717190.
Epoch:[222]	 Valid loss=0.621955335140.

2024-11-26 12:35:35,994   INFO   
Epoch:[223]	 Train loss=0.390519991517.
Epoch:[223]	 Valid loss=0.645493805408.

2024-11-26 12:35:36,910   INFO   
Epoch:[224]	 Train loss=0.378139302135.
Epoch:[224]	 Valid loss=0.658660173416.

2024-11-26 12:35:37,807   INFO   
Epoch:[225]	 Train loss=0.386302545667.
Epoch:[225]	 Valid loss=0.620820045471.

2024-11-26 12:35:38,751   INFO   
Epoch:[226]	 Train loss=0.390023797750.
Epoch:[226]	 Valid loss=0.698831379414.

2024-11-26 12:35:39,662   INFO   
Epoch:[227]	 Train loss=0.383987084031.
Epoch:[227]	 Valid loss=0.634075403214.

2024-11-26 12:35:40,571   INFO   
Epoch:[228]	 Train loss=0.389495074749.
Epoch:[228]	 Valid loss=0.654386639595.

2024-11-26 12:35:41,483   INFO   
Epoch:[229]	 Train loss=0.405690953135.
Epoch:[229]	 Valid loss=0.633010923862.

2024-11-26 12:35:42,401   INFO   
Epoch:[230]	 Train loss=0.372780352831.
Epoch:[230]	 Valid loss=0.641525626183.

2024-11-26 12:35:43,336   INFO   
Epoch:[231]	 Train loss=0.385887548327.
Epoch:[231]	 Valid loss=0.648109018803.

2024-11-26 12:35:44,254   INFO   
Epoch:[232]	 Train loss=0.380842834711.
Epoch:[232]	 Valid loss=0.620747923851.

2024-11-26 12:35:45,162   INFO   
Epoch:[233]	 Train loss=0.371656775475.
Epoch:[233]	 Valid loss=0.682161271572.

2024-11-26 12:35:46,104   INFO   
Epoch:[234]	 Train loss=0.378498882055.
Epoch:[234]	 Valid loss=0.604246497154.

2024-11-26 12:35:47,008   INFO   
Epoch:[235]	 Train loss=0.369841769338.
Epoch:[235]	 Valid loss=0.631519258022.

2024-11-26 12:35:47,918   INFO   
Epoch:[236]	 Train loss=0.353906884789.
Epoch:[236]	 Valid loss=0.669596612453.

2024-11-26 12:35:48,839   INFO   
Epoch:[237]	 Train loss=0.384631201625.
Epoch:[237]	 Valid loss=0.646309435368.

2024-11-26 12:35:49,758   INFO   
Epoch:[238]	 Train loss=0.372147142887.
Epoch:[238]	 Valid loss=0.635858178139.

2024-11-26 12:35:50,681   INFO   
Epoch:[239]	 Train loss=0.376541346312.
Epoch:[239]	 Valid loss=0.672346770763.

2024-11-26 12:35:51,596   INFO   
Epoch:[240]	 Train loss=0.363258406520.
Epoch:[240]	 Valid loss=0.625015020370.

2024-11-26 12:35:52,570   INFO   
Epoch:[241]	 Train loss=0.363983616233.
Epoch:[241]	 Valid loss=0.665844917297.

2024-11-26 12:35:53,463   INFO   
Epoch:[242]	 Train loss=0.345677852631.
Epoch:[242]	 Valid loss=0.643170297146.

2024-11-26 12:35:54,351   INFO   
Epoch:[243]	 Train loss=0.406623452902.
Epoch:[243]	 Valid loss=0.616336107254.

2024-11-26 12:35:55,289   INFO   
Epoch:[244]	 Train loss=0.390762433410.
Epoch:[244]	 Valid loss=0.741614639759.

2024-11-26 12:35:56,186   INFO   
Epoch:[245]	 Train loss=0.378910541534.
Epoch:[245]	 Valid loss=0.615097582340.

2024-11-26 12:35:57,196   INFO   
Epoch:[246]	 Train loss=0.408611595631.
Epoch:[246]	 Valid loss=0.683628857136.

2024-11-26 12:35:58,112   INFO   
Epoch:[247]	 Train loss=0.416936621070.
Epoch:[247]	 Valid loss=0.713769316673.

2024-11-26 12:35:59,008   INFO   
Epoch:[248]	 Train loss=0.392046630383.
Epoch:[248]	 Valid loss=0.619876503944.

2024-11-26 12:35:59,905   INFO   
Epoch:[249]	 Train loss=0.394116014242.
Epoch:[249]	 Valid loss=0.730981171131.

2024-11-26 12:36:00,809   INFO   
Epoch:[250]	 Train loss=0.392859816551.
Epoch:[250]	 Valid loss=0.622359871864.

2024-11-26 12:36:01,703   INFO   
Epoch:[251]	 Train loss=0.375146448612.
Epoch:[251]	 Valid loss=0.681616485119.

2024-11-26 12:36:02,625   INFO   
Epoch:[252]	 Train loss=0.391583830118.
Epoch:[252]	 Valid loss=0.637923061848.

2024-11-26 12:36:03,521   INFO   
Epoch:[253]	 Train loss=0.365118071437.
Epoch:[253]	 Valid loss=0.719218909740.

2024-11-26 12:36:04,404   INFO   
Epoch:[254]	 Train loss=0.377382919192.
Epoch:[254]	 Valid loss=0.633914649487.

2024-11-26 12:36:04,404   INFO   Early stopping at epoch 254
